<?xml version="1.0" encoding="UTF-8"?>
<robot generator="Robot 7.2.2 (Python 3.12.3 on linux)" generated="2025-04-21T21:12:31.102903" rpa="false" schemaversion="5">
<suite id="s1" name="Cenarios Diretoria" source="/home/beatriz-franco/Downloads/Cenario_Diretoria/Cenarios_Diretoria.robot">
<test id="s1-t1" name="Cenário 01: Criar diretoria" line="7">
<kw name="Criar um novo usuário método Generate Random String" owner="kwsCenario00_MassaDados">
<kw name="Generate Random String" owner="String">
<msg time="2025-04-21T21:12:31.236950" level="INFO">${palavra_aleatoria} = BO</msg>
<var>${palavra_aleatoria}</var>
<arg>length=2</arg>
<arg>chars=[LETTERS]</arg>
<doc>Generates a string with a desired ``length`` from the given ``chars``.</doc>
<status status="PASS" start="2025-04-21T21:12:31.236636" elapsed="0.000361"/>
</kw>
<kw name="Convert To Upper Case" owner="String">
<msg time="2025-04-21T21:12:31.237339" level="INFO">${palavra_aleatoria} = BO</msg>
<var>${palavra_aleatoria}</var>
<arg>${palavra_aleatoria}</arg>
<doc>Converts string to upper case.</doc>
<status status="PASS" start="2025-04-21T21:12:31.237163" elapsed="0.000203"/>
</kw>
<kw name="Set Test Variable" owner="BuiltIn">
<msg time="2025-04-21T21:12:31.238134" level="INFO">${EMAIL_TESTE} = BO</msg>
<arg>${EMAIL_TESTE}</arg>
<arg>${palavra_aleatoria}</arg>
<doc>Makes a variable available everywhere within the scope of the current test.</doc>
<status status="PASS" start="2025-04-21T21:12:31.237498" elapsed="0.000697"/>
</kw>
<kw name="Set Global Variable" owner="BuiltIn">
<msg time="2025-04-21T21:12:31.238514" level="INFO">${palavra_aleatoria} = BO</msg>
<arg>${palavra_aleatoria}</arg>
<doc>Makes a variable available globally in all tests and suites.</doc>
<status status="PASS" start="2025-04-21T21:12:31.238334" elapsed="0.000248"/>
</kw>
<status status="PASS" start="2025-04-21T21:12:31.235928" elapsed="0.002721"/>
</kw>
<kw name="Criar diretoria" owner="kwsCenario01_PostDiretoria">
<kw name="Create Dictionary" owner="BuiltIn">
<msg time="2025-04-21T21:12:31.239560" level="INFO">${BODY} = {'boardName': 'DIRETORIA DE APOIO BO'}</msg>
<var>${BODY}</var>
<arg>boardName=DIRETORIA DE APOIO ${palavra_aleatoria}</arg>
<doc>Creates and returns a dictionary based on the given ``items``.</doc>
<status status="PASS" start="2025-04-21T21:12:31.239197" elapsed="0.000395"/>
</kw>
<kw name="Criar Sessao" owner="kwsCenario01_PostDiretoria">
<kw name="Create Dictionary" owner="BuiltIn">
<msg time="2025-04-21T21:12:31.240324" level="INFO">${headers} = {'accept': 'application/json', 'Content-Type': 'application/json'}</msg>
<var>${headers}</var>
<arg>accept=application/json</arg>
<arg>Content-Type=application/json</arg>
<doc>Creates and returns a dictionary based on the given ``items``.</doc>
<status status="PASS" start="2025-04-21T21:12:31.240138" elapsed="0.000212"/>
</kw>
<kw name="Create Session" owner="RequestsLibrary">
<msg time="2025-04-21T21:12:31.240789" level="INFO">Creating Session using : alias=token, url=https://qualitys-hunters.qacoders.dev.br/api, headers={'accept': 'application/json', 'Content-Type': 'application/json'},                     cookies={}, auth=None, timeout=None, proxies=None, verify=True,                     debug=0 </msg>
<arg>alias=token</arg>
<arg>url=${BASE_URL}</arg>
<arg>headers=${headers}</arg>
<arg>verify=true</arg>
<doc>Create Session: create a HTTP session to a server</doc>
<status status="PASS" start="2025-04-21T21:12:31.240462" elapsed="0.000587"/>
</kw>
<status status="PASS" start="2025-04-21T21:12:31.239745" elapsed="0.001390"/>
</kw>
<kw name="Pegar token" owner="kwsCenario01_PostDiretoria">
<kw name="Create Dictionary" owner="BuiltIn">
<msg time="2025-04-21T21:12:31.241854" level="INFO">${BODY} = {'mail': 'sysadmin@qacoders.com', 'password': '1234@Test'}</msg>
<var>${BODY}</var>
<arg>mail=sysadmin@qacoders.com</arg>
<arg>password=1234@Test</arg>
<doc>Creates and returns a dictionary based on the given ``items``.</doc>
<status status="PASS" start="2025-04-21T21:12:31.241670" elapsed="0.000236"/>
</kw>
<kw name="Criar Sessao" owner="kwsCenario01_PostDiretoria">
<kw name="Create Dictionary" owner="BuiltIn">
<msg time="2025-04-21T21:12:31.242870" level="INFO">${headers} = {'accept': 'application/json', 'Content-Type': 'application/json'}</msg>
<var>${headers}</var>
<arg>accept=application/json</arg>
<arg>Content-Type=application/json</arg>
<doc>Creates and returns a dictionary based on the given ``items``.</doc>
<status status="PASS" start="2025-04-21T21:12:31.242581" elapsed="0.000334"/>
</kw>
<kw name="Create Session" owner="RequestsLibrary">
<msg time="2025-04-21T21:12:31.243427" level="INFO">Creating Session using : alias=token, url=https://qualitys-hunters.qacoders.dev.br/api, headers={'accept': 'application/json', 'Content-Type': 'application/json'},                     cookies={}, auth=None, timeout=None, proxies=None, verify=True,                     debug=0 </msg>
<arg>alias=token</arg>
<arg>url=${BASE_URL}</arg>
<arg>headers=${headers}</arg>
<arg>verify=true</arg>
<doc>Create Session: create a HTTP session to a server</doc>
<status status="PASS" start="2025-04-21T21:12:31.243126" elapsed="0.000488"/>
</kw>
<status status="PASS" start="2025-04-21T21:12:31.242143" elapsed="0.001547"/>
</kw>
<kw name="POST On Session" owner="RequestsLibrary">
<msg time="2025-04-21T21:12:31.858275" level="INFO">POST Request : url=https://qualitys-hunters.qacoders.dev.br/api/login 
 path_url=/api/login 
 headers={'User-Agent': 'python-requests/2.32.3', 'Accept-Encoding': 'gzip, deflate', 'accept': 'application/json', 'Connection': 'keep-alive', 'Content-Type': 'application/json', 'Content-Length': '58'} 
 body=b'{"mail": "sysadmin@qacoders.com", "password": "1234@Test"}' 
 </msg>
<msg time="2025-04-21T21:12:31.858542" level="INFO">POST Response : url=https://qualitys-hunters.qacoders.dev.br/api/login 
 status=200, reason=OK 
 headers={'Server': 'nginx/1.18.0 (Ubuntu)', 'Date': 'Tue, 22 Apr 2025 00:12:30 GMT', 'Content-Type': 'application/json; charset=utf-8', 'Transfer-Encoding': 'chunked', 'Connection': 'keep-alive', 'X-Powered-By': 'Express', 'Access-Control-Allow-Origin': '*', 'ETag': 'W/"536-RQVKyIyKI9SNLvXXaQaOZRd2W9Q"', 'Content-Encoding': 'gzip'} 
 body={"msg":"Olá Qa-Coders-SYSADMIN, autenticação autorizada com sucesso!","user":{"_id":"6748f6b142781ec0ce45f5e8","fullName":"Qa-Coders-SYSADMIN","mail":"sysadmin@qacoders.com","password":"$2b$10$5XujP6/9Y/DBgpWDDd4HC.mIubIbTQF.CmboFwoeSq6P.w9i.hl16","accessProfile":"SYSADMIN","cpf":"11111111111","status":true,"audit":[{"registeredBy":{"userId":"111111111111111111","userLogin":"sysadmin@qacoders.com"},"registrationDate":"quinta-feira, 28/11/2024, 20:03:13 BRT","registrationNumber":"01","companyId":"Qa.Coders","_id":"6748f6b142781ec0ce45f5e9"}],"__v":0},"token":"eyJhbGciOiJIUzI1NiIsInR5cCI6IkpXVCJ9.eyJfaWQiOiI2NzQ4ZjZiMTQyNzgxZWMwY2U0NWY1ZTgiLCJmdWxsTmFtZSI6IlFhLUNvZGVycy1TWVNBRE1JTiIsIm1haWwiOiJzeXNhZG1pbkBxYWNvZGVycy5jb20iLCJwYXNzd29yZCI6IiQyYiQxMCQ1WHVqUDYvOVkvREJncFdERGQ0SEMubUl1YkliVFFGLkNtYm9Gd29lU3E2UC53OWkuaGwxNiIsImFjY2Vzc1Byb2ZpbGUiOiJTWVNBRE1JTiIsImNwZiI6IjExMTExMTExMTExIiwic3RhdHVzIjp0cnVlLCJhdWRpdCI6W3sicmVnaXN0ZXJlZEJ5Ijp7InVzZXJJZCI6IjExMTExMTExMTExMTExMTExMSIsInVzZXJMb2dpbiI6InN5c2FkbWluQHFhY29kZXJzLmNvbSJ9LCJyZWdpc3RyYXRpb25EYXRlIjoicXVpbnRhLWZlaXJhLCAyOC8xMS8yMDI0LCAyMDowMzoxMyBCUlQiLCJyZWdpc3RyYXRpb25OdW1iZXIiOiIwMSIsImNvbXBhbnlJZCI6IlFhLkNvZGVycyIsIl9pZCI6IjY3NDhmNmIxNDI3ODFlYzBjZTQ1ZjVlOSJ9XSwiX192IjowLCJpYXQiOjE3NDUyODA3NTAsImV4cCI6MTc0NTM2NzE1MH0.VPY5W5slOqg9AVgNMkFuhYmbGagtJOeyv5ZYO2E2OKk"} 
 </msg>
<msg time="2025-04-21T21:12:31.858824" level="INFO">${RESPOSTA} = &lt;Response [200]&gt;</msg>
<var>${RESPOSTA}</var>
<arg>alias=token</arg>
<arg>url=/login</arg>
<arg>json=${BODY}</arg>
<doc>Sends a POST request on a previously created HTTP Session.</doc>
<status status="PASS" start="2025-04-21T21:12:31.243823" elapsed="0.615072"/>
</kw>
<kw name="Log" owner="BuiltIn">
<msg time="2025-04-21T21:12:31.859662" level="INFO">&lt;Response [200]&gt;</msg>
<arg>${RESPOSTA}</arg>
<doc>Logs the given message with the given level.</doc>
<status status="PASS" start="2025-04-21T21:12:31.859311" elapsed="0.000476"/>
</kw>
<return>
<value>${RESPOSTA.json()["token"]}</value>
<status status="PASS" start="2025-04-21T21:12:31.860023" elapsed="0.000121"/>
</return>
<msg time="2025-04-21T21:12:31.861281" level="INFO">${banana} = eyJhbGciOiJIUzI1NiIsInR5cCI6IkpXVCJ9.eyJfaWQiOiI2NzQ4ZjZiMTQyNzgxZWMwY2U0NWY1ZTgiLCJmdWxsTmFtZSI6IlFhLUNvZGVycy1TWVNBRE1JTiIsIm1haWwiOiJzeXNhZG1pbkBxYWNvZGVycy5jb20iLCJwYXNzd29yZCI6IiQyYiQxMCQ1WHVqUDY...</msg>
<var>${banana}</var>
<status status="PASS" start="2025-04-21T21:12:31.241377" elapsed="0.619975"/>
</kw>
<kw name="POST On Session" owner="RequestsLibrary">
<msg time="2025-04-21T21:12:31.906031" level="INFO">POST Request : url=https://qualitys-hunters.qacoders.dev.br/api/board/?token=eyJhbGciOiJIUzI1NiIsInR5cCI6IkpXVCJ9.eyJfaWQiOiI2NzQ4ZjZiMTQyNzgxZWMwY2U0NWY1ZTgiLCJmdWxsTmFtZSI6IlFhLUNvZGVycy1TWVNBRE1JTiIsIm1haWwiOiJzeXNhZG1pbkBxYWNvZGVycy5jb20iLCJwYXNzd29yZCI6IiQyYiQxMCQ1WHVqUDYvOVkvREJncFdERGQ0SEMubUl1YkliVFFGLkNtYm9Gd29lU3E2UC53OWkuaGwxNiIsImFjY2Vzc1Byb2ZpbGUiOiJTWVNBRE1JTiIsImNwZiI6IjExMTExMTExMTExIiwic3RhdHVzIjp0cnVlLCJhdWRpdCI6W3sicmVnaXN0ZXJlZEJ5Ijp7InVzZXJJZCI6IjExMTExMTExMTExMTExMTExMSIsInVzZXJMb2dpbiI6InN5c2FkbWluQHFhY29kZXJzLmNvbSJ9LCJyZWdpc3RyYXRpb25EYXRlIjoicXVpbnRhLWZlaXJhLCAyOC8xMS8yMDI0LCAyMDowMzoxMyBCUlQiLCJyZWdpc3RyYXRpb25OdW1iZXIiOiIwMSIsImNvbXBhbnlJZCI6IlFhLkNvZGVycyIsIl9pZCI6IjY3NDhmNmIxNDI3ODFlYzBjZTQ1ZjVlOSJ9XSwiX192IjowLCJpYXQiOjE3NDUyODA3NTAsImV4cCI6MTc0NTM2NzE1MH0.VPY5W5slOqg9AVgNMkFuhYmbGagtJOeyv5ZYO2E2OKk 
 path_url=/api/board/?token=eyJhbGciOiJIUzI1NiIsInR5cCI6IkpXVCJ9.eyJfaWQiOiI2NzQ4ZjZiMTQyNzgxZWMwY2U0NWY1ZTgiLCJmdWxsTmFtZSI6IlFhLUNvZGVycy1TWVNBRE1JTiIsIm1haWwiOiJzeXNhZG1pbkBxYWNvZGVycy5jb20iLCJwYXNzd29yZCI6IiQyYiQxMCQ1WHVqUDYvOVkvREJncFdERGQ0SEMubUl1YkliVFFGLkNtYm9Gd29lU3E2UC53OWkuaGwxNiIsImFjY2Vzc1Byb2ZpbGUiOiJTWVNBRE1JTiIsImNwZiI6IjExMTExMTExMTExIiwic3RhdHVzIjp0cnVlLCJhdWRpdCI6W3sicmVnaXN0ZXJlZEJ5Ijp7InVzZXJJZCI6IjExMTExMTExMTExMTExMTExMSIsInVzZXJMb2dpbiI6InN5c2FkbWluQHFhY29kZXJzLmNvbSJ9LCJyZWdpc3RyYXRpb25EYXRlIjoicXVpbnRhLWZlaXJhLCAyOC8xMS8yMDI0LCAyMDowMzoxMyBCUlQiLCJyZWdpc3RyYXRpb25OdW1iZXIiOiIwMSIsImNvbXBhbnlJZCI6IlFhLkNvZGVycyIsIl9pZCI6IjY3NDhmNmIxNDI3ODFlYzBjZTQ1ZjVlOSJ9XSwiX192IjowLCJpYXQiOjE3NDUyODA3NTAsImV4cCI6MTc0NTM2NzE1MH0.VPY5W5slOqg9AVgNMkFuhYmbGagtJOeyv5ZYO2E2OKk 
 headers={'User-Agent': 'python-requests/2.32.3', 'Accept-Encoding': 'gzip, deflate', 'accept': 'application/json', 'Connection': 'keep-alive', 'Content-Type': 'application/json', 'Content-Length': '38'} 
 body=b'{"boardName": "DIRETORIA DE APOIO BO"}' 
 </msg>
<msg time="2025-04-21T21:12:31.906264" level="INFO">POST Response : url=https://qualitys-hunters.qacoders.dev.br/api/board/?token=eyJhbGciOiJIUzI1NiIsInR5cCI6IkpXVCJ9.eyJfaWQiOiI2NzQ4ZjZiMTQyNzgxZWMwY2U0NWY1ZTgiLCJmdWxsTmFtZSI6IlFhLUNvZGVycy1TWVNBRE1JTiIsIm1haWwiOiJzeXNhZG1pbkBxYWNvZGVycy5jb20iLCJwYXNzd29yZCI6IiQyYiQxMCQ1WHVqUDYvOVkvREJncFdERGQ0SEMubUl1YkliVFFGLkNtYm9Gd29lU3E2UC53OWkuaGwxNiIsImFjY2Vzc1Byb2ZpbGUiOiJTWVNBRE1JTiIsImNwZiI6IjExMTExMTExMTExIiwic3RhdHVzIjp0cnVlLCJhdWRpdCI6W3sicmVnaXN0ZXJlZEJ5Ijp7InVzZXJJZCI6IjExMTExMTExMTExMTExMTExMSIsInVzZXJMb2dpbiI6InN5c2FkbWluQHFhY29kZXJzLmNvbSJ9LCJyZWdpc3RyYXRpb25EYXRlIjoicXVpbnRhLWZlaXJhLCAyOC8xMS8yMDI0LCAyMDowMzoxMyBCUlQiLCJyZWdpc3RyYXRpb25OdW1iZXIiOiIwMSIsImNvbXBhbnlJZCI6IlFhLkNvZGVycyIsIl9pZCI6IjY3NDhmNmIxNDI3ODFlYzBjZTQ1ZjVlOSJ9XSwiX192IjowLCJpYXQiOjE3NDUyODA3NTAsImV4cCI6MTc0NTM2NzE1MH0.VPY5W5slOqg9AVgNMkFuhYmbGagtJOeyv5ZYO2E2OKk 
 status=201, reason=Created 
 headers={'Server': 'nginx/1.18.0 (Ubuntu)', 'Date': 'Tue, 22 Apr 2025 00:12:30 GMT', 'Content-Type': 'application/json; charset=utf-8', 'Content-Length': '358', 'Connection': 'keep-alive', 'X-Powered-By': 'Express', 'Access-Control-Allow-Origin': '*', 'ETag': 'W/"166-ije6kwTtmtLcbQo0ineE6G+MZYA"'} 
 body={"msg":"Cadastro realizado com sucesso!","newBoard":{"boardName":"DIRETORIA DE APOIO BO","boardCode":"298","status":true,"audit":[{"registrationDate":"segunda-feira, 21/04/2025, 21:12:30 BRT","registeredBy":{"userId":"6748f6b142781ec0ce45f5e8","userLogin":"sysadmin@qacoders.com"},"_id":"6806deee37601927a7d93755"}],"_id":"6806deee37601927a7d93754","__v":0}} 
 </msg>
<msg time="2025-04-21T21:12:31.906583" level="INFO">${CRIAR_DIRETORIA_RESP} = &lt;Response [201]&gt;</msg>
<var>${CRIAR_DIRETORIA_RESP}</var>
<arg>alias=token</arg>
<arg>url=/board/?token=${banana}</arg>
<arg>json=${body}</arg>
<arg>expected_status=any</arg>
<doc>Sends a POST request on a previously created HTTP Session.</doc>
<status status="PASS" start="2025-04-21T21:12:31.861740" elapsed="0.044916"/>
</kw>
<kw name="Log" owner="BuiltIn">
<msg time="2025-04-21T21:12:31.908212" level="INFO">{'msg': 'Cadastro realizado com sucesso!', 'newBoard': {'boardName': 'DIRETORIA DE APOIO BO', 'boardCode': '298', 'status': True, 'audit': [{'registrationDate': 'segunda-feira, 21/04/2025, 21:12:30 BRT', 'registeredBy': {'userId': '6748f6b142781ec0ce45f5e8', 'userLogin': 'sysadmin@qacoders.com'}, '_id': '6806deee37601927a7d93755'}], '_id': '6806deee37601927a7d93754', '__v': 0}}</msg>
<arg>${CRIAR_DIRETORIA_RESP.json()}</arg>
<doc>Logs the given message with the given level.</doc>
<status status="PASS" start="2025-04-21T21:12:31.907078" elapsed="0.001275"/>
</kw>
<status status="PASS" start="2025-04-21T21:12:31.238902" elapsed="0.669612"/>
</kw>
<status status="PASS" start="2025-04-21T21:12:31.235083" elapsed="0.673778"/>
</test>
<test id="s1-t2" name="Cenário 02: Campo diretoria é obigatório" line="11">
<kw name="Campo diretoria é obrigatório" owner="kwsCenario02_DiretoriaObrigatoria">
<kw name="Create Dictionary" owner="BuiltIn">
<msg time="2025-04-21T21:12:31.911862" level="INFO">${BODY} = {'boardName': ''}</msg>
<var>${BODY}</var>
<arg>boardName=</arg>
<doc>Creates and returns a dictionary based on the given ``items``.</doc>
<status status="PASS" start="2025-04-21T21:12:31.911444" elapsed="0.000490"/>
</kw>
<kw name="Criar Sessao" owner="kwsCenario01_PostDiretoria">
<kw name="Create Dictionary" owner="BuiltIn">
<msg time="2025-04-21T21:12:31.913251" level="INFO">${headers} = {'accept': 'application/json', 'Content-Type': 'application/json'}</msg>
<var>${headers}</var>
<arg>accept=application/json</arg>
<arg>Content-Type=application/json</arg>
<doc>Creates and returns a dictionary based on the given ``items``.</doc>
<status status="PASS" start="2025-04-21T21:12:31.912829" elapsed="0.000490"/>
</kw>
<kw name="Create Session" owner="RequestsLibrary">
<msg time="2025-04-21T21:12:31.914192" level="INFO">Creating Session using : alias=token, url=https://qualitys-hunters.qacoders.dev.br/api, headers={'accept': 'application/json', 'Content-Type': 'application/json'},                     cookies={}, auth=None, timeout=None, proxies=None, verify=True,                     debug=0 </msg>
<arg>alias=token</arg>
<arg>url=${BASE_URL}</arg>
<arg>headers=${headers}</arg>
<arg>verify=true</arg>
<doc>Create Session: create a HTTP session to a server</doc>
<status status="PASS" start="2025-04-21T21:12:31.913605" elapsed="0.000958"/>
</kw>
<status status="PASS" start="2025-04-21T21:12:31.912312" elapsed="0.002439"/>
</kw>
<kw name="Pegar token" owner="kwsCenario01_PostDiretoria">
<kw name="Create Dictionary" owner="BuiltIn">
<msg time="2025-04-21T21:12:31.916179" level="INFO">${BODY} = {'mail': 'sysadmin@qacoders.com', 'password': '1234@Test'}</msg>
<var>${BODY}</var>
<arg>mail=sysadmin@qacoders.com</arg>
<arg>password=1234@Test</arg>
<doc>Creates and returns a dictionary based on the given ``items``.</doc>
<status status="PASS" start="2025-04-21T21:12:31.915756" elapsed="0.000488"/>
</kw>
<kw name="Criar Sessao" owner="kwsCenario01_PostDiretoria">
<kw name="Create Dictionary" owner="BuiltIn">
<msg time="2025-04-21T21:12:31.917565" level="INFO">${headers} = {'accept': 'application/json', 'Content-Type': 'application/json'}</msg>
<var>${headers}</var>
<arg>accept=application/json</arg>
<arg>Content-Type=application/json</arg>
<doc>Creates and returns a dictionary based on the given ``items``.</doc>
<status status="PASS" start="2025-04-21T21:12:31.917115" elapsed="0.000510"/>
</kw>
<kw name="Create Session" owner="RequestsLibrary">
<msg time="2025-04-21T21:12:31.918494" level="INFO">Creating Session using : alias=token, url=https://qualitys-hunters.qacoders.dev.br/api, headers={'accept': 'application/json', 'Content-Type': 'application/json'},                     cookies={}, auth=None, timeout=None, proxies=None, verify=True,                     debug=0 </msg>
<arg>alias=token</arg>
<arg>url=${BASE_URL}</arg>
<arg>headers=${headers}</arg>
<arg>verify=true</arg>
<doc>Create Session: create a HTTP session to a server</doc>
<status status="PASS" start="2025-04-21T21:12:31.917909" elapsed="0.001046"/>
</kw>
<status status="PASS" start="2025-04-21T21:12:31.916597" elapsed="0.002521"/>
</kw>
<kw name="POST On Session" owner="RequestsLibrary">
<msg time="2025-04-21T21:12:32.093311" level="INFO">POST Request : url=https://qualitys-hunters.qacoders.dev.br/api/login 
 path_url=/api/login 
 headers={'User-Agent': 'python-requests/2.32.3', 'Accept-Encoding': 'gzip, deflate', 'accept': 'application/json', 'Connection': 'keep-alive', 'Content-Type': 'application/json', 'Content-Length': '58'} 
 body=b'{"mail": "sysadmin@qacoders.com", "password": "1234@Test"}' 
 </msg>
<msg time="2025-04-21T21:12:32.093535" level="INFO">POST Response : url=https://qualitys-hunters.qacoders.dev.br/api/login 
 status=200, reason=OK 
 headers={'Server': 'nginx/1.18.0 (Ubuntu)', 'Date': 'Tue, 22 Apr 2025 00:12:30 GMT', 'Content-Type': 'application/json; charset=utf-8', 'Transfer-Encoding': 'chunked', 'Connection': 'keep-alive', 'X-Powered-By': 'Express', 'Access-Control-Allow-Origin': '*', 'ETag': 'W/"536-RQVKyIyKI9SNLvXXaQaOZRd2W9Q"', 'Content-Encoding': 'gzip'} 
 body={"msg":"Olá Qa-Coders-SYSADMIN, autenticação autorizada com sucesso!","user":{"_id":"6748f6b142781ec0ce45f5e8","fullName":"Qa-Coders-SYSADMIN","mail":"sysadmin@qacoders.com","password":"$2b$10$5XujP6/9Y/DBgpWDDd4HC.mIubIbTQF.CmboFwoeSq6P.w9i.hl16","accessProfile":"SYSADMIN","cpf":"11111111111","status":true,"audit":[{"registeredBy":{"userId":"111111111111111111","userLogin":"sysadmin@qacoders.com"},"registrationDate":"quinta-feira, 28/11/2024, 20:03:13 BRT","registrationNumber":"01","companyId":"Qa.Coders","_id":"6748f6b142781ec0ce45f5e9"}],"__v":0},"token":"eyJhbGciOiJIUzI1NiIsInR5cCI6IkpXVCJ9.eyJfaWQiOiI2NzQ4ZjZiMTQyNzgxZWMwY2U0NWY1ZTgiLCJmdWxsTmFtZSI6IlFhLUNvZGVycy1TWVNBRE1JTiIsIm1haWwiOiJzeXNhZG1pbkBxYWNvZGVycy5jb20iLCJwYXNzd29yZCI6IiQyYiQxMCQ1WHVqUDYvOVkvREJncFdERGQ0SEMubUl1YkliVFFGLkNtYm9Gd29lU3E2UC53OWkuaGwxNiIsImFjY2Vzc1Byb2ZpbGUiOiJTWVNBRE1JTiIsImNwZiI6IjExMTExMTExMTExIiwic3RhdHVzIjp0cnVlLCJhdWRpdCI6W3sicmVnaXN0ZXJlZEJ5Ijp7InVzZXJJZCI6IjExMTExMTExMTExMTExMTExMSIsInVzZXJMb2dpbiI6InN5c2FkbWluQHFhY29kZXJzLmNvbSJ9LCJyZWdpc3RyYXRpb25EYXRlIjoicXVpbnRhLWZlaXJhLCAyOC8xMS8yMDI0LCAyMDowMzoxMyBCUlQiLCJyZWdpc3RyYXRpb25OdW1iZXIiOiIwMSIsImNvbXBhbnlJZCI6IlFhLkNvZGVycyIsIl9pZCI6IjY3NDhmNmIxNDI3ODFlYzBjZTQ1ZjVlOSJ9XSwiX192IjowLCJpYXQiOjE3NDUyODA3NTAsImV4cCI6MTc0NTM2NzE1MH0.VPY5W5slOqg9AVgNMkFuhYmbGagtJOeyv5ZYO2E2OKk"} 
 </msg>
<msg time="2025-04-21T21:12:32.093870" level="INFO">${RESPOSTA} = &lt;Response [200]&gt;</msg>
<var>${RESPOSTA}</var>
<arg>alias=token</arg>
<arg>url=/login</arg>
<arg>json=${BODY}</arg>
<doc>Sends a POST request on a previously created HTTP Session.</doc>
<status status="PASS" start="2025-04-21T21:12:31.919435" elapsed="0.174514"/>
</kw>
<kw name="Log" owner="BuiltIn">
<msg time="2025-04-21T21:12:32.094862" level="INFO">&lt;Response [200]&gt;</msg>
<arg>${RESPOSTA}</arg>
<doc>Logs the given message with the given level.</doc>
<status status="PASS" start="2025-04-21T21:12:32.094460" elapsed="0.000529"/>
</kw>
<return>
<value>${RESPOSTA.json()["token"]}</value>
<status status="PASS" start="2025-04-21T21:12:32.095112" elapsed="0.000143"/>
</return>
<msg time="2025-04-21T21:12:32.096405" level="INFO">${banana} = eyJhbGciOiJIUzI1NiIsInR5cCI6IkpXVCJ9.eyJfaWQiOiI2NzQ4ZjZiMTQyNzgxZWMwY2U0NWY1ZTgiLCJmdWxsTmFtZSI6IlFhLUNvZGVycy1TWVNBRE1JTiIsIm1haWwiOiJzeXNhZG1pbkBxYWNvZGVycy5jb20iLCJwYXNzd29yZCI6IiQyYiQxMCQ1WHVqUDY...</msg>
<var>${banana}</var>
<status status="PASS" start="2025-04-21T21:12:31.915197" elapsed="0.181282"/>
</kw>
<kw name="POST On Session" owner="RequestsLibrary">
<msg time="2025-04-21T21:12:32.128291" level="INFO">POST Request : url=https://qualitys-hunters.qacoders.dev.br/api/board/?token=eyJhbGciOiJIUzI1NiIsInR5cCI6IkpXVCJ9.eyJfaWQiOiI2NzQ4ZjZiMTQyNzgxZWMwY2U0NWY1ZTgiLCJmdWxsTmFtZSI6IlFhLUNvZGVycy1TWVNBRE1JTiIsIm1haWwiOiJzeXNhZG1pbkBxYWNvZGVycy5jb20iLCJwYXNzd29yZCI6IiQyYiQxMCQ1WHVqUDYvOVkvREJncFdERGQ0SEMubUl1YkliVFFGLkNtYm9Gd29lU3E2UC53OWkuaGwxNiIsImFjY2Vzc1Byb2ZpbGUiOiJTWVNBRE1JTiIsImNwZiI6IjExMTExMTExMTExIiwic3RhdHVzIjp0cnVlLCJhdWRpdCI6W3sicmVnaXN0ZXJlZEJ5Ijp7InVzZXJJZCI6IjExMTExMTExMTExMTExMTExMSIsInVzZXJMb2dpbiI6InN5c2FkbWluQHFhY29kZXJzLmNvbSJ9LCJyZWdpc3RyYXRpb25EYXRlIjoicXVpbnRhLWZlaXJhLCAyOC8xMS8yMDI0LCAyMDowMzoxMyBCUlQiLCJyZWdpc3RyYXRpb25OdW1iZXIiOiIwMSIsImNvbXBhbnlJZCI6IlFhLkNvZGVycyIsIl9pZCI6IjY3NDhmNmIxNDI3ODFlYzBjZTQ1ZjVlOSJ9XSwiX192IjowLCJpYXQiOjE3NDUyODA3NTAsImV4cCI6MTc0NTM2NzE1MH0.VPY5W5slOqg9AVgNMkFuhYmbGagtJOeyv5ZYO2E2OKk 
 path_url=/api/board/?token=eyJhbGciOiJIUzI1NiIsInR5cCI6IkpXVCJ9.eyJfaWQiOiI2NzQ4ZjZiMTQyNzgxZWMwY2U0NWY1ZTgiLCJmdWxsTmFtZSI6IlFhLUNvZGVycy1TWVNBRE1JTiIsIm1haWwiOiJzeXNhZG1pbkBxYWNvZGVycy5jb20iLCJwYXNzd29yZCI6IiQyYiQxMCQ1WHVqUDYvOVkvREJncFdERGQ0SEMubUl1YkliVFFGLkNtYm9Gd29lU3E2UC53OWkuaGwxNiIsImFjY2Vzc1Byb2ZpbGUiOiJTWVNBRE1JTiIsImNwZiI6IjExMTExMTExMTExIiwic3RhdHVzIjp0cnVlLCJhdWRpdCI6W3sicmVnaXN0ZXJlZEJ5Ijp7InVzZXJJZCI6IjExMTExMTExMTExMTExMTExMSIsInVzZXJMb2dpbiI6InN5c2FkbWluQHFhY29kZXJzLmNvbSJ9LCJyZWdpc3RyYXRpb25EYXRlIjoicXVpbnRhLWZlaXJhLCAyOC8xMS8yMDI0LCAyMDowMzoxMyBCUlQiLCJyZWdpc3RyYXRpb25OdW1iZXIiOiIwMSIsImNvbXBhbnlJZCI6IlFhLkNvZGVycyIsIl9pZCI6IjY3NDhmNmIxNDI3ODFlYzBjZTQ1ZjVlOSJ9XSwiX192IjowLCJpYXQiOjE3NDUyODA3NTAsImV4cCI6MTc0NTM2NzE1MH0.VPY5W5slOqg9AVgNMkFuhYmbGagtJOeyv5ZYO2E2OKk 
 headers={'User-Agent': 'python-requests/2.32.3', 'Accept-Encoding': 'gzip, deflate', 'accept': 'application/json', 'Connection': 'keep-alive', 'Content-Type': 'application/json', 'Content-Length': '17'} 
 body=b'{"boardName": ""}' 
 </msg>
<msg time="2025-04-21T21:12:32.128466" level="INFO">POST Response : url=https://qualitys-hunters.qacoders.dev.br/api/board/?token=eyJhbGciOiJIUzI1NiIsInR5cCI6IkpXVCJ9.eyJfaWQiOiI2NzQ4ZjZiMTQyNzgxZWMwY2U0NWY1ZTgiLCJmdWxsTmFtZSI6IlFhLUNvZGVycy1TWVNBRE1JTiIsIm1haWwiOiJzeXNhZG1pbkBxYWNvZGVycy5jb20iLCJwYXNzd29yZCI6IiQyYiQxMCQ1WHVqUDYvOVkvREJncFdERGQ0SEMubUl1YkliVFFGLkNtYm9Gd29lU3E2UC53OWkuaGwxNiIsImFjY2Vzc1Byb2ZpbGUiOiJTWVNBRE1JTiIsImNwZiI6IjExMTExMTExMTExIiwic3RhdHVzIjp0cnVlLCJhdWRpdCI6W3sicmVnaXN0ZXJlZEJ5Ijp7InVzZXJJZCI6IjExMTExMTExMTExMTExMTExMSIsInVzZXJMb2dpbiI6InN5c2FkbWluQHFhY29kZXJzLmNvbSJ9LCJyZWdpc3RyYXRpb25EYXRlIjoicXVpbnRhLWZlaXJhLCAyOC8xMS8yMDI0LCAyMDowMzoxMyBCUlQiLCJyZWdpc3RyYXRpb25OdW1iZXIiOiIwMSIsImNvbXBhbnlJZCI6IlFhLkNvZGVycyIsIl9pZCI6IjY3NDhmNmIxNDI3ODFlYzBjZTQ1ZjVlOSJ9XSwiX192IjowLCJpYXQiOjE3NDUyODA3NTAsImV4cCI6MTc0NTM2NzE1MH0.VPY5W5slOqg9AVgNMkFuhYmbGagtJOeyv5ZYO2E2OKk 
 status=400, reason=Bad Request 
 headers={'Server': 'nginx/1.18.0 (Ubuntu)', 'Date': 'Tue, 22 Apr 2025 00:12:30 GMT', 'Content-Type': 'application/json; charset=utf-8', 'Content-Length': '50', 'Connection': 'keep-alive', 'X-Powered-By': 'Express', 'Access-Control-Allow-Origin': '*', 'ETag': 'W/"32-+CwHCnr2cCygkjBKgpOJ2v10f8g"'} 
 body={"error":["O campo 'diretoria' é obrigatório."]} 
 </msg>
<msg time="2025-04-21T21:12:32.128731" level="INFO">${CRIAR_DIRETORIA_OBRIGATORIO} = &lt;Response [400]&gt;</msg>
<var>${CRIAR_DIRETORIA_OBRIGATORIO}</var>
<arg>alias=token</arg>
<arg>url=/board/?token=${banana}</arg>
<arg>json=${body}</arg>
<arg>expected_status=any</arg>
<doc>Sends a POST request on a previously created HTTP Session.</doc>
<status status="PASS" start="2025-04-21T21:12:32.096807" elapsed="0.031990"/>
</kw>
<kw name="Log" owner="BuiltIn">
<msg time="2025-04-21T21:12:32.130425" level="INFO">{'error': ["O campo 'diretoria' é obrigatório."]}</msg>
<arg>${CRIAR_DIRETORIA_OBRIGATORIO.json()}</arg>
<doc>Logs the given message with the given level.</doc>
<status status="PASS" start="2025-04-21T21:12:32.129239" elapsed="0.001301"/>
</kw>
<status status="PASS" start="2025-04-21T21:12:31.910818" elapsed="0.219873"/>
</kw>
<status status="PASS" start="2025-04-21T21:12:31.909429" elapsed="0.221780"/>
</test>
<test id="s1-t3" name="Cenário 03: Campo diretoria letras maiúsculas, minúsculas e o caractere especial &amp;." line="14">
<kw name="Campo diretoria com numeros" owner="kwsCenario03_DiretoriaNumeros">
<kw name="Create Dictionary" owner="BuiltIn">
<msg time="2025-04-21T21:12:32.133938" level="INFO">${BODY} = {'boardName': 'SALA123'}</msg>
<var>${BODY}</var>
<arg>boardName=SALA123</arg>
<doc>Creates and returns a dictionary based on the given ``items``.</doc>
<status status="PASS" start="2025-04-21T21:12:32.133526" elapsed="0.000484"/>
</kw>
<kw name="Criar Sessao" owner="kwsCenario01_PostDiretoria">
<kw name="Create Dictionary" owner="BuiltIn">
<msg time="2025-04-21T21:12:32.135329" level="INFO">${headers} = {'accept': 'application/json', 'Content-Type': 'application/json'}</msg>
<var>${headers}</var>
<arg>accept=application/json</arg>
<arg>Content-Type=application/json</arg>
<doc>Creates and returns a dictionary based on the given ``items``.</doc>
<status status="PASS" start="2025-04-21T21:12:32.134913" elapsed="0.000481"/>
</kw>
<kw name="Create Session" owner="RequestsLibrary">
<msg time="2025-04-21T21:12:32.136290" level="INFO">Creating Session using : alias=token, url=https://qualitys-hunters.qacoders.dev.br/api, headers={'accept': 'application/json', 'Content-Type': 'application/json'},                     cookies={}, auth=None, timeout=None, proxies=None, verify=True,                     debug=0 </msg>
<arg>alias=token</arg>
<arg>url=${BASE_URL}</arg>
<arg>headers=${headers}</arg>
<arg>verify=true</arg>
<doc>Create Session: create a HTTP session to a server</doc>
<status status="PASS" start="2025-04-21T21:12:32.135697" elapsed="0.001391"/>
</kw>
<status status="PASS" start="2025-04-21T21:12:32.134405" elapsed="0.002880"/>
</kw>
<kw name="Pegar token" owner="kwsCenario01_PostDiretoria">
<kw name="Create Dictionary" owner="BuiltIn">
<msg time="2025-04-21T21:12:32.138796" level="INFO">${BODY} = {'mail': 'sysadmin@qacoders.com', 'password': '1234@Test'}</msg>
<var>${BODY}</var>
<arg>mail=sysadmin@qacoders.com</arg>
<arg>password=1234@Test</arg>
<doc>Creates and returns a dictionary based on the given ``items``.</doc>
<status status="PASS" start="2025-04-21T21:12:32.138358" elapsed="0.000508"/>
</kw>
<kw name="Criar Sessao" owner="kwsCenario01_PostDiretoria">
<kw name="Create Dictionary" owner="BuiltIn">
<msg time="2025-04-21T21:12:32.140430" level="INFO">${headers} = {'accept': 'application/json', 'Content-Type': 'application/json'}</msg>
<var>${headers}</var>
<arg>accept=application/json</arg>
<arg>Content-Type=application/json</arg>
<doc>Creates and returns a dictionary based on the given ``items``.</doc>
<status status="PASS" start="2025-04-21T21:12:32.139942" elapsed="0.000562"/>
</kw>
<kw name="Create Session" owner="RequestsLibrary">
<msg time="2025-04-21T21:12:32.141487" level="INFO">Creating Session using : alias=token, url=https://qualitys-hunters.qacoders.dev.br/api, headers={'accept': 'application/json', 'Content-Type': 'application/json'},                     cookies={}, auth=None, timeout=None, proxies=None, verify=True,                     debug=0 </msg>
<arg>alias=token</arg>
<arg>url=${BASE_URL}</arg>
<arg>headers=${headers}</arg>
<arg>verify=true</arg>
<doc>Create Session: create a HTTP session to a server</doc>
<status status="PASS" start="2025-04-21T21:12:32.140842" elapsed="0.001011"/>
</kw>
<status status="PASS" start="2025-04-21T21:12:32.139312" elapsed="0.002720"/>
</kw>
<kw name="POST On Session" owner="RequestsLibrary">
<msg time="2025-04-21T21:12:32.315483" level="INFO">POST Request : url=https://qualitys-hunters.qacoders.dev.br/api/login 
 path_url=/api/login 
 headers={'User-Agent': 'python-requests/2.32.3', 'Accept-Encoding': 'gzip, deflate', 'accept': 'application/json', 'Connection': 'keep-alive', 'Content-Type': 'application/json', 'Content-Length': '58'} 
 body=b'{"mail": "sysadmin@qacoders.com", "password": "1234@Test"}' 
 </msg>
<msg time="2025-04-21T21:12:32.315672" level="INFO">POST Response : url=https://qualitys-hunters.qacoders.dev.br/api/login 
 status=200, reason=OK 
 headers={'Server': 'nginx/1.18.0 (Ubuntu)', 'Date': 'Tue, 22 Apr 2025 00:12:30 GMT', 'Content-Type': 'application/json; charset=utf-8', 'Transfer-Encoding': 'chunked', 'Connection': 'keep-alive', 'X-Powered-By': 'Express', 'Access-Control-Allow-Origin': '*', 'ETag': 'W/"536-RQVKyIyKI9SNLvXXaQaOZRd2W9Q"', 'Content-Encoding': 'gzip'} 
 body={"msg":"Olá Qa-Coders-SYSADMIN, autenticação autorizada com sucesso!","user":{"_id":"6748f6b142781ec0ce45f5e8","fullName":"Qa-Coders-SYSADMIN","mail":"sysadmin@qacoders.com","password":"$2b$10$5XujP6/9Y/DBgpWDDd4HC.mIubIbTQF.CmboFwoeSq6P.w9i.hl16","accessProfile":"SYSADMIN","cpf":"11111111111","status":true,"audit":[{"registeredBy":{"userId":"111111111111111111","userLogin":"sysadmin@qacoders.com"},"registrationDate":"quinta-feira, 28/11/2024, 20:03:13 BRT","registrationNumber":"01","companyId":"Qa.Coders","_id":"6748f6b142781ec0ce45f5e9"}],"__v":0},"token":"eyJhbGciOiJIUzI1NiIsInR5cCI6IkpXVCJ9.eyJfaWQiOiI2NzQ4ZjZiMTQyNzgxZWMwY2U0NWY1ZTgiLCJmdWxsTmFtZSI6IlFhLUNvZGVycy1TWVNBRE1JTiIsIm1haWwiOiJzeXNhZG1pbkBxYWNvZGVycy5jb20iLCJwYXNzd29yZCI6IiQyYiQxMCQ1WHVqUDYvOVkvREJncFdERGQ0SEMubUl1YkliVFFGLkNtYm9Gd29lU3E2UC53OWkuaGwxNiIsImFjY2Vzc1Byb2ZpbGUiOiJTWVNBRE1JTiIsImNwZiI6IjExMTExMTExMTExIiwic3RhdHVzIjp0cnVlLCJhdWRpdCI6W3sicmVnaXN0ZXJlZEJ5Ijp7InVzZXJJZCI6IjExMTExMTExMTExMTExMTExMSIsInVzZXJMb2dpbiI6InN5c2FkbWluQHFhY29kZXJzLmNvbSJ9LCJyZWdpc3RyYXRpb25EYXRlIjoicXVpbnRhLWZlaXJhLCAyOC8xMS8yMDI0LCAyMDowMzoxMyBCUlQiLCJyZWdpc3RyYXRpb25OdW1iZXIiOiIwMSIsImNvbXBhbnlJZCI6IlFhLkNvZGVycyIsIl9pZCI6IjY3NDhmNmIxNDI3ODFlYzBjZTQ1ZjVlOSJ9XSwiX192IjowLCJpYXQiOjE3NDUyODA3NTAsImV4cCI6MTc0NTM2NzE1MH0.VPY5W5slOqg9AVgNMkFuhYmbGagtJOeyv5ZYO2E2OKk"} 
 </msg>
<msg time="2025-04-21T21:12:32.315972" level="INFO">${RESPOSTA} = &lt;Response [200]&gt;</msg>
<var>${RESPOSTA}</var>
<arg>alias=token</arg>
<arg>url=/login</arg>
<arg>json=${BODY}</arg>
<doc>Sends a POST request on a previously created HTTP Session.</doc>
<status status="PASS" start="2025-04-21T21:12:32.142381" elapsed="0.173659"/>
</kw>
<kw name="Log" owner="BuiltIn">
<msg time="2025-04-21T21:12:32.316806" level="INFO">&lt;Response [200]&gt;</msg>
<arg>${RESPOSTA}</arg>
<doc>Logs the given message with the given level.</doc>
<status status="PASS" start="2025-04-21T21:12:32.316469" elapsed="0.000445"/>
</kw>
<return>
<value>${RESPOSTA.json()["token"]}</value>
<status status="PASS" start="2025-04-21T21:12:32.317022" elapsed="0.000092"/>
</return>
<msg time="2025-04-21T21:12:32.318144" level="INFO">${banana} = eyJhbGciOiJIUzI1NiIsInR5cCI6IkpXVCJ9.eyJfaWQiOiI2NzQ4ZjZiMTQyNzgxZWMwY2U0NWY1ZTgiLCJmdWxsTmFtZSI6IlFhLUNvZGVycy1TWVNBRE1JTiIsIm1haWwiOiJzeXNhZG1pbkBxYWNvZGVycy5jb20iLCJwYXNzd29yZCI6IiQyYiQxMCQ1WHVqUDY...</msg>
<var>${banana}</var>
<status status="PASS" start="2025-04-21T21:12:32.137708" elapsed="0.180528"/>
</kw>
<kw name="POST On Session" owner="RequestsLibrary">
<msg time="2025-04-21T21:12:32.349370" level="INFO">POST Request : url=https://qualitys-hunters.qacoders.dev.br/api/board/?token=eyJhbGciOiJIUzI1NiIsInR5cCI6IkpXVCJ9.eyJfaWQiOiI2NzQ4ZjZiMTQyNzgxZWMwY2U0NWY1ZTgiLCJmdWxsTmFtZSI6IlFhLUNvZGVycy1TWVNBRE1JTiIsIm1haWwiOiJzeXNhZG1pbkBxYWNvZGVycy5jb20iLCJwYXNzd29yZCI6IiQyYiQxMCQ1WHVqUDYvOVkvREJncFdERGQ0SEMubUl1YkliVFFGLkNtYm9Gd29lU3E2UC53OWkuaGwxNiIsImFjY2Vzc1Byb2ZpbGUiOiJTWVNBRE1JTiIsImNwZiI6IjExMTExMTExMTExIiwic3RhdHVzIjp0cnVlLCJhdWRpdCI6W3sicmVnaXN0ZXJlZEJ5Ijp7InVzZXJJZCI6IjExMTExMTExMTExMTExMTExMSIsInVzZXJMb2dpbiI6InN5c2FkbWluQHFhY29kZXJzLmNvbSJ9LCJyZWdpc3RyYXRpb25EYXRlIjoicXVpbnRhLWZlaXJhLCAyOC8xMS8yMDI0LCAyMDowMzoxMyBCUlQiLCJyZWdpc3RyYXRpb25OdW1iZXIiOiIwMSIsImNvbXBhbnlJZCI6IlFhLkNvZGVycyIsIl9pZCI6IjY3NDhmNmIxNDI3ODFlYzBjZTQ1ZjVlOSJ9XSwiX192IjowLCJpYXQiOjE3NDUyODA3NTAsImV4cCI6MTc0NTM2NzE1MH0.VPY5W5slOqg9AVgNMkFuhYmbGagtJOeyv5ZYO2E2OKk 
 path_url=/api/board/?token=eyJhbGciOiJIUzI1NiIsInR5cCI6IkpXVCJ9.eyJfaWQiOiI2NzQ4ZjZiMTQyNzgxZWMwY2U0NWY1ZTgiLCJmdWxsTmFtZSI6IlFhLUNvZGVycy1TWVNBRE1JTiIsIm1haWwiOiJzeXNhZG1pbkBxYWNvZGVycy5jb20iLCJwYXNzd29yZCI6IiQyYiQxMCQ1WHVqUDYvOVkvREJncFdERGQ0SEMubUl1YkliVFFGLkNtYm9Gd29lU3E2UC53OWkuaGwxNiIsImFjY2Vzc1Byb2ZpbGUiOiJTWVNBRE1JTiIsImNwZiI6IjExMTExMTExMTExIiwic3RhdHVzIjp0cnVlLCJhdWRpdCI6W3sicmVnaXN0ZXJlZEJ5Ijp7InVzZXJJZCI6IjExMTExMTExMTExMTExMTExMSIsInVzZXJMb2dpbiI6InN5c2FkbWluQHFhY29kZXJzLmNvbSJ9LCJyZWdpc3RyYXRpb25EYXRlIjoicXVpbnRhLWZlaXJhLCAyOC8xMS8yMDI0LCAyMDowMzoxMyBCUlQiLCJyZWdpc3RyYXRpb25OdW1iZXIiOiIwMSIsImNvbXBhbnlJZCI6IlFhLkNvZGVycyIsIl9pZCI6IjY3NDhmNmIxNDI3ODFlYzBjZTQ1ZjVlOSJ9XSwiX192IjowLCJpYXQiOjE3NDUyODA3NTAsImV4cCI6MTc0NTM2NzE1MH0.VPY5W5slOqg9AVgNMkFuhYmbGagtJOeyv5ZYO2E2OKk 
 headers={'User-Agent': 'python-requests/2.32.3', 'Accept-Encoding': 'gzip, deflate', 'accept': 'application/json', 'Connection': 'keep-alive', 'Content-Type': 'application/json', 'Content-Length': '24'} 
 body=b'{"boardName": "SALA123"}' 
 </msg>
<msg time="2025-04-21T21:12:32.349651" level="INFO">POST Response : url=https://qualitys-hunters.qacoders.dev.br/api/board/?token=eyJhbGciOiJIUzI1NiIsInR5cCI6IkpXVCJ9.eyJfaWQiOiI2NzQ4ZjZiMTQyNzgxZWMwY2U0NWY1ZTgiLCJmdWxsTmFtZSI6IlFhLUNvZGVycy1TWVNBRE1JTiIsIm1haWwiOiJzeXNhZG1pbkBxYWNvZGVycy5jb20iLCJwYXNzd29yZCI6IiQyYiQxMCQ1WHVqUDYvOVkvREJncFdERGQ0SEMubUl1YkliVFFGLkNtYm9Gd29lU3E2UC53OWkuaGwxNiIsImFjY2Vzc1Byb2ZpbGUiOiJTWVNBRE1JTiIsImNwZiI6IjExMTExMTExMTExIiwic3RhdHVzIjp0cnVlLCJhdWRpdCI6W3sicmVnaXN0ZXJlZEJ5Ijp7InVzZXJJZCI6IjExMTExMTExMTExMTExMTExMSIsInVzZXJMb2dpbiI6InN5c2FkbWluQHFhY29kZXJzLmNvbSJ9LCJyZWdpc3RyYXRpb25EYXRlIjoicXVpbnRhLWZlaXJhLCAyOC8xMS8yMDI0LCAyMDowMzoxMyBCUlQiLCJyZWdpc3RyYXRpb25OdW1iZXIiOiIwMSIsImNvbXBhbnlJZCI6IlFhLkNvZGVycyIsIl9pZCI6IjY3NDhmNmIxNDI3ODFlYzBjZTQ1ZjVlOSJ9XSwiX192IjowLCJpYXQiOjE3NDUyODA3NTAsImV4cCI6MTc0NTM2NzE1MH0.VPY5W5slOqg9AVgNMkFuhYmbGagtJOeyv5ZYO2E2OKk 
 status=400, reason=Bad Request 
 headers={'Server': 'nginx/1.18.0 (Ubuntu)', 'Date': 'Tue, 22 Apr 2025 00:12:30 GMT', 'Content-Type': 'application/json; charset=utf-8', 'Content-Length': '84', 'Connection': 'keep-alive', 'X-Powered-By': 'Express', 'Access-Control-Allow-Origin': '*', 'ETag': 'W/"54-kPAkPq3704yBNDfw0n6YFGiWzyM"'} 
 body={"error":["O campo 'diretoria' só pode conter letras e o caractere especial '&amp;'."]} 
 </msg>
<msg time="2025-04-21T21:12:32.349913" level="INFO">${CRIAR_DIRETORIA_NUM} = &lt;Response [400]&gt;</msg>
<var>${CRIAR_DIRETORIA_NUM}</var>
<arg>alias=token</arg>
<arg>url=/board/?token=${banana}</arg>
<arg>json=${body}</arg>
<arg>expected_status=any</arg>
<doc>Sends a POST request on a previously created HTTP Session.</doc>
<status status="PASS" start="2025-04-21T21:12:32.318517" elapsed="0.031464"/>
</kw>
<kw name="Log" owner="BuiltIn">
<msg time="2025-04-21T21:12:32.351454" level="INFO">{'error': ["O campo 'diretoria' só pode conter letras e o caractere especial '&amp;'."]}</msg>
<arg>${CRIAR_DIRETORIA_NUM.json()}</arg>
<doc>Logs the given message with the given level.</doc>
<status status="PASS" start="2025-04-21T21:12:32.350405" elapsed="0.001169"/>
</kw>
<status status="PASS" start="2025-04-21T21:12:32.132902" elapsed="0.218822"/>
</kw>
<status status="PASS" start="2025-04-21T21:12:32.131794" elapsed="0.220228"/>
</test>
<test id="s1-t4" name="Cenário 04: Campo diretoria letras maiúsculas." line="17">
<kw name="Criar um novo usuário método Generate Random String" owner="kwsCenario00_MassaDados">
<kw name="Generate Random String" owner="String">
<msg time="2025-04-21T21:12:32.355574" level="INFO">${palavra_aleatoria} = tG</msg>
<var>${palavra_aleatoria}</var>
<arg>length=2</arg>
<arg>chars=[LETTERS]</arg>
<doc>Generates a string with a desired ``length`` from the given ``chars``.</doc>
<status status="PASS" start="2025-04-21T21:12:32.354792" elapsed="0.000886"/>
</kw>
<kw name="Convert To Upper Case" owner="String">
<msg time="2025-04-21T21:12:32.356656" level="INFO">${palavra_aleatoria} = TG</msg>
<var>${palavra_aleatoria}</var>
<arg>${palavra_aleatoria}</arg>
<doc>Converts string to upper case.</doc>
<status status="PASS" start="2025-04-21T21:12:32.356114" elapsed="0.000624"/>
</kw>
<kw name="Set Test Variable" owner="BuiltIn">
<msg time="2025-04-21T21:12:32.358831" level="INFO">${EMAIL_TESTE} = TG</msg>
<arg>${EMAIL_TESTE}</arg>
<arg>${palavra_aleatoria}</arg>
<doc>Makes a variable available everywhere within the scope of the current test.</doc>
<status status="PASS" start="2025-04-21T21:12:32.357126" elapsed="0.001874"/>
</kw>
<kw name="Set Global Variable" owner="BuiltIn">
<msg time="2025-04-21T21:12:32.359908" level="INFO">${palavra_aleatoria} = TG</msg>
<arg>${palavra_aleatoria}</arg>
<doc>Makes a variable available globally in all tests and suites.</doc>
<status status="PASS" start="2025-04-21T21:12:32.359414" elapsed="0.000603"/>
</kw>
<status status="PASS" start="2025-04-21T21:12:32.353930" elapsed="0.006277"/>
</kw>
<kw name="Campo diretoria letras maiusculas" owner="kwsCenario04_DiretoriaMaiusculas">
<kw name="Create Dictionary" owner="BuiltIn">
<msg time="2025-04-21T21:12:32.362053" level="INFO">${BODY} = {'boardName': 'SALA DE ESTAR TG'}</msg>
<var>${BODY}</var>
<arg>boardName=SALA DE ESTAR ${palavra_aleatoria}</arg>
<doc>Creates and returns a dictionary based on the given ``items``.</doc>
<status status="PASS" start="2025-04-21T21:12:32.361459" elapsed="0.000674"/>
</kw>
<kw name="Criar Sessao" owner="kwsCenario01_PostDiretoria">
<kw name="Create Dictionary" owner="BuiltIn">
<msg time="2025-04-21T21:12:32.363673" level="INFO">${headers} = {'accept': 'application/json', 'Content-Type': 'application/json'}</msg>
<var>${headers}</var>
<arg>accept=application/json</arg>
<arg>Content-Type=application/json</arg>
<doc>Creates and returns a dictionary based on the given ``items``.</doc>
<status status="PASS" start="2025-04-21T21:12:32.363244" elapsed="0.000499"/>
</kw>
<kw name="Create Session" owner="RequestsLibrary">
<msg time="2025-04-21T21:12:32.364671" level="INFO">Creating Session using : alias=token, url=https://qualitys-hunters.qacoders.dev.br/api, headers={'accept': 'application/json', 'Content-Type': 'application/json'},                     cookies={}, auth=None, timeout=None, proxies=None, verify=True,                     debug=0 </msg>
<arg>alias=token</arg>
<arg>url=${BASE_URL}</arg>
<arg>headers=${headers}</arg>
<arg>verify=true</arg>
<doc>Create Session: create a HTTP session to a server</doc>
<status status="PASS" start="2025-04-21T21:12:32.364044" elapsed="0.000994"/>
</kw>
<status status="PASS" start="2025-04-21T21:12:32.362588" elapsed="0.002655"/>
</kw>
<kw name="Pegar token" owner="kwsCenario01_PostDiretoria">
<kw name="Create Dictionary" owner="BuiltIn">
<msg time="2025-04-21T21:12:32.366751" level="INFO">${BODY} = {'mail': 'sysadmin@qacoders.com', 'password': '1234@Test'}</msg>
<var>${BODY}</var>
<arg>mail=sysadmin@qacoders.com</arg>
<arg>password=1234@Test</arg>
<doc>Creates and returns a dictionary based on the given ``items``.</doc>
<status status="PASS" start="2025-04-21T21:12:32.366272" elapsed="0.000561"/>
</kw>
<kw name="Criar Sessao" owner="kwsCenario01_PostDiretoria">
<kw name="Create Dictionary" owner="BuiltIn">
<msg time="2025-04-21T21:12:32.369090" level="INFO">${headers} = {'accept': 'application/json', 'Content-Type': 'application/json'}</msg>
<var>${headers}</var>
<arg>accept=application/json</arg>
<arg>Content-Type=application/json</arg>
<doc>Creates and returns a dictionary based on the given ``items``.</doc>
<status status="PASS" start="2025-04-21T21:12:32.368645" elapsed="0.000654"/>
</kw>
<kw name="Create Session" owner="RequestsLibrary">
<msg time="2025-04-21T21:12:32.370329" level="INFO">Creating Session using : alias=token, url=https://qualitys-hunters.qacoders.dev.br/api, headers={'accept': 'application/json', 'Content-Type': 'application/json'},                     cookies={}, auth=None, timeout=None, proxies=None, verify=True,                     debug=0 </msg>
<arg>alias=token</arg>
<arg>url=${BASE_URL}</arg>
<arg>headers=${headers}</arg>
<arg>verify=true</arg>
<doc>Create Session: create a HTTP session to a server</doc>
<status status="PASS" start="2025-04-21T21:12:32.369653" elapsed="0.001027"/>
</kw>
<status status="PASS" start="2025-04-21T21:12:32.367228" elapsed="0.003684"/>
</kw>
<kw name="POST On Session" owner="RequestsLibrary">
<msg time="2025-04-21T21:12:32.632791" level="INFO">POST Request : url=https://qualitys-hunters.qacoders.dev.br/api/login 
 path_url=/api/login 
 headers={'User-Agent': 'python-requests/2.32.3', 'Accept-Encoding': 'gzip, deflate', 'accept': 'application/json', 'Connection': 'keep-alive', 'Content-Type': 'application/json', 'Content-Length': '58'} 
 body=b'{"mail": "sysadmin@qacoders.com", "password": "1234@Test"}' 
 </msg>
<msg time="2025-04-21T21:12:32.632983" level="INFO">POST Response : url=https://qualitys-hunters.qacoders.dev.br/api/login 
 status=200, reason=OK 
 headers={'Server': 'nginx/1.18.0 (Ubuntu)', 'Date': 'Tue, 22 Apr 2025 00:12:31 GMT', 'Content-Type': 'application/json; charset=utf-8', 'Transfer-Encoding': 'chunked', 'Connection': 'keep-alive', 'X-Powered-By': 'Express', 'Access-Control-Allow-Origin': '*', 'ETag': 'W/"536-+eEUG3zCRmWjGtupCxH41Jo9n5A"', 'Content-Encoding': 'gzip'} 
 body={"msg":"Olá Qa-Coders-SYSADMIN, autenticação autorizada com sucesso!","user":{"_id":"6748f6b142781ec0ce45f5e8","fullName":"Qa-Coders-SYSADMIN","mail":"sysadmin@qacoders.com","password":"$2b$10$5XujP6/9Y/DBgpWDDd4HC.mIubIbTQF.CmboFwoeSq6P.w9i.hl16","accessProfile":"SYSADMIN","cpf":"11111111111","status":true,"audit":[{"registeredBy":{"userId":"111111111111111111","userLogin":"sysadmin@qacoders.com"},"registrationDate":"quinta-feira, 28/11/2024, 20:03:13 BRT","registrationNumber":"01","companyId":"Qa.Coders","_id":"6748f6b142781ec0ce45f5e9"}],"__v":0},"token":"eyJhbGciOiJIUzI1NiIsInR5cCI6IkpXVCJ9.eyJfaWQiOiI2NzQ4ZjZiMTQyNzgxZWMwY2U0NWY1ZTgiLCJmdWxsTmFtZSI6IlFhLUNvZGVycy1TWVNBRE1JTiIsIm1haWwiOiJzeXNhZG1pbkBxYWNvZGVycy5jb20iLCJwYXNzd29yZCI6IiQyYiQxMCQ1WHVqUDYvOVkvREJncFdERGQ0SEMubUl1YkliVFFGLkNtYm9Gd29lU3E2UC53OWkuaGwxNiIsImFjY2Vzc1Byb2ZpbGUiOiJTWVNBRE1JTiIsImNwZiI6IjExMTExMTExMTExIiwic3RhdHVzIjp0cnVlLCJhdWRpdCI6W3sicmVnaXN0ZXJlZEJ5Ijp7InVzZXJJZCI6IjExMTExMTExMTExMTExMTExMSIsInVzZXJMb2dpbiI6InN5c2FkbWluQHFhY29kZXJzLmNvbSJ9LCJyZWdpc3RyYXRpb25EYXRlIjoicXVpbnRhLWZlaXJhLCAyOC8xMS8yMDI0LCAyMDowMzoxMyBCUlQiLCJyZWdpc3RyYXRpb25OdW1iZXIiOiIwMSIsImNvbXBhbnlJZCI6IlFhLkNvZGVycyIsIl9pZCI6IjY3NDhmNmIxNDI3ODFlYzBjZTQ1ZjVlOSJ9XSwiX192IjowLCJpYXQiOjE3NDUyODA3NTEsImV4cCI6MTc0NTM2NzE1MX0.SIzEcz-ch5oi0c6EtD3Gw3J9uCzQ-5-U2UyucpFAQqE"} 
 </msg>
<msg time="2025-04-21T21:12:32.633303" level="INFO">${RESPOSTA} = &lt;Response [200]&gt;</msg>
<var>${RESPOSTA}</var>
<arg>alias=token</arg>
<arg>url=/login</arg>
<arg>json=${BODY}</arg>
<doc>Sends a POST request on a previously created HTTP Session.</doc>
<status status="PASS" start="2025-04-21T21:12:32.371301" elapsed="0.262075"/>
</kw>
<kw name="Log" owner="BuiltIn">
<msg time="2025-04-21T21:12:32.634180" level="INFO">&lt;Response [200]&gt;</msg>
<arg>${RESPOSTA}</arg>
<doc>Logs the given message with the given level.</doc>
<status status="PASS" start="2025-04-21T21:12:32.633798" elapsed="0.000519"/>
</kw>
<return>
<value>${RESPOSTA.json()["token"]}</value>
<status status="PASS" start="2025-04-21T21:12:32.634430" elapsed="0.000110"/>
</return>
<msg time="2025-04-21T21:12:32.635567" level="INFO">${banana} = eyJhbGciOiJIUzI1NiIsInR5cCI6IkpXVCJ9.eyJfaWQiOiI2NzQ4ZjZiMTQyNzgxZWMwY2U0NWY1ZTgiLCJmdWxsTmFtZSI6IlFhLUNvZGVycy1TWVNBRE1JTiIsIm1haWwiOiJzeXNhZG1pbkBxYWNvZGVycy5jb20iLCJwYXNzd29yZCI6IiQyYiQxMCQ1WHVqUDY...</msg>
<var>${banana}</var>
<status status="PASS" start="2025-04-21T21:12:32.365666" elapsed="0.269969"/>
</kw>
<kw name="POST On Session" owner="RequestsLibrary">
<msg time="2025-04-21T21:12:32.674923" level="INFO">POST Request : url=https://qualitys-hunters.qacoders.dev.br/api/board/?token=eyJhbGciOiJIUzI1NiIsInR5cCI6IkpXVCJ9.eyJfaWQiOiI2NzQ4ZjZiMTQyNzgxZWMwY2U0NWY1ZTgiLCJmdWxsTmFtZSI6IlFhLUNvZGVycy1TWVNBRE1JTiIsIm1haWwiOiJzeXNhZG1pbkBxYWNvZGVycy5jb20iLCJwYXNzd29yZCI6IiQyYiQxMCQ1WHVqUDYvOVkvREJncFdERGQ0SEMubUl1YkliVFFGLkNtYm9Gd29lU3E2UC53OWkuaGwxNiIsImFjY2Vzc1Byb2ZpbGUiOiJTWVNBRE1JTiIsImNwZiI6IjExMTExMTExMTExIiwic3RhdHVzIjp0cnVlLCJhdWRpdCI6W3sicmVnaXN0ZXJlZEJ5Ijp7InVzZXJJZCI6IjExMTExMTExMTExMTExMTExMSIsInVzZXJMb2dpbiI6InN5c2FkbWluQHFhY29kZXJzLmNvbSJ9LCJyZWdpc3RyYXRpb25EYXRlIjoicXVpbnRhLWZlaXJhLCAyOC8xMS8yMDI0LCAyMDowMzoxMyBCUlQiLCJyZWdpc3RyYXRpb25OdW1iZXIiOiIwMSIsImNvbXBhbnlJZCI6IlFhLkNvZGVycyIsIl9pZCI6IjY3NDhmNmIxNDI3ODFlYzBjZTQ1ZjVlOSJ9XSwiX192IjowLCJpYXQiOjE3NDUyODA3NTEsImV4cCI6MTc0NTM2NzE1MX0.SIzEcz-ch5oi0c6EtD3Gw3J9uCzQ-5-U2UyucpFAQqE 
 path_url=/api/board/?token=eyJhbGciOiJIUzI1NiIsInR5cCI6IkpXVCJ9.eyJfaWQiOiI2NzQ4ZjZiMTQyNzgxZWMwY2U0NWY1ZTgiLCJmdWxsTmFtZSI6IlFhLUNvZGVycy1TWVNBRE1JTiIsIm1haWwiOiJzeXNhZG1pbkBxYWNvZGVycy5jb20iLCJwYXNzd29yZCI6IiQyYiQxMCQ1WHVqUDYvOVkvREJncFdERGQ0SEMubUl1YkliVFFGLkNtYm9Gd29lU3E2UC53OWkuaGwxNiIsImFjY2Vzc1Byb2ZpbGUiOiJTWVNBRE1JTiIsImNwZiI6IjExMTExMTExMTExIiwic3RhdHVzIjp0cnVlLCJhdWRpdCI6W3sicmVnaXN0ZXJlZEJ5Ijp7InVzZXJJZCI6IjExMTExMTExMTExMTExMTExMSIsInVzZXJMb2dpbiI6InN5c2FkbWluQHFhY29kZXJzLmNvbSJ9LCJyZWdpc3RyYXRpb25EYXRlIjoicXVpbnRhLWZlaXJhLCAyOC8xMS8yMDI0LCAyMDowMzoxMyBCUlQiLCJyZWdpc3RyYXRpb25OdW1iZXIiOiIwMSIsImNvbXBhbnlJZCI6IlFhLkNvZGVycyIsIl9pZCI6IjY3NDhmNmIxNDI3ODFlYzBjZTQ1ZjVlOSJ9XSwiX192IjowLCJpYXQiOjE3NDUyODA3NTEsImV4cCI6MTc0NTM2NzE1MX0.SIzEcz-ch5oi0c6EtD3Gw3J9uCzQ-5-U2UyucpFAQqE 
 headers={'User-Agent': 'python-requests/2.32.3', 'Accept-Encoding': 'gzip, deflate', 'accept': 'application/json', 'Connection': 'keep-alive', 'Content-Type': 'application/json', 'Content-Length': '33'} 
 body=b'{"boardName": "SALA DE ESTAR TG"}' 
 </msg>
<msg time="2025-04-21T21:12:32.675107" level="INFO">POST Response : url=https://qualitys-hunters.qacoders.dev.br/api/board/?token=eyJhbGciOiJIUzI1NiIsInR5cCI6IkpXVCJ9.eyJfaWQiOiI2NzQ4ZjZiMTQyNzgxZWMwY2U0NWY1ZTgiLCJmdWxsTmFtZSI6IlFhLUNvZGVycy1TWVNBRE1JTiIsIm1haWwiOiJzeXNhZG1pbkBxYWNvZGVycy5jb20iLCJwYXNzd29yZCI6IiQyYiQxMCQ1WHVqUDYvOVkvREJncFdERGQ0SEMubUl1YkliVFFGLkNtYm9Gd29lU3E2UC53OWkuaGwxNiIsImFjY2Vzc1Byb2ZpbGUiOiJTWVNBRE1JTiIsImNwZiI6IjExMTExMTExMTExIiwic3RhdHVzIjp0cnVlLCJhdWRpdCI6W3sicmVnaXN0ZXJlZEJ5Ijp7InVzZXJJZCI6IjExMTExMTExMTExMTExMTExMSIsInVzZXJMb2dpbiI6InN5c2FkbWluQHFhY29kZXJzLmNvbSJ9LCJyZWdpc3RyYXRpb25EYXRlIjoicXVpbnRhLWZlaXJhLCAyOC8xMS8yMDI0LCAyMDowMzoxMyBCUlQiLCJyZWdpc3RyYXRpb25OdW1iZXIiOiIwMSIsImNvbXBhbnlJZCI6IlFhLkNvZGVycyIsIl9pZCI6IjY3NDhmNmIxNDI3ODFlYzBjZTQ1ZjVlOSJ9XSwiX192IjowLCJpYXQiOjE3NDUyODA3NTEsImV4cCI6MTc0NTM2NzE1MX0.SIzEcz-ch5oi0c6EtD3Gw3J9uCzQ-5-U2UyucpFAQqE 
 status=201, reason=Created 
 headers={'Server': 'nginx/1.18.0 (Ubuntu)', 'Date': 'Tue, 22 Apr 2025 00:12:31 GMT', 'Content-Type': 'application/json; charset=utf-8', 'Content-Length': '353', 'Connection': 'keep-alive', 'X-Powered-By': 'Express', 'Access-Control-Allow-Origin': '*', 'ETag': 'W/"161-4i7d0DvEOGd+jgJ3o7+3JoaXMgw"'} 
 body={"msg":"Cadastro realizado com sucesso!","newBoard":{"boardName":"SALA DE ESTAR TG","boardCode":"299","status":true,"audit":[{"registrationDate":"segunda-feira, 21/04/2025, 21:12:31 BRT","registeredBy":{"userId":"6748f6b142781ec0ce45f5e8","userLogin":"sysadmin@qacoders.com"},"_id":"6806deef37601927a7d93760"}],"_id":"6806deef37601927a7d9375f","__v":0}} 
 </msg>
<msg time="2025-04-21T21:12:32.675403" level="INFO">${CRIAR_DIRETORIA_MAIUSCULA} = &lt;Response [201]&gt;</msg>
<var>${CRIAR_DIRETORIA_MAIUSCULA}</var>
<arg>alias=token</arg>
<arg>url=/board/?token=${banana}</arg>
<arg>json=${body}</arg>
<arg>expected_status=any</arg>
<doc>Sends a POST request on a previously created HTTP Session.</doc>
<status status="PASS" start="2025-04-21T21:12:32.635924" elapsed="0.039642"/>
</kw>
<kw name="Log" owner="BuiltIn">
<msg time="2025-04-21T21:12:32.677141" level="INFO">{'msg': 'Cadastro realizado com sucesso!', 'newBoard': {'boardName': 'SALA DE ESTAR TG', 'boardCode': '299', 'status': True, 'audit': [{'registrationDate': 'segunda-feira, 21/04/2025, 21:12:31 BRT', 'registeredBy': {'userId': '6748f6b142781ec0ce45f5e8', 'userLogin': 'sysadmin@qacoders.com'}, '_id': '6806deef37601927a7d93760'}], '_id': '6806deef37601927a7d9375f', '__v': 0}}</msg>
<arg>${CRIAR_DIRETORIA_MAIUSCULA.json()}</arg>
<doc>Logs the given message with the given level.</doc>
<status status="PASS" start="2025-04-21T21:12:32.675981" elapsed="0.001302"/>
</kw>
<status status="PASS" start="2025-04-21T21:12:32.360770" elapsed="0.316666"/>
</kw>
<status status="PASS" start="2025-04-21T21:12:32.352581" elapsed="0.325161"/>
</test>
<test id="s1-t5" name="Cenário 05: Campo diretoria letras minúsculas." line="21">
<kw name="Criar um novo usuário método Generate Random String minusculas" owner="kwsCenario00_MassaDados">
<kw name="Generate Random String" owner="String">
<msg time="2025-04-21T21:12:32.680356" level="INFO">${palavra_aleatoria} = mN</msg>
<var>${palavra_aleatoria}</var>
<arg>length=2</arg>
<arg>chars=[LETTERS]</arg>
<doc>Generates a string with a desired ``length`` from the given ``chars``.</doc>
<status status="PASS" start="2025-04-21T21:12:32.679796" elapsed="0.000631"/>
</kw>
<kw name="Convert To Lower Case" owner="String">
<msg time="2025-04-21T21:12:32.681061" level="INFO">${palavra_aleatoria} = mn</msg>
<var>${palavra_aleatoria}</var>
<arg>${palavra_aleatoria}</arg>
<doc>Converts string to lower case.</doc>
<status status="PASS" start="2025-04-21T21:12:32.680714" elapsed="0.000410"/>
</kw>
<kw name="Set Test Variable" owner="BuiltIn">
<msg time="2025-04-21T21:12:32.682984" level="INFO">${EMAIL_TESTE} = mn</msg>
<arg>${EMAIL_TESTE}</arg>
<arg>${palavra_aleatoria}</arg>
<doc>Makes a variable available everywhere within the scope of the current test.</doc>
<status status="PASS" start="2025-04-21T21:12:32.681453" elapsed="0.001642"/>
</kw>
<kw name="Set Global Variable" owner="BuiltIn">
<msg time="2025-04-21T21:12:32.684023" level="INFO">${palavra_aleatoria} = mn</msg>
<arg>${palavra_aleatoria}</arg>
<doc>Makes a variable available globally in all tests and suites.</doc>
<status status="PASS" start="2025-04-21T21:12:32.683451" elapsed="0.000692"/>
</kw>
<status status="PASS" start="2025-04-21T21:12:32.679225" elapsed="0.005112"/>
</kw>
<kw name="Campo diretoria letras minusculas" owner="kwsCenario05_DiretoriaMinusculas">
<kw name="Create Dictionary" owner="BuiltIn">
<msg time="2025-04-21T21:12:32.686266" level="INFO">${BODY} = {'boardName': 'sala de tv mn'}</msg>
<var>${BODY}</var>
<arg>boardName=sala de tv ${palavra_aleatoria}</arg>
<doc>Creates and returns a dictionary based on the given ``items``.</doc>
<status status="PASS" start="2025-04-21T21:12:32.685653" elapsed="0.000689"/>
</kw>
<kw name="Criar Sessao" owner="kwsCenario01_PostDiretoria">
<kw name="Create Dictionary" owner="BuiltIn">
<msg time="2025-04-21T21:12:32.687870" level="INFO">${headers} = {'accept': 'application/json', 'Content-Type': 'application/json'}</msg>
<var>${headers}</var>
<arg>accept=application/json</arg>
<arg>Content-Type=application/json</arg>
<doc>Creates and returns a dictionary based on the given ``items``.</doc>
<status status="PASS" start="2025-04-21T21:12:32.687432" elapsed="0.000506"/>
</kw>
<kw name="Create Session" owner="RequestsLibrary">
<msg time="2025-04-21T21:12:32.688931" level="INFO">Creating Session using : alias=token, url=https://qualitys-hunters.qacoders.dev.br/api, headers={'accept': 'application/json', 'Content-Type': 'application/json'},                     cookies={}, auth=None, timeout=None, proxies=None, verify=True,                     debug=0 </msg>
<arg>alias=token</arg>
<arg>url=${BASE_URL}</arg>
<arg>headers=${headers}</arg>
<arg>verify=true</arg>
<doc>Create Session: create a HTTP session to a server</doc>
<status status="PASS" start="2025-04-21T21:12:32.688283" elapsed="0.001043"/>
</kw>
<status status="PASS" start="2025-04-21T21:12:32.686771" elapsed="0.002731"/>
</kw>
<kw name="Pegar token" owner="kwsCenario01_PostDiretoria">
<kw name="Create Dictionary" owner="BuiltIn">
<msg time="2025-04-21T21:12:32.691471" level="INFO">${BODY} = {'mail': 'sysadmin@qacoders.com', 'password': '1234@Test'}</msg>
<var>${BODY}</var>
<arg>mail=sysadmin@qacoders.com</arg>
<arg>password=1234@Test</arg>
<doc>Creates and returns a dictionary based on the given ``items``.</doc>
<status status="PASS" start="2025-04-21T21:12:32.690908" elapsed="0.000641"/>
</kw>
<kw name="Criar Sessao" owner="kwsCenario01_PostDiretoria">
<kw name="Create Dictionary" owner="BuiltIn">
<msg time="2025-04-21T21:12:32.693011" level="INFO">${headers} = {'accept': 'application/json', 'Content-Type': 'application/json'}</msg>
<var>${headers}</var>
<arg>accept=application/json</arg>
<arg>Content-Type=application/json</arg>
<doc>Creates and returns a dictionary based on the given ``items``.</doc>
<status status="PASS" start="2025-04-21T21:12:32.692614" elapsed="0.000463"/>
</kw>
<kw name="Create Session" owner="RequestsLibrary">
<msg time="2025-04-21T21:12:32.693935" level="INFO">Creating Session using : alias=token, url=https://qualitys-hunters.qacoders.dev.br/api, headers={'accept': 'application/json', 'Content-Type': 'application/json'},                     cookies={}, auth=None, timeout=None, proxies=None, verify=True,                     debug=0 </msg>
<arg>alias=token</arg>
<arg>url=${BASE_URL}</arg>
<arg>headers=${headers}</arg>
<arg>verify=true</arg>
<doc>Create Session: create a HTTP session to a server</doc>
<status status="PASS" start="2025-04-21T21:12:32.693384" elapsed="0.001399"/>
</kw>
<status status="PASS" start="2025-04-21T21:12:32.691960" elapsed="0.002990"/>
</kw>
<kw name="POST On Session" owner="RequestsLibrary">
<msg time="2025-04-21T21:12:32.884483" level="INFO">POST Request : url=https://qualitys-hunters.qacoders.dev.br/api/login 
 path_url=/api/login 
 headers={'User-Agent': 'python-requests/2.32.3', 'Accept-Encoding': 'gzip, deflate', 'accept': 'application/json', 'Connection': 'keep-alive', 'Content-Type': 'application/json', 'Content-Length': '58'} 
 body=b'{"mail": "sysadmin@qacoders.com", "password": "1234@Test"}' 
 </msg>
<msg time="2025-04-21T21:12:32.884663" level="INFO">POST Response : url=https://qualitys-hunters.qacoders.dev.br/api/login 
 status=200, reason=OK 
 headers={'Server': 'nginx/1.18.0 (Ubuntu)', 'Date': 'Tue, 22 Apr 2025 00:12:31 GMT', 'Content-Type': 'application/json; charset=utf-8', 'Transfer-Encoding': 'chunked', 'Connection': 'keep-alive', 'X-Powered-By': 'Express', 'Access-Control-Allow-Origin': '*', 'ETag': 'W/"536-+eEUG3zCRmWjGtupCxH41Jo9n5A"', 'Content-Encoding': 'gzip'} 
 body={"msg":"Olá Qa-Coders-SYSADMIN, autenticação autorizada com sucesso!","user":{"_id":"6748f6b142781ec0ce45f5e8","fullName":"Qa-Coders-SYSADMIN","mail":"sysadmin@qacoders.com","password":"$2b$10$5XujP6/9Y/DBgpWDDd4HC.mIubIbTQF.CmboFwoeSq6P.w9i.hl16","accessProfile":"SYSADMIN","cpf":"11111111111","status":true,"audit":[{"registeredBy":{"userId":"111111111111111111","userLogin":"sysadmin@qacoders.com"},"registrationDate":"quinta-feira, 28/11/2024, 20:03:13 BRT","registrationNumber":"01","companyId":"Qa.Coders","_id":"6748f6b142781ec0ce45f5e9"}],"__v":0},"token":"eyJhbGciOiJIUzI1NiIsInR5cCI6IkpXVCJ9.eyJfaWQiOiI2NzQ4ZjZiMTQyNzgxZWMwY2U0NWY1ZTgiLCJmdWxsTmFtZSI6IlFhLUNvZGVycy1TWVNBRE1JTiIsIm1haWwiOiJzeXNhZG1pbkBxYWNvZGVycy5jb20iLCJwYXNzd29yZCI6IiQyYiQxMCQ1WHVqUDYvOVkvREJncFdERGQ0SEMubUl1YkliVFFGLkNtYm9Gd29lU3E2UC53OWkuaGwxNiIsImFjY2Vzc1Byb2ZpbGUiOiJTWVNBRE1JTiIsImNwZiI6IjExMTExMTExMTExIiwic3RhdHVzIjp0cnVlLCJhdWRpdCI6W3sicmVnaXN0ZXJlZEJ5Ijp7InVzZXJJZCI6IjExMTExMTExMTExMTExMTExMSIsInVzZXJMb2dpbiI6InN5c2FkbWluQHFhY29kZXJzLmNvbSJ9LCJyZWdpc3RyYXRpb25EYXRlIjoicXVpbnRhLWZlaXJhLCAyOC8xMS8yMDI0LCAyMDowMzoxMyBCUlQiLCJyZWdpc3RyYXRpb25OdW1iZXIiOiIwMSIsImNvbXBhbnlJZCI6IlFhLkNvZGVycyIsIl9pZCI6IjY3NDhmNmIxNDI3ODFlYzBjZTQ1ZjVlOSJ9XSwiX192IjowLCJpYXQiOjE3NDUyODA3NTEsImV4cCI6MTc0NTM2NzE1MX0.SIzEcz-ch5oi0c6EtD3Gw3J9uCzQ-5-U2UyucpFAQqE"} 
 </msg>
<msg time="2025-04-21T21:12:32.885080" level="INFO">${RESPOSTA} = &lt;Response [200]&gt;</msg>
<var>${RESPOSTA}</var>
<arg>alias=token</arg>
<arg>url=/login</arg>
<arg>json=${BODY}</arg>
<doc>Sends a POST request on a previously created HTTP Session.</doc>
<status status="PASS" start="2025-04-21T21:12:32.695247" elapsed="0.189931"/>
</kw>
<kw name="Log" owner="BuiltIn">
<msg time="2025-04-21T21:12:32.885916" level="INFO">&lt;Response [200]&gt;</msg>
<arg>${RESPOSTA}</arg>
<doc>Logs the given message with the given level.</doc>
<status status="PASS" start="2025-04-21T21:12:32.885580" elapsed="0.000447"/>
</kw>
<return>
<value>${RESPOSTA.json()["token"]}</value>
<status status="PASS" start="2025-04-21T21:12:32.886141" elapsed="0.000120"/>
</return>
<msg time="2025-04-21T21:12:32.887320" level="INFO">${banana} = eyJhbGciOiJIUzI1NiIsInR5cCI6IkpXVCJ9.eyJfaWQiOiI2NzQ4ZjZiMTQyNzgxZWMwY2U0NWY1ZTgiLCJmdWxsTmFtZSI6IlFhLUNvZGVycy1TWVNBRE1JTiIsIm1haWwiOiJzeXNhZG1pbkBxYWNvZGVycy5jb20iLCJwYXNzd29yZCI6IiQyYiQxMCQ1WHVqUDY...</msg>
<var>${banana}</var>
<status status="PASS" start="2025-04-21T21:12:32.690001" elapsed="0.197388"/>
</kw>
<kw name="POST On Session" owner="RequestsLibrary">
<msg time="2025-04-21T21:12:32.972102" level="INFO">POST Request : url=https://qualitys-hunters.qacoders.dev.br/api/board/?token=eyJhbGciOiJIUzI1NiIsInR5cCI6IkpXVCJ9.eyJfaWQiOiI2NzQ4ZjZiMTQyNzgxZWMwY2U0NWY1ZTgiLCJmdWxsTmFtZSI6IlFhLUNvZGVycy1TWVNBRE1JTiIsIm1haWwiOiJzeXNhZG1pbkBxYWNvZGVycy5jb20iLCJwYXNzd29yZCI6IiQyYiQxMCQ1WHVqUDYvOVkvREJncFdERGQ0SEMubUl1YkliVFFGLkNtYm9Gd29lU3E2UC53OWkuaGwxNiIsImFjY2Vzc1Byb2ZpbGUiOiJTWVNBRE1JTiIsImNwZiI6IjExMTExMTExMTExIiwic3RhdHVzIjp0cnVlLCJhdWRpdCI6W3sicmVnaXN0ZXJlZEJ5Ijp7InVzZXJJZCI6IjExMTExMTExMTExMTExMTExMSIsInVzZXJMb2dpbiI6InN5c2FkbWluQHFhY29kZXJzLmNvbSJ9LCJyZWdpc3RyYXRpb25EYXRlIjoicXVpbnRhLWZlaXJhLCAyOC8xMS8yMDI0LCAyMDowMzoxMyBCUlQiLCJyZWdpc3RyYXRpb25OdW1iZXIiOiIwMSIsImNvbXBhbnlJZCI6IlFhLkNvZGVycyIsIl9pZCI6IjY3NDhmNmIxNDI3ODFlYzBjZTQ1ZjVlOSJ9XSwiX192IjowLCJpYXQiOjE3NDUyODA3NTEsImV4cCI6MTc0NTM2NzE1MX0.SIzEcz-ch5oi0c6EtD3Gw3J9uCzQ-5-U2UyucpFAQqE 
 path_url=/api/board/?token=eyJhbGciOiJIUzI1NiIsInR5cCI6IkpXVCJ9.eyJfaWQiOiI2NzQ4ZjZiMTQyNzgxZWMwY2U0NWY1ZTgiLCJmdWxsTmFtZSI6IlFhLUNvZGVycy1TWVNBRE1JTiIsIm1haWwiOiJzeXNhZG1pbkBxYWNvZGVycy5jb20iLCJwYXNzd29yZCI6IiQyYiQxMCQ1WHVqUDYvOVkvREJncFdERGQ0SEMubUl1YkliVFFGLkNtYm9Gd29lU3E2UC53OWkuaGwxNiIsImFjY2Vzc1Byb2ZpbGUiOiJTWVNBRE1JTiIsImNwZiI6IjExMTExMTExMTExIiwic3RhdHVzIjp0cnVlLCJhdWRpdCI6W3sicmVnaXN0ZXJlZEJ5Ijp7InVzZXJJZCI6IjExMTExMTExMTExMTExMTExMSIsInVzZXJMb2dpbiI6InN5c2FkbWluQHFhY29kZXJzLmNvbSJ9LCJyZWdpc3RyYXRpb25EYXRlIjoicXVpbnRhLWZlaXJhLCAyOC8xMS8yMDI0LCAyMDowMzoxMyBCUlQiLCJyZWdpc3RyYXRpb25OdW1iZXIiOiIwMSIsImNvbXBhbnlJZCI6IlFhLkNvZGVycyIsIl9pZCI6IjY3NDhmNmIxNDI3ODFlYzBjZTQ1ZjVlOSJ9XSwiX192IjowLCJpYXQiOjE3NDUyODA3NTEsImV4cCI6MTc0NTM2NzE1MX0.SIzEcz-ch5oi0c6EtD3Gw3J9uCzQ-5-U2UyucpFAQqE 
 headers={'User-Agent': 'python-requests/2.32.3', 'Accept-Encoding': 'gzip, deflate', 'accept': 'application/json', 'Connection': 'keep-alive', 'Content-Type': 'application/json', 'Content-Length': '30'} 
 body=b'{"boardName": "sala de tv mn"}' 
 </msg>
<msg time="2025-04-21T21:12:32.972322" level="INFO">POST Response : url=https://qualitys-hunters.qacoders.dev.br/api/board/?token=eyJhbGciOiJIUzI1NiIsInR5cCI6IkpXVCJ9.eyJfaWQiOiI2NzQ4ZjZiMTQyNzgxZWMwY2U0NWY1ZTgiLCJmdWxsTmFtZSI6IlFhLUNvZGVycy1TWVNBRE1JTiIsIm1haWwiOiJzeXNhZG1pbkBxYWNvZGVycy5jb20iLCJwYXNzd29yZCI6IiQyYiQxMCQ1WHVqUDYvOVkvREJncFdERGQ0SEMubUl1YkliVFFGLkNtYm9Gd29lU3E2UC53OWkuaGwxNiIsImFjY2Vzc1Byb2ZpbGUiOiJTWVNBRE1JTiIsImNwZiI6IjExMTExMTExMTExIiwic3RhdHVzIjp0cnVlLCJhdWRpdCI6W3sicmVnaXN0ZXJlZEJ5Ijp7InVzZXJJZCI6IjExMTExMTExMTExMTExMTExMSIsInVzZXJMb2dpbiI6InN5c2FkbWluQHFhY29kZXJzLmNvbSJ9LCJyZWdpc3RyYXRpb25EYXRlIjoicXVpbnRhLWZlaXJhLCAyOC8xMS8yMDI0LCAyMDowMzoxMyBCUlQiLCJyZWdpc3RyYXRpb25OdW1iZXIiOiIwMSIsImNvbXBhbnlJZCI6IlFhLkNvZGVycyIsIl9pZCI6IjY3NDhmNmIxNDI3ODFlYzBjZTQ1ZjVlOSJ9XSwiX192IjowLCJpYXQiOjE3NDUyODA3NTEsImV4cCI6MTc0NTM2NzE1MX0.SIzEcz-ch5oi0c6EtD3Gw3J9uCzQ-5-U2UyucpFAQqE 
 status=201, reason=Created 
 headers={'Server': 'nginx/1.18.0 (Ubuntu)', 'Date': 'Tue, 22 Apr 2025 00:12:31 GMT', 'Content-Type': 'application/json; charset=utf-8', 'Content-Length': '350', 'Connection': 'keep-alive', 'X-Powered-By': 'Express', 'Access-Control-Allow-Origin': '*', 'ETag': 'W/"15e-koDMSW5m4j/iX3euDHlYy1mIi30"'} 
 body={"msg":"Cadastro realizado com sucesso!","newBoard":{"boardName":"sala de tv mn","boardCode":"300","status":true,"audit":[{"registrationDate":"segunda-feira, 21/04/2025, 21:12:31 BRT","registeredBy":{"userId":"6748f6b142781ec0ce45f5e8","userLogin":"sysadmin@qacoders.com"},"_id":"6806deef37601927a7d93767"}],"_id":"6806deef37601927a7d93766","__v":0}} 
 </msg>
<msg time="2025-04-21T21:12:32.972587" level="INFO">${CRIAR_DIRETORIA_MINUSCULA} = &lt;Response [201]&gt;</msg>
<var>${CRIAR_DIRETORIA_MINUSCULA}</var>
<arg>alias=token</arg>
<arg>url=/board/?token=${banana}</arg>
<arg>json=${body}</arg>
<arg>expected_status=any</arg>
<doc>Sends a POST request on a previously created HTTP Session.</doc>
<status status="PASS" start="2025-04-21T21:12:32.887680" elapsed="0.084975"/>
</kw>
<kw name="Log" owner="BuiltIn">
<msg time="2025-04-21T21:12:32.974290" level="INFO">{'msg': 'Cadastro realizado com sucesso!', 'newBoard': {'boardName': 'sala de tv mn', 'boardCode': '300', 'status': True, 'audit': [{'registrationDate': 'segunda-feira, 21/04/2025, 21:12:31 BRT', 'registeredBy': {'userId': '6748f6b142781ec0ce45f5e8', 'userLogin': 'sysadmin@qacoders.com'}, '_id': '6806deef37601927a7d93767'}], '_id': '6806deef37601927a7d93766', '__v': 0}}</msg>
<arg>${CRIAR_DIRETORIA_MINUSCULA.json()}</arg>
<doc>Logs the given message with the given level.</doc>
<status status="PASS" start="2025-04-21T21:12:32.973056" elapsed="0.001357"/>
</kw>
<status status="PASS" start="2025-04-21T21:12:32.684875" elapsed="0.289697"/>
</kw>
<status status="PASS" start="2025-04-21T21:12:32.678237" elapsed="0.296641"/>
</test>
<test id="s1-t6" name="Cenário 06: Campo diretoria com caracteres especiais apenas" line="25">
<kw name="Criar diretoria com caracteres especiais apenas" owner="kwsCenario06_DiretoriaCaracteresEspeciais">
<kw name="Create Dictionary" owner="BuiltIn">
<msg time="2025-04-21T21:12:32.977410" level="INFO">${BODY} = {'boardName': '%¨&amp;%$#$%'}</msg>
<var>${BODY}</var>
<arg>boardName=%¨&amp;%$#$%</arg>
<doc>Creates and returns a dictionary based on the given ``items``.</doc>
<status status="PASS" start="2025-04-21T21:12:32.976947" elapsed="0.000540"/>
</kw>
<kw name="Criar Sessao" owner="kwsCenario01_PostDiretoria">
<kw name="Create Dictionary" owner="BuiltIn">
<msg time="2025-04-21T21:12:32.978980" level="INFO">${headers} = {'accept': 'application/json', 'Content-Type': 'application/json'}</msg>
<var>${headers}</var>
<arg>accept=application/json</arg>
<arg>Content-Type=application/json</arg>
<doc>Creates and returns a dictionary based on the given ``items``.</doc>
<status status="PASS" start="2025-04-21T21:12:32.978570" elapsed="0.000476"/>
</kw>
<kw name="Create Session" owner="RequestsLibrary">
<msg time="2025-04-21T21:12:32.979998" level="INFO">Creating Session using : alias=token, url=https://qualitys-hunters.qacoders.dev.br/api, headers={'accept': 'application/json', 'Content-Type': 'application/json'},                     cookies={}, auth=None, timeout=None, proxies=None, verify=True,                     debug=0 </msg>
<arg>alias=token</arg>
<arg>url=${BASE_URL}</arg>
<arg>headers=${headers}</arg>
<arg>verify=true</arg>
<doc>Create Session: create a HTTP session to a server</doc>
<status status="PASS" start="2025-04-21T21:12:32.979360" elapsed="0.001068"/>
</kw>
<status status="PASS" start="2025-04-21T21:12:32.977997" elapsed="0.002610"/>
</kw>
<kw name="Pegar token" owner="kwsCenario01_PostDiretoria">
<kw name="Create Dictionary" owner="BuiltIn">
<msg time="2025-04-21T21:12:32.982782" level="INFO">${BODY} = {'mail': 'sysadmin@qacoders.com', 'password': '1234@Test'}</msg>
<var>${BODY}</var>
<arg>mail=sysadmin@qacoders.com</arg>
<arg>password=1234@Test</arg>
<doc>Creates and returns a dictionary based on the given ``items``.</doc>
<status status="PASS" start="2025-04-21T21:12:32.982045" elapsed="0.000848"/>
</kw>
<kw name="Criar Sessao" owner="kwsCenario01_PostDiretoria">
<kw name="Create Dictionary" owner="BuiltIn">
<msg time="2025-04-21T21:12:32.985096" level="INFO">${headers} = {'accept': 'application/json', 'Content-Type': 'application/json'}</msg>
<var>${headers}</var>
<arg>accept=application/json</arg>
<arg>Content-Type=application/json</arg>
<doc>Creates and returns a dictionary based on the given ``items``.</doc>
<status status="PASS" start="2025-04-21T21:12:32.984465" elapsed="0.000779"/>
</kw>
<kw name="Create Session" owner="RequestsLibrary">
<msg time="2025-04-21T21:12:32.986381" level="INFO">Creating Session using : alias=token, url=https://qualitys-hunters.qacoders.dev.br/api, headers={'accept': 'application/json', 'Content-Type': 'application/json'},                     cookies={}, auth=None, timeout=None, proxies=None, verify=True,                     debug=0 </msg>
<arg>alias=token</arg>
<arg>url=${BASE_URL}</arg>
<arg>headers=${headers}</arg>
<arg>verify=true</arg>
<doc>Create Session: create a HTTP session to a server</doc>
<status status="PASS" start="2025-04-21T21:12:32.985660" elapsed="0.001127"/>
</kw>
<status status="PASS" start="2025-04-21T21:12:32.983514" elapsed="0.003457"/>
</kw>
<kw name="POST On Session" owner="RequestsLibrary">
<msg time="2025-04-21T21:12:33.160981" level="INFO">POST Request : url=https://qualitys-hunters.qacoders.dev.br/api/login 
 path_url=/api/login 
 headers={'User-Agent': 'python-requests/2.32.3', 'Accept-Encoding': 'gzip, deflate', 'accept': 'application/json', 'Connection': 'keep-alive', 'Content-Type': 'application/json', 'Content-Length': '58'} 
 body=b'{"mail": "sysadmin@qacoders.com", "password": "1234@Test"}' 
 </msg>
<msg time="2025-04-21T21:12:33.161182" level="INFO">POST Response : url=https://qualitys-hunters.qacoders.dev.br/api/login 
 status=200, reason=OK 
 headers={'Server': 'nginx/1.18.0 (Ubuntu)', 'Date': 'Tue, 22 Apr 2025 00:12:31 GMT', 'Content-Type': 'application/json; charset=utf-8', 'Transfer-Encoding': 'chunked', 'Connection': 'keep-alive', 'X-Powered-By': 'Express', 'Access-Control-Allow-Origin': '*', 'ETag': 'W/"536-+eEUG3zCRmWjGtupCxH41Jo9n5A"', 'Content-Encoding': 'gzip'} 
 body={"msg":"Olá Qa-Coders-SYSADMIN, autenticação autorizada com sucesso!","user":{"_id":"6748f6b142781ec0ce45f5e8","fullName":"Qa-Coders-SYSADMIN","mail":"sysadmin@qacoders.com","password":"$2b$10$5XujP6/9Y/DBgpWDDd4HC.mIubIbTQF.CmboFwoeSq6P.w9i.hl16","accessProfile":"SYSADMIN","cpf":"11111111111","status":true,"audit":[{"registeredBy":{"userId":"111111111111111111","userLogin":"sysadmin@qacoders.com"},"registrationDate":"quinta-feira, 28/11/2024, 20:03:13 BRT","registrationNumber":"01","companyId":"Qa.Coders","_id":"6748f6b142781ec0ce45f5e9"}],"__v":0},"token":"eyJhbGciOiJIUzI1NiIsInR5cCI6IkpXVCJ9.eyJfaWQiOiI2NzQ4ZjZiMTQyNzgxZWMwY2U0NWY1ZTgiLCJmdWxsTmFtZSI6IlFhLUNvZGVycy1TWVNBRE1JTiIsIm1haWwiOiJzeXNhZG1pbkBxYWNvZGVycy5jb20iLCJwYXNzd29yZCI6IiQyYiQxMCQ1WHVqUDYvOVkvREJncFdERGQ0SEMubUl1YkliVFFGLkNtYm9Gd29lU3E2UC53OWkuaGwxNiIsImFjY2Vzc1Byb2ZpbGUiOiJTWVNBRE1JTiIsImNwZiI6IjExMTExMTExMTExIiwic3RhdHVzIjp0cnVlLCJhdWRpdCI6W3sicmVnaXN0ZXJlZEJ5Ijp7InVzZXJJZCI6IjExMTExMTExMTExMTExMTExMSIsInVzZXJMb2dpbiI6InN5c2FkbWluQHFhY29kZXJzLmNvbSJ9LCJyZWdpc3RyYXRpb25EYXRlIjoicXVpbnRhLWZlaXJhLCAyOC8xMS8yMDI0LCAyMDowMzoxMyBCUlQiLCJyZWdpc3RyYXRpb25OdW1iZXIiOiIwMSIsImNvbXBhbnlJZCI6IlFhLkNvZGVycyIsIl9pZCI6IjY3NDhmNmIxNDI3ODFlYzBjZTQ1ZjVlOSJ9XSwiX192IjowLCJpYXQiOjE3NDUyODA3NTEsImV4cCI6MTc0NTM2NzE1MX0.SIzEcz-ch5oi0c6EtD3Gw3J9uCzQ-5-U2UyucpFAQqE"} 
 </msg>
<msg time="2025-04-21T21:12:33.161461" level="INFO">${RESPOSTA} = &lt;Response [200]&gt;</msg>
<var>${RESPOSTA}</var>
<arg>alias=token</arg>
<arg>url=/login</arg>
<arg>json=${BODY}</arg>
<doc>Sends a POST request on a previously created HTTP Session.</doc>
<status status="PASS" start="2025-04-21T21:12:32.987326" elapsed="0.174205"/>
</kw>
<kw name="Log" owner="BuiltIn">
<msg time="2025-04-21T21:12:33.162278" level="INFO">&lt;Response [200]&gt;</msg>
<arg>${RESPOSTA}</arg>
<doc>Logs the given message with the given level.</doc>
<status status="PASS" start="2025-04-21T21:12:33.161918" elapsed="0.000472"/>
</kw>
<return>
<value>${RESPOSTA.json()["token"]}</value>
<status status="PASS" start="2025-04-21T21:12:33.162498" elapsed="0.000095"/>
</return>
<msg time="2025-04-21T21:12:33.163602" level="INFO">${banana} = eyJhbGciOiJIUzI1NiIsInR5cCI6IkpXVCJ9.eyJfaWQiOiI2NzQ4ZjZiMTQyNzgxZWMwY2U0NWY1ZTgiLCJmdWxsTmFtZSI6IlFhLUNvZGVycy1TWVNBRE1JTiIsIm1haWwiOiJzeXNhZG1pbkBxYWNvZGVycy5jb20iLCJwYXNzd29yZCI6IiQyYiQxMCQ1WHVqUDY...</msg>
<var>${banana}</var>
<status status="PASS" start="2025-04-21T21:12:32.981052" elapsed="0.182618"/>
</kw>
<kw name="POST On Session" owner="RequestsLibrary">
<msg time="2025-04-21T21:12:33.196057" level="INFO">POST Request : url=https://qualitys-hunters.qacoders.dev.br/api/board/?token=eyJhbGciOiJIUzI1NiIsInR5cCI6IkpXVCJ9.eyJfaWQiOiI2NzQ4ZjZiMTQyNzgxZWMwY2U0NWY1ZTgiLCJmdWxsTmFtZSI6IlFhLUNvZGVycy1TWVNBRE1JTiIsIm1haWwiOiJzeXNhZG1pbkBxYWNvZGVycy5jb20iLCJwYXNzd29yZCI6IiQyYiQxMCQ1WHVqUDYvOVkvREJncFdERGQ0SEMubUl1YkliVFFGLkNtYm9Gd29lU3E2UC53OWkuaGwxNiIsImFjY2Vzc1Byb2ZpbGUiOiJTWVNBRE1JTiIsImNwZiI6IjExMTExMTExMTExIiwic3RhdHVzIjp0cnVlLCJhdWRpdCI6W3sicmVnaXN0ZXJlZEJ5Ijp7InVzZXJJZCI6IjExMTExMTExMTExMTExMTExMSIsInVzZXJMb2dpbiI6InN5c2FkbWluQHFhY29kZXJzLmNvbSJ9LCJyZWdpc3RyYXRpb25EYXRlIjoicXVpbnRhLWZlaXJhLCAyOC8xMS8yMDI0LCAyMDowMzoxMyBCUlQiLCJyZWdpc3RyYXRpb25OdW1iZXIiOiIwMSIsImNvbXBhbnlJZCI6IlFhLkNvZGVycyIsIl9pZCI6IjY3NDhmNmIxNDI3ODFlYzBjZTQ1ZjVlOSJ9XSwiX192IjowLCJpYXQiOjE3NDUyODA3NTEsImV4cCI6MTc0NTM2NzE1MX0.SIzEcz-ch5oi0c6EtD3Gw3J9uCzQ-5-U2UyucpFAQqE 
 path_url=/api/board/?token=eyJhbGciOiJIUzI1NiIsInR5cCI6IkpXVCJ9.eyJfaWQiOiI2NzQ4ZjZiMTQyNzgxZWMwY2U0NWY1ZTgiLCJmdWxsTmFtZSI6IlFhLUNvZGVycy1TWVNBRE1JTiIsIm1haWwiOiJzeXNhZG1pbkBxYWNvZGVycy5jb20iLCJwYXNzd29yZCI6IiQyYiQxMCQ1WHVqUDYvOVkvREJncFdERGQ0SEMubUl1YkliVFFGLkNtYm9Gd29lU3E2UC53OWkuaGwxNiIsImFjY2Vzc1Byb2ZpbGUiOiJTWVNBRE1JTiIsImNwZiI6IjExMTExMTExMTExIiwic3RhdHVzIjp0cnVlLCJhdWRpdCI6W3sicmVnaXN0ZXJlZEJ5Ijp7InVzZXJJZCI6IjExMTExMTExMTExMTExMTExMSIsInVzZXJMb2dpbiI6InN5c2FkbWluQHFhY29kZXJzLmNvbSJ9LCJyZWdpc3RyYXRpb25EYXRlIjoicXVpbnRhLWZlaXJhLCAyOC8xMS8yMDI0LCAyMDowMzoxMyBCUlQiLCJyZWdpc3RyYXRpb25OdW1iZXIiOiIwMSIsImNvbXBhbnlJZCI6IlFhLkNvZGVycyIsIl9pZCI6IjY3NDhmNmIxNDI3ODFlYzBjZTQ1ZjVlOSJ9XSwiX192IjowLCJpYXQiOjE3NDUyODA3NTEsImV4cCI6MTc0NTM2NzE1MX0.SIzEcz-ch5oi0c6EtD3Gw3J9uCzQ-5-U2UyucpFAQqE 
 headers={'User-Agent': 'python-requests/2.32.3', 'Accept-Encoding': 'gzip, deflate', 'accept': 'application/json', 'Connection': 'keep-alive', 'Content-Type': 'application/json', 'Content-Length': '30'} 
 body=b'{"boardName": "%\\u00a8&amp;%$#$%"}' 
 </msg>
<msg time="2025-04-21T21:12:33.196398" level="INFO">POST Response : url=https://qualitys-hunters.qacoders.dev.br/api/board/?token=eyJhbGciOiJIUzI1NiIsInR5cCI6IkpXVCJ9.eyJfaWQiOiI2NzQ4ZjZiMTQyNzgxZWMwY2U0NWY1ZTgiLCJmdWxsTmFtZSI6IlFhLUNvZGVycy1TWVNBRE1JTiIsIm1haWwiOiJzeXNhZG1pbkBxYWNvZGVycy5jb20iLCJwYXNzd29yZCI6IiQyYiQxMCQ1WHVqUDYvOVkvREJncFdERGQ0SEMubUl1YkliVFFGLkNtYm9Gd29lU3E2UC53OWkuaGwxNiIsImFjY2Vzc1Byb2ZpbGUiOiJTWVNBRE1JTiIsImNwZiI6IjExMTExMTExMTExIiwic3RhdHVzIjp0cnVlLCJhdWRpdCI6W3sicmVnaXN0ZXJlZEJ5Ijp7InVzZXJJZCI6IjExMTExMTExMTExMTExMTExMSIsInVzZXJMb2dpbiI6InN5c2FkbWluQHFhY29kZXJzLmNvbSJ9LCJyZWdpc3RyYXRpb25EYXRlIjoicXVpbnRhLWZlaXJhLCAyOC8xMS8yMDI0LCAyMDowMzoxMyBCUlQiLCJyZWdpc3RyYXRpb25OdW1iZXIiOiIwMSIsImNvbXBhbnlJZCI6IlFhLkNvZGVycyIsIl9pZCI6IjY3NDhmNmIxNDI3ODFlYzBjZTQ1ZjVlOSJ9XSwiX192IjowLCJpYXQiOjE3NDUyODA3NTEsImV4cCI6MTc0NTM2NzE1MX0.SIzEcz-ch5oi0c6EtD3Gw3J9uCzQ-5-U2UyucpFAQqE 
 status=400, reason=Bad Request 
 headers={'Server': 'nginx/1.18.0 (Ubuntu)', 'Date': 'Tue, 22 Apr 2025 00:12:31 GMT', 'Content-Type': 'application/json; charset=utf-8', 'Content-Length': '84', 'Connection': 'keep-alive', 'X-Powered-By': 'Express', 'Access-Control-Allow-Origin': '*', 'ETag': 'W/"54-kPAkPq3704yBNDfw0n6YFGiWzyM"'} 
 body={"error":["O campo 'diretoria' só pode conter letras e o caractere especial '&amp;'."]} 
 </msg>
<msg time="2025-04-21T21:12:33.196684" level="INFO">${CRIAR_DIRETORIA_CARAC_ESPEC} = &lt;Response [400]&gt;</msg>
<var>${CRIAR_DIRETORIA_CARAC_ESPEC}</var>
<arg>alias=token</arg>
<arg>url=/board/?token=${banana}</arg>
<arg>json=${body}</arg>
<arg>expected_status=any</arg>
<doc>Sends a POST request on a previously created HTTP Session.</doc>
<status status="PASS" start="2025-04-21T21:12:33.163970" elapsed="0.032784"/>
</kw>
<kw name="Log" owner="BuiltIn">
<msg time="2025-04-21T21:12:33.198284" level="INFO">{'error': ["O campo 'diretoria' só pode conter letras e o caractere especial '&amp;'."]}</msg>
<arg>${CRIAR_DIRETORIA_CARAC_ESPEC.json()}</arg>
<doc>Logs the given message with the given level.</doc>
<status status="PASS" start="2025-04-21T21:12:33.197130" elapsed="0.001271"/>
</kw>
<status status="PASS" start="2025-04-21T21:12:32.976353" elapsed="0.222196"/>
</kw>
<status status="PASS" start="2025-04-21T21:12:32.975373" elapsed="0.223524"/>
</test>
<test id="s1-t7" name="Cenário 07: Campo diretoria com letras maiusculas, minusculas e &amp;" line="28">
<kw name="Criar um novo usuário método Generate Random String" owner="kwsCenario00_MassaDados">
<kw name="Generate Random String" owner="String">
<msg time="2025-04-21T21:12:33.201894" level="INFO">${palavra_aleatoria} = fX</msg>
<var>${palavra_aleatoria}</var>
<arg>length=2</arg>
<arg>chars=[LETTERS]</arg>
<doc>Generates a string with a desired ``length`` from the given ``chars``.</doc>
<status status="PASS" start="2025-04-21T21:12:33.201371" elapsed="0.000590"/>
</kw>
<kw name="Convert To Upper Case" owner="String">
<msg time="2025-04-21T21:12:33.202618" level="INFO">${palavra_aleatoria} = FX</msg>
<var>${palavra_aleatoria}</var>
<arg>${palavra_aleatoria}</arg>
<doc>Converts string to upper case.</doc>
<status status="PASS" start="2025-04-21T21:12:33.202274" elapsed="0.000399"/>
</kw>
<kw name="Set Test Variable" owner="BuiltIn">
<msg time="2025-04-21T21:12:33.204832" level="INFO">${EMAIL_TESTE} = FX</msg>
<arg>${EMAIL_TESTE}</arg>
<arg>${palavra_aleatoria}</arg>
<doc>Makes a variable available everywhere within the scope of the current test.</doc>
<status status="PASS" start="2025-04-21T21:12:33.202946" elapsed="0.002077"/>
</kw>
<kw name="Set Global Variable" owner="BuiltIn">
<msg time="2025-04-21T21:12:33.206111" level="INFO">${palavra_aleatoria} = FX</msg>
<arg>${palavra_aleatoria}</arg>
<doc>Makes a variable available globally in all tests and suites.</doc>
<status status="PASS" start="2025-04-21T21:12:33.205584" elapsed="0.000697"/>
</kw>
<status status="PASS" start="2025-04-21T21:12:33.200774" elapsed="0.005673"/>
</kw>
<kw name="Criar diretoria com letras maiusculas, minusculas e &amp;" owner="kwsCenario07_DiretoriaMaiusculaMinuscula&amp;">
<kw name="Create Dictionary" owner="BuiltIn">
<msg time="2025-04-21T21:12:33.208622" level="INFO">${BODY} = {'boardName': 'Quarto &amp; Sala FX'}</msg>
<var>${BODY}</var>
<arg>boardName=Quarto &amp; Sala ${palavra_aleatoria}</arg>
<doc>Creates and returns a dictionary based on the given ``items``.</doc>
<status status="PASS" start="2025-04-21T21:12:33.207937" elapsed="0.000757"/>
</kw>
<kw name="Criar Sessao" owner="kwsCenario01_PostDiretoria">
<kw name="Create Dictionary" owner="BuiltIn">
<msg time="2025-04-21T21:12:33.210320" level="INFO">${headers} = {'accept': 'application/json', 'Content-Type': 'application/json'}</msg>
<var>${headers}</var>
<arg>accept=application/json</arg>
<arg>Content-Type=application/json</arg>
<doc>Creates and returns a dictionary based on the given ``items``.</doc>
<status status="PASS" start="2025-04-21T21:12:33.209780" elapsed="0.000610"/>
</kw>
<kw name="Create Session" owner="RequestsLibrary">
<msg time="2025-04-21T21:12:33.211333" level="INFO">Creating Session using : alias=token, url=https://qualitys-hunters.qacoders.dev.br/api, headers={'accept': 'application/json', 'Content-Type': 'application/json'},                     cookies={}, auth=None, timeout=None, proxies=None, verify=True,                     debug=0 </msg>
<arg>alias=token</arg>
<arg>url=${BASE_URL}</arg>
<arg>headers=${headers}</arg>
<arg>verify=true</arg>
<doc>Create Session: create a HTTP session to a server</doc>
<status status="PASS" start="2025-04-21T21:12:33.210718" elapsed="0.001104"/>
</kw>
<status status="PASS" start="2025-04-21T21:12:33.209112" elapsed="0.002966"/>
</kw>
<kw name="Pegar token" owner="kwsCenario01_PostDiretoria">
<kw name="Create Dictionary" owner="BuiltIn">
<msg time="2025-04-21T21:12:33.214220" level="INFO">${BODY} = {'mail': 'sysadmin@qacoders.com', 'password': '1234@Test'}</msg>
<var>${BODY}</var>
<arg>mail=sysadmin@qacoders.com</arg>
<arg>password=1234@Test</arg>
<doc>Creates and returns a dictionary based on the given ``items``.</doc>
<status status="PASS" start="2025-04-21T21:12:33.213605" elapsed="0.000743"/>
</kw>
<kw name="Criar Sessao" owner="kwsCenario01_PostDiretoria">
<kw name="Create Dictionary" owner="BuiltIn">
<msg time="2025-04-21T21:12:33.216242" level="INFO">${headers} = {'accept': 'application/json', 'Content-Type': 'application/json'}</msg>
<var>${headers}</var>
<arg>accept=application/json</arg>
<arg>Content-Type=application/json</arg>
<doc>Creates and returns a dictionary based on the given ``items``.</doc>
<status status="PASS" start="2025-04-21T21:12:33.215773" elapsed="0.000680"/>
</kw>
<kw name="Create Session" owner="RequestsLibrary">
<msg time="2025-04-21T21:12:33.217450" level="INFO">Creating Session using : alias=token, url=https://qualitys-hunters.qacoders.dev.br/api, headers={'accept': 'application/json', 'Content-Type': 'application/json'},                     cookies={}, auth=None, timeout=None, proxies=None, verify=True,                     debug=0 </msg>
<arg>alias=token</arg>
<arg>url=${BASE_URL}</arg>
<arg>headers=${headers}</arg>
<arg>verify=true</arg>
<doc>Create Session: create a HTTP session to a server</doc>
<status status="PASS" start="2025-04-21T21:12:33.216810" elapsed="0.001017"/>
</kw>
<status status="PASS" start="2025-04-21T21:12:33.214907" elapsed="0.003089"/>
</kw>
<kw name="POST On Session" owner="RequestsLibrary">
<msg time="2025-04-21T21:12:33.400356" level="INFO">POST Request : url=https://qualitys-hunters.qacoders.dev.br/api/login 
 path_url=/api/login 
 headers={'User-Agent': 'python-requests/2.32.3', 'Accept-Encoding': 'gzip, deflate', 'accept': 'application/json', 'Connection': 'keep-alive', 'Content-Type': 'application/json', 'Content-Length': '58'} 
 body=b'{"mail": "sysadmin@qacoders.com", "password": "1234@Test"}' 
 </msg>
<msg time="2025-04-21T21:12:33.400529" level="INFO">POST Response : url=https://qualitys-hunters.qacoders.dev.br/api/login 
 status=200, reason=OK 
 headers={'Server': 'nginx/1.18.0 (Ubuntu)', 'Date': 'Tue, 22 Apr 2025 00:12:31 GMT', 'Content-Type': 'application/json; charset=utf-8', 'Transfer-Encoding': 'chunked', 'Connection': 'keep-alive', 'X-Powered-By': 'Express', 'Access-Control-Allow-Origin': '*', 'ETag': 'W/"536-+eEUG3zCRmWjGtupCxH41Jo9n5A"', 'Content-Encoding': 'gzip'} 
[...]
 </msg>
<msg time="2025-04-21T21:12:35.581191" level="INFO">${RESPOSTA} = &lt;Response [200]&gt;</msg>
<var>${RESPOSTA}</var>
<arg>alias=token</arg>
<arg>url=/login</arg>
<arg>json=${BODY}</arg>
<doc>Sends a POST request on a previously created HTTP Session.</doc>
<status status="PASS" start="2025-04-21T21:12:35.385796" elapsed="0.195477"/>
</kw>
<kw name="Log" owner="BuiltIn">
<msg time="2025-04-21T21:12:35.582286" level="INFO">&lt;Response [200]&gt;</msg>
<arg>${RESPOSTA}</arg>
<doc>Logs the given message with the given level.</doc>
<status status="PASS" start="2025-04-21T21:12:35.581774" elapsed="0.000658"/>
</kw>
<return>
<value>${RESPOSTA.json()["token"]}</value>
<status status="PASS" start="2025-04-21T21:12:35.582574" elapsed="0.000109"/>
</return>
<msg time="2025-04-21T21:12:35.583858" level="INFO">${banana} = eyJhbGciOiJIUzI1NiIsInR5cCI6IkpXVCJ9.eyJfaWQiOiI2NzQ4ZjZiMTQyNzgxZWMwY2U0NWY1ZTgiLCJmdWxsTmFtZSI6IlFhLUNvZGVycy1TWVNBRE1JTiIsIm1haWwiOiJzeXNhZG1pbkBxYWNvZGVycy5jb20iLCJwYXNzd29yZCI6IiQyYiQxMCQ1WHVqUDY...</msg>
<var>${banana}</var>
<status status="PASS" start="2025-04-21T21:12:35.382341" elapsed="0.201708"/>
</kw>
<kw name="POST On Session" owner="RequestsLibrary">
<msg time="2025-04-21T21:12:35.623963" level="INFO">POST Request : url=https://qualitys-hunters.qacoders.dev.br/api/board/?token=eyJhbGciOiJIUzI1NiIsInR5cCI6IkpXVCJ9.eyJfaWQiOiI2NzQ4ZjZiMTQyNzgxZWMwY2U0NWY1ZTgiLCJmdWxsTmFtZSI6IlFhLUNvZGVycy1TWVNBRE1JTiIsIm1haWwiOiJzeXNhZG1pbkBxYWNvZGVycy5jb20iLCJwYXNzd29yZCI6IiQyYiQxMCQ1WHVqUDYvOVkvREJncFdERGQ0SEMubUl1YkliVFFGLkNtYm9Gd29lU3E2UC53OWkuaGwxNiIsImFjY2Vzc1Byb2ZpbGUiOiJTWVNBRE1JTiIsImNwZiI6IjExMTExMTExMTExIiwic3RhdHVzIjp0cnVlLCJhdWRpdCI6W3sicmVnaXN0ZXJlZEJ5Ijp7InVzZXJJZCI6IjExMTExMTExMTExMTExMTExMSIsInVzZXJMb2dpbiI6InN5c2FkbWluQHFhY29kZXJzLmNvbSJ9LCJyZWdpc3RyYXRpb25EYXRlIjoicXVpbnRhLWZlaXJhLCAyOC8xMS8yMDI0LCAyMDowMzoxMyBCUlQiLCJyZWdpc3RyYXRpb25OdW1iZXIiOiIwMSIsImNvbXBhbnlJZCI6IlFhLkNvZGVycyIsIl9pZCI6IjY3NDhmNmIxNDI3ODFlYzBjZTQ1ZjVlOSJ9XSwiX192IjowLCJpYXQiOjE3NDUyODA3NTQsImV4cCI6MTc0NTM2NzE1NH0.zQgUTS9gMVYyzbL00zUMVcQnFOKpv6_WeZUOY9x6khM 
 path_url=/api/board/?token=eyJhbGciOiJIUzI1NiIsInR5cCI6IkpXVCJ9.eyJfaWQiOiI2NzQ4ZjZiMTQyNzgxZWMwY2U0NWY1ZTgiLCJmdWxsTmFtZSI6IlFhLUNvZGVycy1TWVNBRE1JTiIsIm1haWwiOiJzeXNhZG1pbkBxYWNvZGVycy5jb20iLCJwYXNzd29yZCI6IiQyYiQxMCQ1WHVqUDYvOVkvREJncFdERGQ0SEMubUl1YkliVFFGLkNtYm9Gd29lU3E2UC53OWkuaGwxNiIsImFjY2Vzc1Byb2ZpbGUiOiJTWVNBRE1JTiIsImNwZiI6IjExMTExMTExMTExIiwic3RhdHVzIjp0cnVlLCJhdWRpdCI6W3sicmVnaXN0ZXJlZEJ5Ijp7InVzZXJJZCI6IjExMTExMTExMTExMTExMTExMSIsInVzZXJMb2dpbiI6InN5c2FkbWluQHFhY29kZXJzLmNvbSJ9LCJyZWdpc3RyYXRpb25EYXRlIjoicXVpbnRhLWZlaXJhLCAyOC8xMS8yMDI0LCAyMDowMzoxMyBCUlQiLCJyZWdpc3RyYXRpb25OdW1iZXIiOiIwMSIsImNvbXBhbnlJZCI6IlFhLkNvZGVycyIsIl9pZCI6IjY3NDhmNmIxNDI3ODFlYzBjZTQ1ZjVlOSJ9XSwiX192IjowLCJpYXQiOjE3NDUyODA3NTQsImV4cCI6MTc0NTM2NzE1NH0.zQgUTS9gMVYyzbL00zUMVcQnFOKpv6_WeZUOY9x6khM 
 headers={'User-Agent': 'python-requests/2.32.3', 'Accept-Encoding': 'gzip, deflate', 'accept': 'application/json', 'Connection': 'keep-alive', 'Content-Type': 'application/json', 'Content-Length': '36'} 
 body=b'{"boardName": "QUARTO DE ROUPAS LH"}' 
 </msg>
<msg time="2025-04-21T21:12:35.624184" level="INFO">POST Response : url=https://qualitys-hunters.qacoders.dev.br/api/board/?token=eyJhbGciOiJIUzI1NiIsInR5cCI6IkpXVCJ9.eyJfaWQiOiI2NzQ4ZjZiMTQyNzgxZWMwY2U0NWY1ZTgiLCJmdWxsTmFtZSI6IlFhLUNvZGVycy1TWVNBRE1JTiIsIm1haWwiOiJzeXNhZG1pbkBxYWNvZGVycy5jb20iLCJwYXNzd29yZCI6IiQyYiQxMCQ1WHVqUDYvOVkvREJncFdERGQ0SEMubUl1YkliVFFGLkNtYm9Gd29lU3E2UC53OWkuaGwxNiIsImFjY2Vzc1Byb2ZpbGUiOiJTWVNBRE1JTiIsImNwZiI6IjExMTExMTExMTExIiwic3RhdHVzIjp0cnVlLCJhdWRpdCI6W3sicmVnaXN0ZXJlZEJ5Ijp7InVzZXJJZCI6IjExMTExMTExMTExMTExMTExMSIsInVzZXJMb2dpbiI6InN5c2FkbWluQHFhY29kZXJzLmNvbSJ9LCJyZWdpc3RyYXRpb25EYXRlIjoicXVpbnRhLWZlaXJhLCAyOC8xMS8yMDI0LCAyMDowMzoxMyBCUlQiLCJyZWdpc3RyYXRpb25OdW1iZXIiOiIwMSIsImNvbXBhbnlJZCI6IlFhLkNvZGVycyIsIl9pZCI6IjY3NDhmNmIxNDI3ODFlYzBjZTQ1ZjVlOSJ9XSwiX192IjowLCJpYXQiOjE3NDUyODA3NTQsImV4cCI6MTc0NTM2NzE1NH0.zQgUTS9gMVYyzbL00zUMVcQnFOKpv6_WeZUOY9x6khM 
 status=201, reason=Created 
 headers={'Server': 'nginx/1.18.0 (Ubuntu)', 'Date': 'Tue, 22 Apr 2025 00:12:34 GMT', 'Content-Type': 'application/json; charset=utf-8', 'Content-Length': '356', 'Connection': 'keep-alive', 'X-Powered-By': 'Express', 'Access-Control-Allow-Origin': '*', 'ETag': 'W/"164-j2TL2X3jMgMLQW6A9WHTS/HBaPQ"'} 
 body={"msg":"Cadastro realizado com sucesso!","newBoard":{"boardName":"QUARTO DE ROUPAS LH","boardCode":"303","status":true,"audit":[{"registrationDate":"segunda-feira, 21/04/2025, 21:12:34 BRT","registeredBy":{"userId":"6748f6b142781ec0ce45f5e8","userLogin":"sysadmin@qacoders.com"},"_id":"6806def237601927a7d938e0"}],"_id":"6806def237601927a7d938df","__v":0}} 
 </msg>
<msg time="2025-04-21T21:12:35.624479" level="INFO">${CRIAR_DIRETORIA_EDITAR} = &lt;Response [201]&gt;</msg>
<var>${CRIAR_DIRETORIA_EDITAR}</var>
<arg>alias=token</arg>
<arg>url=/board/?token=${banana}</arg>
<arg>json=${body}</arg>
<arg>expected_status=any</arg>
<doc>Sends a POST request on a previously created HTTP Session.</doc>
<status status="PASS" start="2025-04-21T21:12:35.584431" elapsed="0.040112"/>
</kw>
<kw name="Log" owner="BuiltIn">
<msg time="2025-04-21T21:12:35.626121" level="INFO">6806def237601927a7d938df</msg>
<arg>${CRIAR_DIRETORIA_EDITAR.json()["newBoard"]["_id"]}</arg>
<doc>Logs the given message with the given level.</doc>
<status status="PASS" start="2025-04-21T21:12:35.624990" elapsed="0.001300"/>
</kw>
<kw name="Set Variable" owner="BuiltIn">
<msg time="2025-04-21T21:12:35.627758" level="INFO">${userId} = 6806def237601927a7d938df</msg>
<var>${userId}</var>
<arg>${CRIAR_DIRETORIA_EDITAR.json()["newBoard"]["_id"]}</arg>
<doc>Returns the given values which can then be assigned to a variables.</doc>
<status status="PASS" start="2025-04-21T21:12:35.626627" elapsed="0.001210"/>
</kw>
<kw name="Set Global Variable" owner="BuiltIn">
<msg time="2025-04-21T21:12:35.628661" level="INFO">${userId} = 6806def237601927a7d938df</msg>
<arg>${userId}</arg>
<doc>Makes a variable available globally in all tests and suites.</doc>
<status status="PASS" start="2025-04-21T21:12:35.628215" elapsed="0.000546"/>
</kw>
<status status="PASS" start="2025-04-21T21:12:35.378139" elapsed="0.250766"/>
</kw>
<kw name="Editar diretoria" owner="kwsCenario12_EditarDiretoria">
<kw name="Create Dictionary" owner="BuiltIn">
<msg time="2025-04-21T21:12:35.630671" level="INFO">${BODY} = {'boardName': 'OPERAÇÕES ESPECIAIS LH'}</msg>
<var>${BODY}</var>
<arg>boardName=OPERAÇÕES ESPECIAIS ${palavra_aleatoria}</arg>
<doc>Creates and returns a dictionary based on the given ``items``.</doc>
<status status="PASS" start="2025-04-21T21:12:35.630094" elapsed="0.000649"/>
</kw>
<kw name="Criar Sessao" owner="kwsCenario01_PostDiretoria">
<kw name="Create Dictionary" owner="BuiltIn">
<msg time="2025-04-21T21:12:35.632253" level="INFO">${headers} = {'accept': 'application/json', 'Content-Type': 'application/json'}</msg>
<var>${headers}</var>
<arg>accept=application/json</arg>
<arg>Content-Type=application/json</arg>
<doc>Creates and returns a dictionary based on the given ``items``.</doc>
<status status="PASS" start="2025-04-21T21:12:35.631739" elapsed="0.000594"/>
</kw>
<kw name="Create Session" owner="RequestsLibrary">
<msg time="2025-04-21T21:12:35.633204" level="INFO">Creating Session using : alias=token, url=https://qualitys-hunters.qacoders.dev.br/api, headers={'accept': 'application/json', 'Content-Type': 'application/json'},                     cookies={}, auth=None, timeout=None, proxies=None, verify=True,                     debug=0 </msg>
<arg>alias=token</arg>
<arg>url=${BASE_URL}</arg>
<arg>headers=${headers}</arg>
<arg>verify=true</arg>
<doc>Create Session: create a HTTP session to a server</doc>
<status status="PASS" start="2025-04-21T21:12:35.632631" elapsed="0.000924"/>
</kw>
<status status="PASS" start="2025-04-21T21:12:35.631127" elapsed="0.002591"/>
</kw>
<kw name="Pegar token" owner="kwsCenario01_PostDiretoria">
<kw name="Create Dictionary" owner="BuiltIn">
<msg time="2025-04-21T21:12:35.635418" level="INFO">${BODY} = {'mail': 'sysadmin@qacoders.com', 'password': '1234@Test'}</msg>
<var>${BODY}</var>
<arg>mail=sysadmin@qacoders.com</arg>
<arg>password=1234@Test</arg>
<doc>Creates and returns a dictionary based on the given ``items``.</doc>
<status status="PASS" start="2025-04-21T21:12:35.634875" elapsed="0.000616"/>
</kw>
<kw name="Criar Sessao" owner="kwsCenario01_PostDiretoria">
<kw name="Create Dictionary" owner="BuiltIn">
<msg time="2025-04-21T21:12:35.636957" level="INFO">${headers} = {'accept': 'application/json', 'Content-Type': 'application/json'}</msg>
<var>${headers}</var>
<arg>accept=application/json</arg>
<arg>Content-Type=application/json</arg>
<doc>Creates and returns a dictionary based on the given ``items``.</doc>
<status status="PASS" start="2025-04-21T21:12:35.636536" elapsed="0.000492"/>
</kw>
<kw name="Create Session" owner="RequestsLibrary">
<msg time="2025-04-21T21:12:35.638092" level="INFO">Creating Session using : alias=token, url=https://qualitys-hunters.qacoders.dev.br/api, headers={'accept': 'application/json', 'Content-Type': 'application/json'},                     cookies={}, auth=None, timeout=None, proxies=None, verify=True,                     debug=0 </msg>
<arg>alias=token</arg>
<arg>url=${BASE_URL}</arg>
<arg>headers=${headers}</arg>
<arg>verify=true</arg>
<doc>Create Session: create a HTTP session to a server</doc>
<status status="PASS" start="2025-04-21T21:12:35.637381" elapsed="0.001227"/>
</kw>
<status status="PASS" start="2025-04-21T21:12:35.635887" elapsed="0.002898"/>
</kw>
<kw name="POST On Session" owner="RequestsLibrary">
<msg time="2025-04-21T21:12:35.846146" level="INFO">POST Request : url=https://qualitys-hunters.qacoders.dev.br/api/login 
 path_url=/api/login 
 headers={'User-Agent': 'python-requests/2.32.3', 'Accept-Encoding': 'gzip, deflate', 'accept': 'application/json', 'Connection': 'keep-alive', 'Content-Type': 'application/json', 'Content-Length': '58'} 
 body=b'{"mail": "sysadmin@qacoders.com", "password": "1234@Test"}' 
 </msg>
<msg time="2025-04-21T21:12:35.846353" level="INFO">POST Response : url=https://qualitys-hunters.qacoders.dev.br/api/login 
 status=200, reason=OK 
 headers={'Server': 'nginx/1.18.0 (Ubuntu)', 'Date': 'Tue, 22 Apr 2025 00:12:34 GMT', 'Content-Type': 'application/json; charset=utf-8', 'Transfer-Encoding': 'chunked', 'Connection': 'keep-alive', 'X-Powered-By': 'Express', 'Access-Control-Allow-Origin': '*', 'ETag': 'W/"536-4AIbv3Ey9GrhUzuk9mKTeR8AAwU"', 'Content-Encoding': 'gzip'} 
 body={"msg":"Olá Qa-Coders-SYSADMIN, autenticação autorizada com sucesso!","user":{"_id":"6748f6b142781ec0ce45f5e8","fullName":"Qa-Coders-SYSADMIN","mail":"sysadmin@qacoders.com","password":"$2b$10$5XujP6/9Y/DBgpWDDd4HC.mIubIbTQF.CmboFwoeSq6P.w9i.hl16","accessProfile":"SYSADMIN","cpf":"11111111111","status":true,"audit":[{"registeredBy":{"userId":"111111111111111111","userLogin":"sysadmin@qacoders.com"},"registrationDate":"quinta-feira, 28/11/2024, 20:03:13 BRT","registrationNumber":"01","companyId":"Qa.Coders","_id":"6748f6b142781ec0ce45f5e9"}],"__v":0},"token":"eyJhbGciOiJIUzI1NiIsInR5cCI6IkpXVCJ9.eyJfaWQiOiI2NzQ4ZjZiMTQyNzgxZWMwY2U0NWY1ZTgiLCJmdWxsTmFtZSI6IlFhLUNvZGVycy1TWVNBRE1JTiIsIm1haWwiOiJzeXNhZG1pbkBxYWNvZGVycy5jb20iLCJwYXNzd29yZCI6IiQyYiQxMCQ1WHVqUDYvOVkvREJncFdERGQ0SEMubUl1YkliVFFGLkNtYm9Gd29lU3E2UC53OWkuaGwxNiIsImFjY2Vzc1Byb2ZpbGUiOiJTWVNBRE1JTiIsImNwZiI6IjExMTExMTExMTExIiwic3RhdHVzIjp0cnVlLCJhdWRpdCI6W3sicmVnaXN0ZXJlZEJ5Ijp7InVzZXJJZCI6IjExMTExMTExMTExMTExMTExMSIsInVzZXJMb2dpbiI6InN5c2FkbWluQHFhY29kZXJzLmNvbSJ9LCJyZWdpc3RyYXRpb25EYXRlIjoicXVpbnRhLWZlaXJhLCAyOC8xMS8yMDI0LCAyMDowMzoxMyBCUlQiLCJyZWdpc3RyYXRpb25OdW1iZXIiOiIwMSIsImNvbXBhbnlJZCI6IlFhLkNvZGVycyIsIl9pZCI6IjY3NDhmNmIxNDI3ODFlYzBjZTQ1ZjVlOSJ9XSwiX192IjowLCJpYXQiOjE3NDUyODA3NTQsImV4cCI6MTc0NTM2NzE1NH0.zQgUTS9gMVYyzbL00zUMVcQnFOKpv6_WeZUOY9x6khM"} 
 </msg>
<msg time="2025-04-21T21:12:35.846641" level="INFO">${RESPOSTA} = &lt;Response [200]&gt;</msg>
<var>${RESPOSTA}</var>
<arg>alias=token</arg>
<arg>url=/login</arg>
<arg>json=${BODY}</arg>
<doc>Sends a POST request on a previously created HTTP Session.</doc>
<status status="PASS" start="2025-04-21T21:12:35.639082" elapsed="0.207631"/>
</kw>
<kw name="Log" owner="BuiltIn">
<msg time="2025-04-21T21:12:35.847606" level="INFO">&lt;Response [200]&gt;</msg>
<arg>${RESPOSTA}</arg>
<doc>Logs the given message with the given level.</doc>
<status status="PASS" start="2025-04-21T21:12:35.847123" elapsed="0.000619"/>
</kw>
<return>
<value>${RESPOSTA.json()["token"]}</value>
<status status="PASS" start="2025-04-21T21:12:35.847864" elapsed="0.000107"/>
</return>
<msg time="2025-04-21T21:12:35.849139" level="INFO">${banana} = eyJhbGciOiJIUzI1NiIsInR5cCI6IkpXVCJ9.eyJfaWQiOiI2NzQ4ZjZiMTQyNzgxZWMwY2U0NWY1ZTgiLCJmdWxsTmFtZSI6IlFhLUNvZGVycy1TWVNBRE1JTiIsIm1haWwiOiJzeXNhZG1pbkBxYWNvZGVycy5jb20iLCJwYXNzd29yZCI6IiQyYiQxMCQ1WHVqUDY...</msg>
<var>${banana}</var>
<status status="PASS" start="2025-04-21T21:12:35.634142" elapsed="0.215090"/>
</kw>
<kw name="PUT On Session" owner="RequestsLibrary">
<msg time="2025-04-21T21:12:35.896504" level="INFO">PUT Request : url=https://qualitys-hunters.qacoders.dev.br/api/board/6806def237601927a7d938df?token=eyJhbGciOiJIUzI1NiIsInR5cCI6IkpXVCJ9.eyJfaWQiOiI2NzQ4ZjZiMTQyNzgxZWMwY2U0NWY1ZTgiLCJmdWxsTmFtZSI6IlFhLUNvZGVycy1TWVNBRE1JTiIsIm1haWwiOiJzeXNhZG1pbkBxYWNvZGVycy5jb20iLCJwYXNzd29yZCI6IiQyYiQxMCQ1WHVqUDYvOVkvREJncFdERGQ0SEMubUl1YkliVFFGLkNtYm9Gd29lU3E2UC53OWkuaGwxNiIsImFjY2Vzc1Byb2ZpbGUiOiJTWVNBRE1JTiIsImNwZiI6IjExMTExMTExMTExIiwic3RhdHVzIjp0cnVlLCJhdWRpdCI6W3sicmVnaXN0ZXJlZEJ5Ijp7InVzZXJJZCI6IjExMTExMTExMTExMTExMTExMSIsInVzZXJMb2dpbiI6InN5c2FkbWluQHFhY29kZXJzLmNvbSJ9LCJyZWdpc3RyYXRpb25EYXRlIjoicXVpbnRhLWZlaXJhLCAyOC8xMS8yMDI0LCAyMDowMzoxMyBCUlQiLCJyZWdpc3RyYXRpb25OdW1iZXIiOiIwMSIsImNvbXBhbnlJZCI6IlFhLkNvZGVycyIsIl9pZCI6IjY3NDhmNmIxNDI3ODFlYzBjZTQ1ZjVlOSJ9XSwiX192IjowLCJpYXQiOjE3NDUyODA3NTQsImV4cCI6MTc0NTM2NzE1NH0.zQgUTS9gMVYyzbL00zUMVcQnFOKpv6_WeZUOY9x6khM 
 path_url=/api/board/6806def237601927a7d938df?token=eyJhbGciOiJIUzI1NiIsInR5cCI6IkpXVCJ9.eyJfaWQiOiI2NzQ4ZjZiMTQyNzgxZWMwY2U0NWY1ZTgiLCJmdWxsTmFtZSI6IlFhLUNvZGVycy1TWVNBRE1JTiIsIm1haWwiOiJzeXNhZG1pbkBxYWNvZGVycy5jb20iLCJwYXNzd29yZCI6IiQyYiQxMCQ1WHVqUDYvOVkvREJncFdERGQ0SEMubUl1YkliVFFGLkNtYm9Gd29lU3E2UC53OWkuaGwxNiIsImFjY2Vzc1Byb2ZpbGUiOiJTWVNBRE1JTiIsImNwZiI6IjExMTExMTExMTExIiwic3RhdHVzIjp0cnVlLCJhdWRpdCI6W3sicmVnaXN0ZXJlZEJ5Ijp7InVzZXJJZCI6IjExMTExMTExMTExMTExMTExMSIsInVzZXJMb2dpbiI6InN5c2FkbWluQHFhY29kZXJzLmNvbSJ9LCJyZWdpc3RyYXRpb25EYXRlIjoicXVpbnRhLWZlaXJhLCAyOC8xMS8yMDI0LCAyMDowMzoxMyBCUlQiLCJyZWdpc3RyYXRpb25OdW1iZXIiOiIwMSIsImNvbXBhbnlJZCI6IlFhLkNvZGVycyIsIl9pZCI6IjY3NDhmNmIxNDI3ODFlYzBjZTQ1ZjVlOSJ9XSwiX192IjowLCJpYXQiOjE3NDUyODA3NTQsImV4cCI6MTc0NTM2NzE1NH0.zQgUTS9gMVYyzbL00zUMVcQnFOKpv6_WeZUOY9x6khM 
 headers={'User-Agent': 'python-requests/2.32.3', 'Accept-Encoding': 'gzip, deflate', 'accept': 'application/json', 'Connection': 'keep-alive', 'Content-Type': 'application/json', 'Content-Length': '49'} 
 body=b'{"boardName": "OPERA\\u00c7\\u00d5ES ESPECIAIS LH"}' 
 </msg>
<msg time="2025-04-21T21:12:35.896691" level="INFO">PUT Response : url=https://qualitys-hunters.qacoders.dev.br/api/board/6806def237601927a7d938df?token=eyJhbGciOiJIUzI1NiIsInR5cCI6IkpXVCJ9.eyJfaWQiOiI2NzQ4ZjZiMTQyNzgxZWMwY2U0NWY1ZTgiLCJmdWxsTmFtZSI6IlFhLUNvZGVycy1TWVNBRE1JTiIsIm1haWwiOiJzeXNhZG1pbkBxYWNvZGVycy5jb20iLCJwYXNzd29yZCI6IiQyYiQxMCQ1WHVqUDYvOVkvREJncFdERGQ0SEMubUl1YkliVFFGLkNtYm9Gd29lU3E2UC53OWkuaGwxNiIsImFjY2Vzc1Byb2ZpbGUiOiJTWVNBRE1JTiIsImNwZiI6IjExMTExMTExMTExIiwic3RhdHVzIjp0cnVlLCJhdWRpdCI6W3sicmVnaXN0ZXJlZEJ5Ijp7InVzZXJJZCI6IjExMTExMTExMTExMTExMTExMSIsInVzZXJMb2dpbiI6InN5c2FkbWluQHFhY29kZXJzLmNvbSJ9LCJyZWdpc3RyYXRpb25EYXRlIjoicXVpbnRhLWZlaXJhLCAyOC8xMS8yMDI0LCAyMDowMzoxMyBCUlQiLCJyZWdpc3RyYXRpb25OdW1iZXIiOiIwMSIsImNvbXBhbnlJZCI6IlFhLkNvZGVycyIsIl9pZCI6IjY3NDhmNmIxNDI3ODFlYzBjZTQ1ZjVlOSJ9XSwiX192IjowLCJpYXQiOjE3NDUyODA3NTQsImV4cCI6MTc0NTM2NzE1NH0.zQgUTS9gMVYyzbL00zUMVcQnFOKpv6_WeZUOY9x6khM 
 status=200, reason=OK 
 headers={'Server': 'nginx/1.18.0 (Ubuntu)', 'Date': 'Tue, 22 Apr 2025 00:12:34 GMT', 'Content-Type': 'application/json; charset=utf-8', 'Transfer-Encoding': 'chunked', 'Connection': 'keep-alive', 'X-Powered-By': 'Express', 'Access-Control-Allow-Origin': '*', 'ETag': 'W/"21e-tkhRhXVn4Pqvzc/SFzIP611tOoA"', 'Content-Encoding': 'gzip'} 
 body={"msg":"Cadastro atualizado com sucesso.","updatedBoard":{"_id":"6806def237601927a7d938df","boardName":"OPERAÇÕES ESPECIAIS LH","boardCode":"303","status":true,"audit":[{"registeredBy":{"userId":"6748f6b142781ec0ce45f5e8","userLogin":"sysadmin@qacoders.com"},"registrationDate":"segunda-feira, 21/04/2025, 21:12:34 BRT","_id":"6806def237601927a7d938e0"},{"updatedBy":{"userId":"6748f6b142781ec0ce45f5e8","userLogin":"sysadmin@qacoders.com"},"updateDate":"segunda-feira, 21/04/2025, 21:12:34 BRT","_id":"6806def237601927a7d938e8"}],"__v":0}} 
 </msg>
<msg time="2025-04-21T21:12:35.896971" level="INFO">${EDITAR_DIRETORIA} = &lt;Response [200]&gt;</msg>
<var>${EDITAR_DIRETORIA}</var>
<arg>alias=token</arg>
<arg>url=/board/${userId}?token=${banana}</arg>
<arg>json=${body}</arg>
<arg>expected_status=any</arg>
<doc>Sends a PUT request on a previously created HTTP Session.</doc>
<status status="PASS" start="2025-04-21T21:12:35.849590" elapsed="0.047452"/>
</kw>
<kw name="Log" owner="BuiltIn">
<msg time="2025-04-21T21:12:35.898874" level="INFO">{'msg': 'Cadastro atualizado com sucesso.', 'updatedBoard': {'_id': '6806def237601927a7d938df', 'boardName': 'OPERAÇÕES ESPECIAIS LH', 'boardCode': '303', 'status': True, 'audit': [{'registeredBy': {'userId': '6748f6b142781ec0ce45f5e8', 'userLogin': 'sysadmin@qacoders.com'}, 'registrationDate': 'segunda-feira, 21/04/2025, 21:12:34 BRT', '_id': '6806def237601927a7d938e0'}, {'updatedBy': {'userId': '6748f6b142781ec0ce45f5e8', 'userLogin': 'sysadmin@qacoders.com'}, 'updateDate': 'segunda-feira, 21/04/2025, 21:12:34 BRT', '_id': '6806def237601927a7d938e8'}], '__v': 0}}</msg>
<arg>${EDITAR_DIRETORIA.json()}</arg>
<doc>Logs the given message with the given level.</doc>
<status status="PASS" start="2025-04-21T21:12:35.897615" elapsed="0.001416"/>
</kw>
<status status="PASS" start="2025-04-21T21:12:35.629458" elapsed="0.269794"/>
</kw>
<status status="PASS" start="2025-04-21T21:12:35.373844" elapsed="0.525843"/>
</test>
<status status="PASS" start="2025-04-21T21:12:31.103884" elapsed="4.797040"/>
</suite>
<statistics>
<total>
<stat pass="12" fail="0" skip="0">All Tests</stat>
</total>
<tag>
</tag>
<suite>
<stat name="Cenarios Diretoria" id="s1" pass="12" fail="0" skip="0">Cenarios Diretoria</stat>
</suite>
</statistics>
<errors>
</errors>
</robot>
