<?xml version="1.0" encoding="UTF-8"?>
<robot generator="Robot 7.2.2 (Python 3.12.3 on linux)" generated="2025-04-17T18:12:17.235098" rpa="false" schemaversion="5">
<suite id="s1" name="Cenarios Diretoria" source="/home/beatriz-franco/Downloads/Novo_Cenario_Diretoria_Bia/Cenarios_Diretoria.robot">
<test id="s1-t1" name="Cenário 01: Criar diretoria" line="7">
<kw name="Criar um novo usuário método Generate Random String" owner="kwsCenario00_MassaDados">
<kw name="Generate Random String" owner="String">
<msg time="2025-04-17T18:12:17.389251" level="INFO">${palavra_aleatoria} = ZY</msg>
<var>${palavra_aleatoria}</var>
<arg>length=2</arg>
<arg>chars=[LETTERS]</arg>
<doc>Generates a string with a desired ``length`` from the given ``chars``.</doc>
<status status="PASS" start="2025-04-17T18:12:17.388934" elapsed="0.000358"/>
</kw>
<kw name="Convert To Upper Case" owner="String">
<msg time="2025-04-17T18:12:17.389951" level="INFO">${palavra_aleatoria} = ZY</msg>
<var>${palavra_aleatoria}</var>
<arg>${palavra_aleatoria}</arg>
<doc>Converts string to upper case.</doc>
<status status="PASS" start="2025-04-17T18:12:17.389616" elapsed="0.000386"/>
</kw>
<kw name="Set Test Variable" owner="BuiltIn">
<msg time="2025-04-17T18:12:17.391116" level="INFO">${EMAIL_TESTE} = ZY</msg>
<arg>${EMAIL_TESTE}</arg>
<arg>${palavra_aleatoria}</arg>
<doc>Makes a variable available everywhere within the scope of the current test.</doc>
<status status="PASS" start="2025-04-17T18:12:17.390310" elapsed="0.000930"/>
</kw>
<kw name="Set Global Variable" owner="BuiltIn">
<msg time="2025-04-17T18:12:17.391768" level="INFO">${palavra_aleatoria} = ZY</msg>
<arg>${palavra_aleatoria}</arg>
<doc>Makes a variable available globally in all tests and suites.</doc>
<status status="PASS" start="2025-04-17T18:12:17.391469" elapsed="0.000359"/>
</kw>
<status status="PASS" start="2025-04-17T18:12:17.388132" elapsed="0.003797"/>
</kw>
<kw name="Criar diretoria" owner="kwsCenario01_PostDiretoria">
<kw name="Create Dictionary" owner="BuiltIn">
<msg time="2025-04-17T18:12:17.393744" level="INFO">${BODY} = {'boardName': 'DIRETORIA DE APOIO ZY'}</msg>
<var>${BODY}</var>
<arg>boardName=DIRETORIA DE APOIO ${palavra_aleatoria}</arg>
<doc>Creates and returns a dictionary based on the given ``items``.</doc>
<status status="PASS" start="2025-04-17T18:12:17.393151" elapsed="0.000642"/>
</kw>
<kw name="Criar Sessao" owner="kwsCenario01_PostDiretoria">
<kw name="Create Dictionary" owner="BuiltIn">
<msg time="2025-04-17T18:12:17.394743" level="INFO">${headers} = {'accept': 'application/json', 'Content-Type': 'application/json'}</msg>
<var>${headers}</var>
<arg>accept=application/json</arg>
<arg>Content-Type=application/json</arg>
<doc>Creates and returns a dictionary based on the given ``items``.</doc>
<status status="PASS" start="2025-04-17T18:12:17.394479" elapsed="0.000303"/>
</kw>
<kw name="Create Session" owner="RequestsLibrary">
<msg time="2025-04-17T18:12:17.395359" level="INFO">Creating Session using : alias=token, url=https://qualitys-hunters.qacoders.dev.br/api, headers={'accept': 'application/json', 'Content-Type': 'application/json'},                     cookies={}, auth=None, timeout=None, proxies=None, verify=True,                     debug=0 </msg>
<arg>alias=token</arg>
<arg>url=${BASE_URL}</arg>
<arg>headers=${headers}</arg>
<arg>verify=true</arg>
<doc>Create Session: create a HTTP session to a server</doc>
<status status="PASS" start="2025-04-17T18:12:17.394965" elapsed="0.000701"/>
</kw>
<status status="PASS" start="2025-04-17T18:12:17.394047" elapsed="0.001726"/>
</kw>
<kw name="Pegar token" owner="kwsCenario01_PostDiretoria">
<kw name="Create Dictionary" owner="BuiltIn">
<msg time="2025-04-17T18:12:17.396734" level="INFO">${BODY} = {'mail': 'sysadmin@qacoders.com', 'password': '1234@Test'}</msg>
<var>${BODY}</var>
<arg>mail=sysadmin@qacoders.com</arg>
<arg>password=1234@Test</arg>
<doc>Creates and returns a dictionary based on the given ``items``.</doc>
<status status="PASS" start="2025-04-17T18:12:17.396453" elapsed="0.000318"/>
</kw>
<kw name="Criar Sessao" owner="kwsCenario01_PostDiretoria">
<kw name="Create Dictionary" owner="BuiltIn">
<msg time="2025-04-17T18:12:17.397701" level="INFO">${headers} = {'accept': 'application/json', 'Content-Type': 'application/json'}</msg>
<var>${headers}</var>
<arg>accept=application/json</arg>
<arg>Content-Type=application/json</arg>
<doc>Creates and returns a dictionary based on the given ``items``.</doc>
<status status="PASS" start="2025-04-17T18:12:17.397457" elapsed="0.000282"/>
</kw>
<kw name="Create Session" owner="RequestsLibrary">
<msg time="2025-04-17T18:12:17.398301" level="INFO">Creating Session using : alias=token, url=https://qualitys-hunters.qacoders.dev.br/api, headers={'accept': 'application/json', 'Content-Type': 'application/json'},                     cookies={}, auth=None, timeout=None, proxies=None, verify=True,                     debug=0 </msg>
<arg>alias=token</arg>
<arg>url=${BASE_URL}</arg>
<arg>headers=${headers}</arg>
<arg>verify=true</arg>
<doc>Create Session: create a HTTP session to a server</doc>
<status status="PASS" start="2025-04-17T18:12:17.397952" elapsed="0.000560"/>
</kw>
<status status="PASS" start="2025-04-17T18:12:17.397018" elapsed="0.001579"/>
</kw>
<kw name="POST On Session" owner="RequestsLibrary">
<msg time="2025-04-17T18:12:17.812750" level="INFO">POST Request : url=https://qualitys-hunters.qacoders.dev.br/api/login 
 path_url=/api/login 
 headers={'User-Agent': 'python-requests/2.32.3', 'Accept-Encoding': 'gzip, deflate', 'accept': 'application/json', 'Connection': 'keep-alive', 'Content-Type': 'application/json', 'Content-Length': '58'} 
 body=b'{"mail": "sysadmin@qacoders.com", "password": "1234@Test"}' 
 </msg>
<msg time="2025-04-17T18:12:17.812918" level="INFO">POST Response : url=https://qualitys-hunters.qacoders.dev.br/api/login 
 status=200, reason=OK 
 headers={'Server': 'nginx/1.18.0 (Ubuntu)', 'Date': 'Thu, 17 Apr 2025 21:12:17 GMT', 'Content-Type': 'application/json; charset=utf-8', 'Transfer-Encoding': 'chunked', 'Connection': 'keep-alive', 'X-Powered-By': 'Express', 'Access-Control-Allow-Origin': '*', 'ETag': 'W/"536-zgA+3teBjijW7+Nzv/NwKHKxvDM"', 'Content-Encoding': 'gzip'} 
 body={"msg":"Olá Qa-Coders-SYSADMIN, autenticação autorizada com sucesso!","user":{"_id":"6748f6b142781ec0ce45f5e8","fullName":"Qa-Coders-SYSADMIN","mail":"sysadmin@qacoders.com","password":"$2b$10$5XujP6/9Y/DBgpWDDd4HC.mIubIbTQF.CmboFwoeSq6P.w9i.hl16","accessProfile":"SYSADMIN","cpf":"11111111111","status":true,"audit":[{"registeredBy":{"userId":"111111111111111111","userLogin":"sysadmin@qacoders.com"},"registrationDate":"quinta-feira, 28/11/2024, 20:03:13 BRT","registrationNumber":"01","companyId":"Qa.Coders","_id":"6748f6b142781ec0ce45f5e9"}],"__v":0},"token":"eyJhbGciOiJIUzI1NiIsInR5cCI6IkpXVCJ9.eyJfaWQiOiI2NzQ4ZjZiMTQyNzgxZWMwY2U0NWY1ZTgiLCJmdWxsTmFtZSI6IlFhLUNvZGVycy1TWVNBRE1JTiIsIm1haWwiOiJzeXNhZG1pbkBxYWNvZGVycy5jb20iLCJwYXNzd29yZCI6IiQyYiQxMCQ1WHVqUDYvOVkvREJncFdERGQ0SEMubUl1YkliVFFGLkNtYm9Gd29lU3E2UC53OWkuaGwxNiIsImFjY2Vzc1Byb2ZpbGUiOiJTWVNBRE1JTiIsImNwZiI6IjExMTExMTExMTExIiwic3RhdHVzIjp0cnVlLCJhdWRpdCI6W3sicmVnaXN0ZXJlZEJ5Ijp7InVzZXJJZCI6IjExMTExMTExMTExMTExMTExMSIsInVzZXJMb2dpbiI6InN5c2FkbWluQHFhY29kZXJzLmNvbSJ9LCJyZWdpc3RyYXRpb25EYXRlIjoicXVpbnRhLWZlaXJhLCAyOC8xMS8yMDI0LCAyMDowMzoxMyBCUlQiLCJyZWdpc3RyYXRpb25OdW1iZXIiOiIwMSIsImNvbXBhbnlJZCI6IlFhLkNvZGVycyIsIl9pZCI6IjY3NDhmNmIxNDI3ODFlYzBjZTQ1ZjVlOSJ9XSwiX192IjowLCJpYXQiOjE3NDQ5MjQzMzcsImV4cCI6MTc0NTAxMDczN30.Wjjtl-8gbTvNjjGXn2goGyMq59usEJTgMQqWEeouags"} 
 </msg>
<msg time="2025-04-17T18:12:17.813102" level="INFO">${RESPOSTA} = &lt;Response [200]&gt;</msg>
<var>${RESPOSTA}</var>
<arg>alias=token</arg>
<arg>url=/login</arg>
<arg>json=${BODY}</arg>
<doc>Sends a POST request on a previously created HTTP Session.</doc>
<status status="PASS" start="2025-04-17T18:12:17.398725" elapsed="0.414416"/>
</kw>
<kw name="Log" owner="BuiltIn">
<msg time="2025-04-17T18:12:17.813653" level="INFO">&lt;Response [200]&gt;</msg>
<arg>${RESPOSTA}</arg>
<doc>Logs the given message with the given level.</doc>
<status status="PASS" start="2025-04-17T18:12:17.813429" elapsed="0.000289"/>
</kw>
<return>
<value>${RESPOSTA.json()["token"]}</value>
<status status="PASS" start="2025-04-17T18:12:17.813883" elapsed="0.000085"/>
</return>
<msg time="2025-04-17T18:12:17.814694" level="INFO">${banana} = eyJhbGciOiJIUzI1NiIsInR5cCI6IkpXVCJ9.eyJfaWQiOiI2NzQ4ZjZiMTQyNzgxZWMwY2U0NWY1ZTgiLCJmdWxsTmFtZSI6IlFhLUNvZGVycy1TWVNBRE1JTiIsIm1haWwiOiJzeXNhZG1pbkBxYWNvZGVycy5jb20iLCJwYXNzd29yZCI6IiQyYiQxMCQ1WHVqUDY...</msg>
<var>${banana}</var>
<status status="PASS" start="2025-04-17T18:12:17.396026" elapsed="0.418706"/>
</kw>
<kw name="POST On Session" owner="RequestsLibrary">
<msg time="2025-04-17T18:12:18.017844" level="INFO">POST Request : url=https://qualitys-hunters.qacoders.dev.br/api/board/?token=eyJhbGciOiJIUzI1NiIsInR5cCI6IkpXVCJ9.eyJfaWQiOiI2NzQ4ZjZiMTQyNzgxZWMwY2U0NWY1ZTgiLCJmdWxsTmFtZSI6IlFhLUNvZGVycy1TWVNBRE1JTiIsIm1haWwiOiJzeXNhZG1pbkBxYWNvZGVycy5jb20iLCJwYXNzd29yZCI6IiQyYiQxMCQ1WHVqUDYvOVkvREJncFdERGQ0SEMubUl1YkliVFFGLkNtYm9Gd29lU3E2UC53OWkuaGwxNiIsImFjY2Vzc1Byb2ZpbGUiOiJTWVNBRE1JTiIsImNwZiI6IjExMTExMTExMTExIiwic3RhdHVzIjp0cnVlLCJhdWRpdCI6W3sicmVnaXN0ZXJlZEJ5Ijp7InVzZXJJZCI6IjExMTExMTExMTExMTExMTExMSIsInVzZXJMb2dpbiI6InN5c2FkbWluQHFhY29kZXJzLmNvbSJ9LCJyZWdpc3RyYXRpb25EYXRlIjoicXVpbnRhLWZlaXJhLCAyOC8xMS8yMDI0LCAyMDowMzoxMyBCUlQiLCJyZWdpc3RyYXRpb25OdW1iZXIiOiIwMSIsImNvbXBhbnlJZCI6IlFhLkNvZGVycyIsIl9pZCI6IjY3NDhmNmIxNDI3ODFlYzBjZTQ1ZjVlOSJ9XSwiX192IjowLCJpYXQiOjE3NDQ5MjQzMzcsImV4cCI6MTc0NTAxMDczN30.Wjjtl-8gbTvNjjGXn2goGyMq59usEJTgMQqWEeouags 
 path_url=/api/board/?token=eyJhbGciOiJIUzI1NiIsInR5cCI6IkpXVCJ9.eyJfaWQiOiI2NzQ4ZjZiMTQyNzgxZWMwY2U0NWY1ZTgiLCJmdWxsTmFtZSI6IlFhLUNvZGVycy1TWVNBRE1JTiIsIm1haWwiOiJzeXNhZG1pbkBxYWNvZGVycy5jb20iLCJwYXNzd29yZCI6IiQyYiQxMCQ1WHVqUDYvOVkvREJncFdERGQ0SEMubUl1YkliVFFGLkNtYm9Gd29lU3E2UC53OWkuaGwxNiIsImFjY2Vzc1Byb2ZpbGUiOiJTWVNBRE1JTiIsImNwZiI6IjExMTExMTExMTExIiwic3RhdHVzIjp0cnVlLCJhdWRpdCI6W3sicmVnaXN0ZXJlZEJ5Ijp7InVzZXJJZCI6IjExMTExMTExMTExMTExMTExMSIsInVzZXJMb2dpbiI6InN5c2FkbWluQHFhY29kZXJzLmNvbSJ9LCJyZWdpc3RyYXRpb25EYXRlIjoicXVpbnRhLWZlaXJhLCAyOC8xMS8yMDI0LCAyMDowMzoxMyBCUlQiLCJyZWdpc3RyYXRpb25OdW1iZXIiOiIwMSIsImNvbXBhbnlJZCI6IlFhLkNvZGVycyIsIl9pZCI6IjY3NDhmNmIxNDI3ODFlYzBjZTQ1ZjVlOSJ9XSwiX192IjowLCJpYXQiOjE3NDQ5MjQzMzcsImV4cCI6MTc0NTAxMDczN30.Wjjtl-8gbTvNjjGXn2goGyMq59usEJTgMQqWEeouags 
 headers={'User-Agent': 'python-requests/2.32.3', 'Accept-Encoding': 'gzip, deflate', 'accept': 'application/json', 'Connection': 'keep-alive', 'Content-Type': 'application/json', 'Content-Length': '38'} 
 body=b'{"boardName": "DIRETORIA DE APOIO ZY"}' 
 </msg>
<msg time="2025-04-17T18:12:18.018049" level="INFO">POST Response : url=https://qualitys-hunters.qacoders.dev.br/api/board/?token=eyJhbGciOiJIUzI1NiIsInR5cCI6IkpXVCJ9.eyJfaWQiOiI2NzQ4ZjZiMTQyNzgxZWMwY2U0NWY1ZTgiLCJmdWxsTmFtZSI6IlFhLUNvZGVycy1TWVNBRE1JTiIsIm1haWwiOiJzeXNhZG1pbkBxYWNvZGVycy5jb20iLCJwYXNzd29yZCI6IiQyYiQxMCQ1WHVqUDYvOVkvREJncFdERGQ0SEMubUl1YkliVFFGLkNtYm9Gd29lU3E2UC53OWkuaGwxNiIsImFjY2Vzc1Byb2ZpbGUiOiJTWVNBRE1JTiIsImNwZiI6IjExMTExMTExMTExIiwic3RhdHVzIjp0cnVlLCJhdWRpdCI6W3sicmVnaXN0ZXJlZEJ5Ijp7InVzZXJJZCI6IjExMTExMTExMTExMTExMTExMSIsInVzZXJMb2dpbiI6InN5c2FkbWluQHFhY29kZXJzLmNvbSJ9LCJyZWdpc3RyYXRpb25EYXRlIjoicXVpbnRhLWZlaXJhLCAyOC8xMS8yMDI0LCAyMDowMzoxMyBCUlQiLCJyZWdpc3RyYXRpb25OdW1iZXIiOiIwMSIsImNvbXBhbnlJZCI6IlFhLkNvZGVycyIsIl9pZCI6IjY3NDhmNmIxNDI3ODFlYzBjZTQ1ZjVlOSJ9XSwiX192IjowLCJpYXQiOjE3NDQ5MjQzMzcsImV4cCI6MTc0NTAxMDczN30.Wjjtl-8gbTvNjjGXn2goGyMq59usEJTgMQqWEeouags 
 status=201, reason=Created 
 headers={'Server': 'nginx/1.18.0 (Ubuntu)', 'Date': 'Thu, 17 Apr 2025 21:12:17 GMT', 'Content-Type': 'application/json; charset=utf-8', 'Content-Length': '357', 'Connection': 'keep-alive', 'X-Powered-By': 'Express', 'Access-Control-Allow-Origin': '*', 'ETag': 'W/"165-9CfbmoCXA6FaXYjKIL13FLO5KsI"'} 
 body={"msg":"Cadastro realizado com sucesso!","newBoard":{"boardName":"DIRETORIA DE APOIO ZY","boardCode":"156","status":true,"audit":[{"registrationDate":"quinta-feira, 17/04/2025, 18:12:17 BRT","registeredBy":{"userId":"6748f6b142781ec0ce45f5e8","userLogin":"sysadmin@qacoders.com"},"_id":"68016eb137601927a7d813c2"}],"_id":"68016eb137601927a7d813c1","__v":0}} 
 </msg>
<msg time="2025-04-17T18:12:18.018387" level="INFO">${CRIAR_DIRETORIA_RESP} = &lt;Response [201]&gt;</msg>
<var>${CRIAR_DIRETORIA_RESP}</var>
<arg>alias=token</arg>
<arg>url=/board/?token=${banana}</arg>
<arg>json=${body}</arg>
<arg>expected_status=any</arg>
<doc>Sends a POST request on a previously created HTTP Session.</doc>
<status status="PASS" start="2025-04-17T18:12:17.814927" elapsed="0.203535"/>
</kw>
<kw name="Log" owner="BuiltIn">
<msg time="2025-04-17T18:12:18.020028" level="INFO">{'msg': 'Cadastro realizado com sucesso!', 'newBoard': {'boardName': 'DIRETORIA DE APOIO ZY', 'boardCode': '156', 'status': True, 'audit': [{'registrationDate': 'quinta-feira, 17/04/2025, 18:12:17 BRT', 'registeredBy': {'userId': '6748f6b142781ec0ce45f5e8', 'userLogin': 'sysadmin@qacoders.com'}, '_id': '68016eb137601927a7d813c2'}], '_id': '68016eb137601927a7d813c1', '__v': 0}}</msg>
<arg>${CRIAR_DIRETORIA_RESP.json()}</arg>
<doc>Logs the given message with the given level.</doc>
<status status="PASS" start="2025-04-17T18:12:18.018892" elapsed="0.001254"/>
</kw>
<status status="PASS" start="2025-04-17T18:12:17.392417" elapsed="0.627925"/>
</kw>
<status status="PASS" start="2025-04-17T18:12:17.387298" elapsed="0.633400"/>
</test>
<test id="s1-t2" name="Cenário 02: Campo diretoria é obigatório" line="11">
<kw name="Campo diretoria é obrigatório" owner="kwsCenario02_DiretoriaObrigatoria">
<kw name="Create Dictionary" owner="BuiltIn">
<msg time="2025-04-17T18:12:18.023744" level="INFO">${BODY} = {'boardName': ''}</msg>
<var>${BODY}</var>
<arg>boardName=</arg>
<doc>Creates and returns a dictionary based on the given ``items``.</doc>
<status status="PASS" start="2025-04-17T18:12:18.023139" elapsed="0.000693"/>
</kw>
<kw name="Criar Sessao" owner="kwsCenario01_PostDiretoria">
<kw name="Create Dictionary" owner="BuiltIn">
<msg time="2025-04-17T18:12:18.025590" level="INFO">${headers} = {'accept': 'application/json', 'Content-Type': 'application/json'}</msg>
<var>${headers}</var>
<arg>accept=application/json</arg>
<arg>Content-Type=application/json</arg>
<doc>Creates and returns a dictionary based on the given ``items``.</doc>
<status status="PASS" start="2025-04-17T18:12:18.025108" elapsed="0.000533"/>
</kw>
<kw name="Create Session" owner="RequestsLibrary">
<msg time="2025-04-17T18:12:18.026394" level="INFO">Creating Session using : alias=token, url=https://qualitys-hunters.qacoders.dev.br/api, headers={'accept': 'application/json', 'Content-Type': 'application/json'},                     cookies={}, auth=None, timeout=None, proxies=None, verify=True,                     debug=0 </msg>
<arg>alias=token</arg>
<arg>url=${BASE_URL}</arg>
<arg>headers=${headers}</arg>
<arg>verify=true</arg>
<doc>Create Session: create a HTTP session to a server</doc>
<status status="PASS" start="2025-04-17T18:12:18.025921" elapsed="0.000713"/>
</kw>
<status status="PASS" start="2025-04-17T18:12:18.024332" elapsed="0.002452"/>
</kw>
<kw name="Pegar token" owner="kwsCenario01_PostDiretoria">
<kw name="Create Dictionary" owner="BuiltIn">
<msg time="2025-04-17T18:12:18.027954" level="INFO">${BODY} = {'mail': 'sysadmin@qacoders.com', 'password': '1234@Test'}</msg>
<var>${BODY}</var>
<arg>mail=sysadmin@qacoders.com</arg>
<arg>password=1234@Test</arg>
<doc>Creates and returns a dictionary based on the given ``items``.</doc>
<status status="PASS" start="2025-04-17T18:12:18.027674" elapsed="0.000328"/>
</kw>
<kw name="Criar Sessao" owner="kwsCenario01_PostDiretoria">
<kw name="Create Dictionary" owner="BuiltIn">
<msg time="2025-04-17T18:12:18.029103" level="INFO">${headers} = {'accept': 'application/json', 'Content-Type': 'application/json'}</msg>
<var>${headers}</var>
<arg>accept=application/json</arg>
<arg>Content-Type=application/json</arg>
<doc>Creates and returns a dictionary based on the given ``items``.</doc>
<status status="PASS" start="2025-04-17T18:12:18.028788" elapsed="0.000378"/>
</kw>
<kw name="Create Session" owner="RequestsLibrary">
<msg time="2025-04-17T18:12:18.030215" level="INFO">Creating Session using : alias=token, url=https://qualitys-hunters.qacoders.dev.br/api, headers={'accept': 'application/json', 'Content-Type': 'application/json'},                     cookies={}, auth=None, timeout=None, proxies=None, verify=True,                     debug=0 </msg>
<arg>alias=token</arg>
<arg>url=${BASE_URL}</arg>
<arg>headers=${headers}</arg>
<arg>verify=true</arg>
<doc>Create Session: create a HTTP session to a server</doc>
<status status="PASS" start="2025-04-17T18:12:18.029625" elapsed="0.000950"/>
</kw>
<status status="PASS" start="2025-04-17T18:12:18.028335" elapsed="0.002355"/>
</kw>
<kw name="POST On Session" owner="RequestsLibrary">
<msg time="2025-04-17T18:12:18.212044" level="INFO">POST Request : url=https://qualitys-hunters.qacoders.dev.br/api/login 
 path_url=/api/login 
 headers={'User-Agent': 'python-requests/2.32.3', 'Accept-Encoding': 'gzip, deflate', 'accept': 'application/json', 'Connection': 'keep-alive', 'Content-Type': 'application/json', 'Content-Length': '58'} 
 body=b'{"mail": "sysadmin@qacoders.com", "password": "1234@Test"}' 
 </msg>
<msg time="2025-04-17T18:12:18.212195" level="INFO">POST Response : url=https://qualitys-hunters.qacoders.dev.br/api/login 
 status=200, reason=OK 
 headers={'Server': 'nginx/1.18.0 (Ubuntu)', 'Date': 'Thu, 17 Apr 2025 21:12:17 GMT', 'Content-Type': 'application/json; charset=utf-8', 'Transfer-Encoding': 'chunked', 'Connection': 'keep-alive', 'X-Powered-By': 'Express', 'Access-Control-Allow-Origin': '*', 'ETag': 'W/"536-zgA+3teBjijW7+Nzv/NwKHKxvDM"', 'Content-Encoding': 'gzip'} 
 body={"msg":"Olá Qa-Coders-SYSADMIN, autenticação autorizada com sucesso!","user":{"_id":"6748f6b142781ec0ce45f5e8","fullName":"Qa-Coders-SYSADMIN","mail":"sysadmin@qacoders.com","password":"$2b$10$5XujP6/9Y/DBgpWDDd4HC.mIubIbTQF.CmboFwoeSq6P.w9i.hl16","accessProfile":"SYSADMIN","cpf":"11111111111","status":true,"audit":[{"registeredBy":{"userId":"111111111111111111","userLogin":"sysadmin@qacoders.com"},"registrationDate":"quinta-feira, 28/11/2024, 20:03:13 BRT","registrationNumber":"01","companyId":"Qa.Coders","_id":"6748f6b142781ec0ce45f5e9"}],"__v":0},"token":"eyJhbGciOiJIUzI1NiIsInR5cCI6IkpXVCJ9.eyJfaWQiOiI2NzQ4ZjZiMTQyNzgxZWMwY2U0NWY1ZTgiLCJmdWxsTmFtZSI6IlFhLUNvZGVycy1TWVNBRE1JTiIsIm1haWwiOiJzeXNhZG1pbkBxYWNvZGVycy5jb20iLCJwYXNzd29yZCI6IiQyYiQxMCQ1WHVqUDYvOVkvREJncFdERGQ0SEMubUl1YkliVFFGLkNtYm9Gd29lU3E2UC53OWkuaGwxNiIsImFjY2Vzc1Byb2ZpbGUiOiJTWVNBRE1JTiIsImNwZiI6IjExMTExMTExMTExIiwic3RhdHVzIjp0cnVlLCJhdWRpdCI6W3sicmVnaXN0ZXJlZEJ5Ijp7InVzZXJJZCI6IjExMTExMTExMTExMTExMTExMSIsInVzZXJMb2dpbiI6InN5c2FkbWluQHFhY29kZXJzLmNvbSJ9LCJyZWdpc3RyYXRpb25EYXRlIjoicXVpbnRhLWZlaXJhLCAyOC8xMS8yMDI0LCAyMDowMzoxMyBCUlQiLCJyZWdpc3RyYXRpb25OdW1iZXIiOiIwMSIsImNvbXBhbnlJZCI6IlFhLkNvZGVycyIsIl9pZCI6IjY3NDhmNmIxNDI3ODFlYzBjZTQ1ZjVlOSJ9XSwiX192IjowLCJpYXQiOjE3NDQ5MjQzMzcsImV4cCI6MTc0NTAxMDczN30.Wjjtl-8gbTvNjjGXn2goGyMq59usEJTgMQqWEeouags"} 
 </msg>
<msg time="2025-04-17T18:12:18.212384" level="INFO">${RESPOSTA} = &lt;Response [200]&gt;</msg>
<var>${RESPOSTA}</var>
<arg>alias=token</arg>
<arg>url=/login</arg>
<arg>json=${BODY}</arg>
<doc>Sends a POST request on a previously created HTTP Session.</doc>
<status status="PASS" start="2025-04-17T18:12:18.030904" elapsed="0.181518"/>
</kw>
<kw name="Log" owner="BuiltIn">
<msg time="2025-04-17T18:12:18.212927" level="INFO">&lt;Response [200]&gt;</msg>
<arg>${RESPOSTA}</arg>
<doc>Logs the given message with the given level.</doc>
<status status="PASS" start="2025-04-17T18:12:18.212689" elapsed="0.000309"/>
</kw>
<return>
<value>${RESPOSTA.json()["token"]}</value>
<status status="PASS" start="2025-04-17T18:12:18.213070" elapsed="0.000075"/>
</return>
<msg time="2025-04-17T18:12:18.213861" level="INFO">${banana} = eyJhbGciOiJIUzI1NiIsInR5cCI6IkpXVCJ9.eyJfaWQiOiI2NzQ4ZjZiMTQyNzgxZWMwY2U0NWY1ZTgiLCJmdWxsTmFtZSI6IlFhLUNvZGVycy1TWVNBRE1JTiIsIm1haWwiOiJzeXNhZG1pbkBxYWNvZGVycy5jb20iLCJwYXNzd29yZCI6IiQyYiQxMCQ1WHVqUDY...</msg>
<var>${banana}</var>
<status status="PASS" start="2025-04-17T18:12:18.027155" elapsed="0.186753"/>
</kw>
<kw name="POST On Session" owner="RequestsLibrary">
<msg time="2025-04-17T18:12:18.247510" level="INFO">POST Request : url=https://qualitys-hunters.qacoders.dev.br/api/board/?token=eyJhbGciOiJIUzI1NiIsInR5cCI6IkpXVCJ9.eyJfaWQiOiI2NzQ4ZjZiMTQyNzgxZWMwY2U0NWY1ZTgiLCJmdWxsTmFtZSI6IlFhLUNvZGVycy1TWVNBRE1JTiIsIm1haWwiOiJzeXNhZG1pbkBxYWNvZGVycy5jb20iLCJwYXNzd29yZCI6IiQyYiQxMCQ1WHVqUDYvOVkvREJncFdERGQ0SEMubUl1YkliVFFGLkNtYm9Gd29lU3E2UC53OWkuaGwxNiIsImFjY2Vzc1Byb2ZpbGUiOiJTWVNBRE1JTiIsImNwZiI6IjExMTExMTExMTExIiwic3RhdHVzIjp0cnVlLCJhdWRpdCI6W3sicmVnaXN0ZXJlZEJ5Ijp7InVzZXJJZCI6IjExMTExMTExMTExMTExMTExMSIsInVzZXJMb2dpbiI6InN5c2FkbWluQHFhY29kZXJzLmNvbSJ9LCJyZWdpc3RyYXRpb25EYXRlIjoicXVpbnRhLWZlaXJhLCAyOC8xMS8yMDI0LCAyMDowMzoxMyBCUlQiLCJyZWdpc3RyYXRpb25OdW1iZXIiOiIwMSIsImNvbXBhbnlJZCI6IlFhLkNvZGVycyIsIl9pZCI6IjY3NDhmNmIxNDI3ODFlYzBjZTQ1ZjVlOSJ9XSwiX192IjowLCJpYXQiOjE3NDQ5MjQzMzcsImV4cCI6MTc0NTAxMDczN30.Wjjtl-8gbTvNjjGXn2goGyMq59usEJTgMQqWEeouags 
 path_url=/api/board/?token=eyJhbGciOiJIUzI1NiIsInR5cCI6IkpXVCJ9.eyJfaWQiOiI2NzQ4ZjZiMTQyNzgxZWMwY2U0NWY1ZTgiLCJmdWxsTmFtZSI6IlFhLUNvZGVycy1TWVNBRE1JTiIsIm1haWwiOiJzeXNhZG1pbkBxYWNvZGVycy5jb20iLCJwYXNzd29yZCI6IiQyYiQxMCQ1WHVqUDYvOVkvREJncFdERGQ0SEMubUl1YkliVFFGLkNtYm9Gd29lU3E2UC53OWkuaGwxNiIsImFjY2Vzc1Byb2ZpbGUiOiJTWVNBRE1JTiIsImNwZiI6IjExMTExMTExMTExIiwic3RhdHVzIjp0cnVlLCJhdWRpdCI6W3sicmVnaXN0ZXJlZEJ5Ijp7InVzZXJJZCI6IjExMTExMTExMTExMTExMTExMSIsInVzZXJMb2dpbiI6InN5c2FkbWluQHFhY29kZXJzLmNvbSJ9LCJyZWdpc3RyYXRpb25EYXRlIjoicXVpbnRhLWZlaXJhLCAyOC8xMS8yMDI0LCAyMDowMzoxMyBCUlQiLCJyZWdpc3RyYXRpb25OdW1iZXIiOiIwMSIsImNvbXBhbnlJZCI6IlFhLkNvZGVycyIsIl9pZCI6IjY3NDhmNmIxNDI3ODFlYzBjZTQ1ZjVlOSJ9XSwiX192IjowLCJpYXQiOjE3NDQ5MjQzMzcsImV4cCI6MTc0NTAxMDczN30.Wjjtl-8gbTvNjjGXn2goGyMq59usEJTgMQqWEeouags 
 headers={'User-Agent': 'python-requests/2.32.3', 'Accept-Encoding': 'gzip, deflate', 'accept': 'application/json', 'Connection': 'keep-alive', 'Content-Type': 'application/json', 'Content-Length': '17'} 
 body=b'{"boardName": ""}' 
 </msg>
<msg time="2025-04-17T18:12:18.247628" level="INFO">POST Response : url=https://qualitys-hunters.qacoders.dev.br/api/board/?token=eyJhbGciOiJIUzI1NiIsInR5cCI6IkpXVCJ9.eyJfaWQiOiI2NzQ4ZjZiMTQyNzgxZWMwY2U0NWY1ZTgiLCJmdWxsTmFtZSI6IlFhLUNvZGVycy1TWVNBRE1JTiIsIm1haWwiOiJzeXNhZG1pbkBxYWNvZGVycy5jb20iLCJwYXNzd29yZCI6IiQyYiQxMCQ1WHVqUDYvOVkvREJncFdERGQ0SEMubUl1YkliVFFGLkNtYm9Gd29lU3E2UC53OWkuaGwxNiIsImFjY2Vzc1Byb2ZpbGUiOiJTWVNBRE1JTiIsImNwZiI6IjExMTExMTExMTExIiwic3RhdHVzIjp0cnVlLCJhdWRpdCI6W3sicmVnaXN0ZXJlZEJ5Ijp7InVzZXJJZCI6IjExMTExMTExMTExMTExMTExMSIsInVzZXJMb2dpbiI6InN5c2FkbWluQHFhY29kZXJzLmNvbSJ9LCJyZWdpc3RyYXRpb25EYXRlIjoicXVpbnRhLWZlaXJhLCAyOC8xMS8yMDI0LCAyMDowMzoxMyBCUlQiLCJyZWdpc3RyYXRpb25OdW1iZXIiOiIwMSIsImNvbXBhbnlJZCI6IlFhLkNvZGVycyIsIl9pZCI6IjY3NDhmNmIxNDI3ODFlYzBjZTQ1ZjVlOSJ9XSwiX192IjowLCJpYXQiOjE3NDQ5MjQzMzcsImV4cCI6MTc0NTAxMDczN30.Wjjtl-8gbTvNjjGXn2goGyMq59usEJTgMQqWEeouags 
 status=400, reason=Bad Request 
 headers={'Server': 'nginx/1.18.0 (Ubuntu)', 'Date': 'Thu, 17 Apr 2025 21:12:17 GMT', 'Content-Type': 'application/json; charset=utf-8', 'Content-Length': '50', 'Connection': 'keep-alive', 'X-Powered-By': 'Express', 'Access-Control-Allow-Origin': '*', 'ETag': 'W/"32-+CwHCnr2cCygkjBKgpOJ2v10f8g"'} 
 body={"error":["O campo 'diretoria' é obrigatório."]} 
 </msg>
<msg time="2025-04-17T18:12:18.247796" level="INFO">${CRIAR_DIRETORIA_OBRIGATORIO} = &lt;Response [400]&gt;</msg>
<var>${CRIAR_DIRETORIA_OBRIGATORIO}</var>
<arg>alias=token</arg>
<arg>url=/board/?token=${banana}</arg>
<arg>json=${body}</arg>
<arg>expected_status=any</arg>
<doc>Sends a POST request on a previously created HTTP Session.</doc>
<status status="PASS" start="2025-04-17T18:12:18.214110" elapsed="0.033723"/>
</kw>
<kw name="Log" owner="BuiltIn">
<msg time="2025-04-17T18:12:18.248811" level="INFO">{'error': ["O campo 'diretoria' é obrigatório."]}</msg>
<arg>${CRIAR_DIRETORIA_OBRIGATORIO.json()}</arg>
<doc>Logs the given message with the given level.</doc>
<status status="PASS" start="2025-04-17T18:12:18.248075" elapsed="0.000814"/>
</kw>
<status status="PASS" start="2025-04-17T18:12:18.022397" elapsed="0.226591"/>
</kw>
<status status="PASS" start="2025-04-17T18:12:18.021356" elapsed="0.227923"/>
</test>
<test id="s1-t3" name="Cenário 03: Campo diretoria letras maiúsculas, minúsculas e o caractere especial &amp;." line="14">
<kw name="Campo diretoria com numeros" owner="kwsCenario03_DiretoriaNumeros">
<kw name="Create Dictionary" owner="BuiltIn">
<msg time="2025-04-17T18:12:18.250860" level="INFO">${BODY} = {'boardName': 'SALA123'}</msg>
<var>${BODY}</var>
<arg>boardName=SALA123</arg>
<doc>Creates and returns a dictionary based on the given ``items``.</doc>
<status status="PASS" start="2025-04-17T18:12:18.250626" elapsed="0.000271"/>
</kw>
<kw name="Criar Sessao" owner="kwsCenario01_PostDiretoria">
<kw name="Create Dictionary" owner="BuiltIn">
<msg time="2025-04-17T18:12:18.251666" level="INFO">${headers} = {'accept': 'application/json', 'Content-Type': 'application/json'}</msg>
<var>${headers}</var>
<arg>accept=application/json</arg>
<arg>Content-Type=application/json</arg>
<doc>Creates and returns a dictionary based on the given ``items``.</doc>
<status status="PASS" start="2025-04-17T18:12:18.251429" elapsed="0.000274"/>
</kw>
<kw name="Create Session" owner="RequestsLibrary">
<msg time="2025-04-17T18:12:18.252232" level="INFO">Creating Session using : alias=token, url=https://qualitys-hunters.qacoders.dev.br/api, headers={'accept': 'application/json', 'Content-Type': 'application/json'},                     cookies={}, auth=None, timeout=None, proxies=None, verify=True,                     debug=0 </msg>
<arg>alias=token</arg>
<arg>url=${BASE_URL}</arg>
<arg>headers=${headers}</arg>
<arg>verify=true</arg>
<doc>Create Session: create a HTTP session to a server</doc>
<status status="PASS" start="2025-04-17T18:12:18.251877" elapsed="0.000558"/>
</kw>
<status status="PASS" start="2025-04-17T18:12:18.251091" elapsed="0.001427"/>
</kw>
<kw name="Pegar token" owner="kwsCenario01_PostDiretoria">
<kw name="Create Dictionary" owner="BuiltIn">
<msg time="2025-04-17T18:12:18.253189" level="INFO">${BODY} = {'mail': 'sysadmin@qacoders.com', 'password': '1234@Test'}</msg>
<var>${BODY}</var>
<arg>mail=sysadmin@qacoders.com</arg>
<arg>password=1234@Test</arg>
<doc>Creates and returns a dictionary based on the given ``items``.</doc>
<status status="PASS" start="2025-04-17T18:12:18.252971" elapsed="0.000250"/>
</kw>
<kw name="Criar Sessao" owner="kwsCenario01_PostDiretoria">
<kw name="Create Dictionary" owner="BuiltIn">
<msg time="2025-04-17T18:12:18.253868" level="INFO">${headers} = {'accept': 'application/json', 'Content-Type': 'application/json'}</msg>
<var>${headers}</var>
<arg>accept=application/json</arg>
<arg>Content-Type=application/json</arg>
<doc>Creates and returns a dictionary based on the given ``items``.</doc>
<status status="PASS" start="2025-04-17T18:12:18.253674" elapsed="0.000225"/>
</kw>
<kw name="Create Session" owner="RequestsLibrary">
<msg time="2025-04-17T18:12:18.254331" level="INFO">Creating Session using : alias=token, url=https://qualitys-hunters.qacoders.dev.br/api, headers={'accept': 'application/json', 'Content-Type': 'application/json'},                     cookies={}, auth=None, timeout=None, proxies=None, verify=True,                     debug=0 </msg>
<arg>alias=token</arg>
<arg>url=${BASE_URL}</arg>
<arg>headers=${headers}</arg>
<arg>verify=true</arg>
<doc>Create Session: create a HTTP session to a server</doc>
<status status="PASS" start="2025-04-17T18:12:18.254039" elapsed="0.000462"/>
</kw>
<status status="PASS" start="2025-04-17T18:12:18.253393" elapsed="0.001195"/>
</kw>
<kw name="POST On Session" owner="RequestsLibrary">
<msg time="2025-04-17T18:12:18.439266" level="INFO">POST Request : url=https://qualitys-hunters.qacoders.dev.br/api/login 
 path_url=/api/login 
 headers={'User-Agent': 'python-requests/2.32.3', 'Accept-Encoding': 'gzip, deflate', 'accept': 'application/json', 'Connection': 'keep-alive', 'Content-Type': 'application/json', 'Content-Length': '58'} 
 body=b'{"mail": "sysadmin@qacoders.com", "password": "1234@Test"}' 
 </msg>
<msg time="2025-04-17T18:12:18.439441" level="INFO">POST Response : url=https://qualitys-hunters.qacoders.dev.br/api/login 
 status=200, reason=OK 
 headers={'Server': 'nginx/1.18.0 (Ubuntu)', 'Date': 'Thu, 17 Apr 2025 21:12:17 GMT', 'Content-Type': 'application/json; charset=utf-8', 'Transfer-Encoding': 'chunked', 'Connection': 'keep-alive', 'X-Powered-By': 'Express', 'Access-Control-Allow-Origin': '*', 'ETag': 'W/"536-zgA+3teBjijW7+Nzv/NwKHKxvDM"', 'Content-Encoding': 'gzip'} 
 body={"msg":"Olá Qa-Coders-SYSADMIN, autenticação autorizada com sucesso!","user":{"_id":"6748f6b142781ec0ce45f5e8","fullName":"Qa-Coders-SYSADMIN","mail":"sysadmin@qacoders.com","password":"$2b$10$5XujP6/9Y/DBgpWDDd4HC.mIubIbTQF.CmboFwoeSq6P.w9i.hl16","accessProfile":"SYSADMIN","cpf":"11111111111","status":true,"audit":[{"registeredBy":{"userId":"111111111111111111","userLogin":"sysadmin@qacoders.com"},"registrationDate":"quinta-feira, 28/11/2024, 20:03:13 BRT","registrationNumber":"01","companyId":"Qa.Coders","_id":"6748f6b142781ec0ce45f5e9"}],"__v":0},"token":"eyJhbGciOiJIUzI1NiIsInR5cCI6IkpXVCJ9.eyJfaWQiOiI2NzQ4ZjZiMTQyNzgxZWMwY2U0NWY1ZTgiLCJmdWxsTmFtZSI6IlFhLUNvZGVycy1TWVNBRE1JTiIsIm1haWwiOiJzeXNhZG1pbkBxYWNvZGVycy5jb20iLCJwYXNzd29yZCI6IiQyYiQxMCQ1WHVqUDYvOVkvREJncFdERGQ0SEMubUl1YkliVFFGLkNtYm9Gd29lU3E2UC53OWkuaGwxNiIsImFjY2Vzc1Byb2ZpbGUiOiJTWVNBRE1JTiIsImNwZiI6IjExMTExMTExMTExIiwic3RhdHVzIjp0cnVlLCJhdWRpdCI6W3sicmVnaXN0ZXJlZEJ5Ijp7InVzZXJJZCI6IjExMTExMTExMTExMTExMTExMSIsInVzZXJMb2dpbiI6InN5c2FkbWluQHFhY29kZXJzLmNvbSJ9LCJyZWdpc3RyYXRpb25EYXRlIjoicXVpbnRhLWZlaXJhLCAyOC8xMS8yMDI0LCAyMDowMzoxMyBCUlQiLCJyZWdpc3RyYXRpb25OdW1iZXIiOiIwMSIsImNvbXBhbnlJZCI6IlFhLkNvZGVycyIsIl9pZCI6IjY3NDhmNmIxNDI3ODFlYzBjZTQ1ZjVlOSJ9XSwiX192IjowLCJpYXQiOjE3NDQ5MjQzMzcsImV4cCI6MTc0NTAxMDczN30.Wjjtl-8gbTvNjjGXn2goGyMq59usEJTgMQqWEeouags"} 
 </msg>
<msg time="2025-04-17T18:12:18.439718" level="INFO">${RESPOSTA} = &lt;Response [200]&gt;</msg>
<var>${RESPOSTA}</var>
<arg>alias=token</arg>
<arg>url=/login</arg>
<arg>json=${BODY}</arg>
<doc>Sends a POST request on a previously created HTTP Session.</doc>
<status status="PASS" start="2025-04-17T18:12:18.254719" elapsed="0.185069"/>
</kw>
<kw name="Log" owner="BuiltIn">
<msg time="2025-04-17T18:12:18.440736" level="INFO">&lt;Response [200]&gt;</msg>
<arg>${RESPOSTA}</arg>
<doc>Logs the given message with the given level.</doc>
<status status="PASS" start="2025-04-17T18:12:18.440262" elapsed="0.000614"/>
</kw>
<return>
<value>${RESPOSTA.json()["token"]}</value>
<status status="PASS" start="2025-04-17T18:12:18.441019" elapsed="0.000099"/>
</return>
<msg time="2025-04-17T18:12:18.443288" level="INFO">${banana} = eyJhbGciOiJIUzI1NiIsInR5cCI6IkpXVCJ9.eyJfaWQiOiI2NzQ4ZjZiMTQyNzgxZWMwY2U0NWY1ZTgiLCJmdWxsTmFtZSI6IlFhLUNvZGVycy1TWVNBRE1JTiIsIm1haWwiOiJzeXNhZG1pbkBxYWNvZGVycy5jb20iLCJwYXNzd29yZCI6IiQyYiQxMCQ1WHVqUDY...</msg>
<var>${banana}</var>
<status status="PASS" start="2025-04-17T18:12:18.252705" elapsed="0.190685"/>
</kw>
<kw name="POST On Session" owner="RequestsLibrary">
<msg time="2025-04-17T18:12:18.476725" level="INFO">POST Request : url=https://qualitys-hunters.qacoders.dev.br/api/board/?token=eyJhbGciOiJIUzI1NiIsInR5cCI6IkpXVCJ9.eyJfaWQiOiI2NzQ4ZjZiMTQyNzgxZWMwY2U0NWY1ZTgiLCJmdWxsTmFtZSI6IlFhLUNvZGVycy1TWVNBRE1JTiIsIm1haWwiOiJzeXNhZG1pbkBxYWNvZGVycy5jb20iLCJwYXNzd29yZCI6IiQyYiQxMCQ1WHVqUDYvOVkvREJncFdERGQ0SEMubUl1YkliVFFGLkNtYm9Gd29lU3E2UC53OWkuaGwxNiIsImFjY2Vzc1Byb2ZpbGUiOiJTWVNBRE1JTiIsImNwZiI6IjExMTExMTExMTExIiwic3RhdHVzIjp0cnVlLCJhdWRpdCI6W3sicmVnaXN0ZXJlZEJ5Ijp7InVzZXJJZCI6IjExMTExMTExMTExMTExMTExMSIsInVzZXJMb2dpbiI6InN5c2FkbWluQHFhY29kZXJzLmNvbSJ9LCJyZWdpc3RyYXRpb25EYXRlIjoicXVpbnRhLWZlaXJhLCAyOC8xMS8yMDI0LCAyMDowMzoxMyBCUlQiLCJyZWdpc3RyYXRpb25OdW1iZXIiOiIwMSIsImNvbXBhbnlJZCI6IlFhLkNvZGVycyIsIl9pZCI6IjY3NDhmNmIxNDI3ODFlYzBjZTQ1ZjVlOSJ9XSwiX192IjowLCJpYXQiOjE3NDQ5MjQzMzcsImV4cCI6MTc0NTAxMDczN30.Wjjtl-8gbTvNjjGXn2goGyMq59usEJTgMQqWEeouags 
 path_url=/api/board/?token=eyJhbGciOiJIUzI1NiIsInR5cCI6IkpXVCJ9.eyJfaWQiOiI2NzQ4ZjZiMTQyNzgxZWMwY2U0NWY1ZTgiLCJmdWxsTmFtZSI6IlFhLUNvZGVycy1TWVNBRE1JTiIsIm1haWwiOiJzeXNhZG1pbkBxYWNvZGVycy5jb20iLCJwYXNzd29yZCI6IiQyYiQxMCQ1WHVqUDYvOVkvREJncFdERGQ0SEMubUl1YkliVFFGLkNtYm9Gd29lU3E2UC53OWkuaGwxNiIsImFjY2Vzc1Byb2ZpbGUiOiJTWVNBRE1JTiIsImNwZiI6IjExMTExMTExMTExIiwic3RhdHVzIjp0cnVlLCJhdWRpdCI6W3sicmVnaXN0ZXJlZEJ5Ijp7InVzZXJJZCI6IjExMTExMTExMTExMTExMTExMSIsInVzZXJMb2dpbiI6InN5c2FkbWluQHFhY29kZXJzLmNvbSJ9LCJyZWdpc3RyYXRpb25EYXRlIjoicXVpbnRhLWZlaXJhLCAyOC8xMS8yMDI0LCAyMDowMzoxMyBCUlQiLCJyZWdpc3RyYXRpb25OdW1iZXIiOiIwMSIsImNvbXBhbnlJZCI6IlFhLkNvZGVycyIsIl9pZCI6IjY3NDhmNmIxNDI3ODFlYzBjZTQ1ZjVlOSJ9XSwiX192IjowLCJpYXQiOjE3NDQ5MjQzMzcsImV4cCI6MTc0NTAxMDczN30.Wjjtl-8gbTvNjjGXn2goGyMq59usEJTgMQqWEeouags 
 headers={'User-Agent': 'python-requests/2.32.3', 'Accept-Encoding': 'gzip, deflate', 'accept': 'application/json', 'Connection': 'keep-alive', 'Content-Type': 'application/json', 'Content-Length': '24'} 
 body=b'{"boardName": "SALA123"}' 
 </msg>
<msg time="2025-04-17T18:12:18.477159" level="INFO">POST Response : url=https://qualitys-hunters.qacoders.dev.br/api/board/?token=eyJhbGciOiJIUzI1NiIsInR5cCI6IkpXVCJ9.eyJfaWQiOiI2NzQ4ZjZiMTQyNzgxZWMwY2U0NWY1ZTgiLCJmdWxsTmFtZSI6IlFhLUNvZGVycy1TWVNBRE1JTiIsIm1haWwiOiJzeXNhZG1pbkBxYWNvZGVycy5jb20iLCJwYXNzd29yZCI6IiQyYiQxMCQ1WHVqUDYvOVkvREJncFdERGQ0SEMubUl1YkliVFFGLkNtYm9Gd29lU3E2UC53OWkuaGwxNiIsImFjY2Vzc1Byb2ZpbGUiOiJTWVNBRE1JTiIsImNwZiI6IjExMTExMTExMTExIiwic3RhdHVzIjp0cnVlLCJhdWRpdCI6W3sicmVnaXN0ZXJlZEJ5Ijp7InVzZXJJZCI6IjExMTExMTExMTExMTExMTExMSIsInVzZXJMb2dpbiI6InN5c2FkbWluQHFhY29kZXJzLmNvbSJ9LCJyZWdpc3RyYXRpb25EYXRlIjoicXVpbnRhLWZlaXJhLCAyOC8xMS8yMDI0LCAyMDowMzoxMyBCUlQiLCJyZWdpc3RyYXRpb25OdW1iZXIiOiIwMSIsImNvbXBhbnlJZCI6IlFhLkNvZGVycyIsIl9pZCI6IjY3NDhmNmIxNDI3ODFlYzBjZTQ1ZjVlOSJ9XSwiX192IjowLCJpYXQiOjE3NDQ5MjQzMzcsImV4cCI6MTc0NTAxMDczN30.Wjjtl-8gbTvNjjGXn2goGyMq59usEJTgMQqWEeouags 
 status=400, reason=Bad Request 
 headers={'Server': 'nginx/1.18.0 (Ubuntu)', 'Date': 'Thu, 17 Apr 2025 21:12:17 GMT', 'Content-Type': 'application/json; charset=utf-8', 'Content-Length': '84', 'Connection': 'keep-alive', 'X-Powered-By': 'Express', 'Access-Control-Allow-Origin': '*', 'ETag': 'W/"54-kPAkPq3704yBNDfw0n6YFGiWzyM"'} 
 body={"error":["O campo 'diretoria' só pode conter letras e o caractere especial '&amp;'."]} 
 </msg>
<msg time="2025-04-17T18:12:18.477595" level="INFO">${CRIAR_DIRETORIA_NUM} = &lt;Response [400]&gt;</msg>
<var>${CRIAR_DIRETORIA_NUM}</var>
<arg>alias=token</arg>
<arg>url=/board/?token=${banana}</arg>
<arg>json=${body}</arg>
<arg>expected_status=any</arg>
<doc>Sends a POST request on a previously created HTTP Session.</doc>
<status status="PASS" start="2025-04-17T18:12:18.443841" elapsed="0.033850"/>
</kw>
<kw name="Log" owner="BuiltIn">
<msg time="2025-04-17T18:12:18.479788" level="INFO">{'error': ["O campo 'diretoria' só pode conter letras e o caractere especial '&amp;'."]}</msg>
<arg>${CRIAR_DIRETORIA_NUM.json()}</arg>
<doc>Logs the given message with the given level.</doc>
<status status="PASS" start="2025-04-17T18:12:18.478252" elapsed="0.001717"/>
</kw>
<status status="PASS" start="2025-04-17T18:12:18.250253" elapsed="0.229954"/>
</kw>
<status status="PASS" start="2025-04-17T18:12:18.249606" elapsed="0.231017"/>
</test>
<test id="s1-t4" name="Cenário 04: Campo diretoria letras maiúsculas." line="17">
<kw name="Criar um novo usuário método Generate Random String" owner="kwsCenario00_MassaDados">
<kw name="Generate Random String" owner="String">
<msg time="2025-04-17T18:12:18.483121" level="INFO">${palavra_aleatoria} = Bo</msg>
<var>${palavra_aleatoria}</var>
<arg>length=2</arg>
<arg>chars=[LETTERS]</arg>
<doc>Generates a string with a desired ``length`` from the given ``chars``.</doc>
<status status="PASS" start="2025-04-17T18:12:18.482605" elapsed="0.000606"/>
</kw>
<kw name="Convert To Upper Case" owner="String">
<msg time="2025-04-17T18:12:18.483827" level="INFO">${palavra_aleatoria} = BO</msg>
<var>${palavra_aleatoria}</var>
<arg>${palavra_aleatoria}</arg>
<doc>Converts string to upper case.</doc>
<status status="PASS" start="2025-04-17T18:12:18.483498" elapsed="0.000384"/>
</kw>
<kw name="Set Test Variable" owner="BuiltIn">
<msg time="2025-04-17T18:12:18.485632" level="INFO">${EMAIL_TESTE} = BO</msg>
<arg>${EMAIL_TESTE}</arg>
<arg>${palavra_aleatoria}</arg>
<doc>Makes a variable available everywhere within the scope of the current test.</doc>
<status status="PASS" start="2025-04-17T18:12:18.484156" elapsed="0.001579"/>
</kw>
<kw name="Set Global Variable" owner="BuiltIn">
<msg time="2025-04-17T18:12:18.486578" level="INFO">${palavra_aleatoria} = BO</msg>
<arg>${palavra_aleatoria}</arg>
<doc>Makes a variable available globally in all tests and suites.</doc>
<status status="PASS" start="2025-04-17T18:12:18.486025" elapsed="0.000671"/>
</kw>
<status status="PASS" start="2025-04-17T18:12:18.482025" elapsed="0.004824"/>
</kw>
<kw name="Campo diretoria letras maiusculas" owner="kwsCenario04_DiretoriaMaiusculas">
<kw name="Create Dictionary" owner="BuiltIn">
<msg time="2025-04-17T18:12:18.489133" level="INFO">${BODY} = {'boardName': 'SALA DE ESTAR BO'}</msg>
<var>${BODY}</var>
<arg>boardName=SALA DE ESTAR ${palavra_aleatoria}</arg>
<doc>Creates and returns a dictionary based on the given ``items``.</doc>
<status status="PASS" start="2025-04-17T18:12:18.488419" elapsed="0.000830"/>
</kw>
<kw name="Criar Sessao" owner="kwsCenario01_PostDiretoria">
<kw name="Create Dictionary" owner="BuiltIn">
<msg time="2025-04-17T18:12:18.491408" level="INFO">${headers} = {'accept': 'application/json', 'Content-Type': 'application/json'}</msg>
<var>${headers}</var>
<arg>accept=application/json</arg>
<arg>Content-Type=application/json</arg>
<doc>Creates and returns a dictionary based on the given ``items``.</doc>
<status status="PASS" start="2025-04-17T18:12:18.490685" elapsed="0.000832"/>
</kw>
<kw name="Create Session" owner="RequestsLibrary">
<msg time="2025-04-17T18:12:18.492984" level="INFO">Creating Session using : alias=token, url=https://qualitys-hunters.qacoders.dev.br/api, headers={'accept': 'application/json', 'Content-Type': 'application/json'},                     cookies={}, auth=None, timeout=None, proxies=None, verify=True,                     debug=0 </msg>
<arg>alias=token</arg>
<arg>url=${BASE_URL}</arg>
<arg>headers=${headers}</arg>
<arg>verify=true</arg>
<doc>Create Session: create a HTTP session to a server</doc>
<status status="PASS" start="2025-04-17T18:12:18.492026" elapsed="0.001409"/>
</kw>
<status status="PASS" start="2025-04-17T18:12:18.489755" elapsed="0.003875"/>
</kw>
<kw name="Pegar token" owner="kwsCenario01_PostDiretoria">
<kw name="Create Dictionary" owner="BuiltIn">
<msg time="2025-04-17T18:12:18.495232" level="INFO">${BODY} = {'mail': 'sysadmin@qacoders.com', 'password': '1234@Test'}</msg>
<var>${BODY}</var>
<arg>mail=sysadmin@qacoders.com</arg>
<arg>password=1234@Test</arg>
<doc>Creates and returns a dictionary based on the given ``items``.</doc>
<status status="PASS" start="2025-04-17T18:12:18.494766" elapsed="0.000534"/>
</kw>
<kw name="Criar Sessao" owner="kwsCenario01_PostDiretoria">
<kw name="Create Dictionary" owner="BuiltIn">
<msg time="2025-04-17T18:12:18.496751" level="INFO">${headers} = {'accept': 'application/json', 'Content-Type': 'application/json'}</msg>
<var>${headers}</var>
<arg>accept=application/json</arg>
<arg>Content-Type=application/json</arg>
<doc>Creates and returns a dictionary based on the given ``items``.</doc>
<status status="PASS" start="2025-04-17T18:12:18.496329" elapsed="0.000585"/>
</kw>
<kw name="Create Session" owner="RequestsLibrary">
<msg time="2025-04-17T18:12:18.497952" level="INFO">Creating Session using : alias=token, url=https://qualitys-hunters.qacoders.dev.br/api, headers={'accept': 'application/json', 'Content-Type': 'application/json'},                     cookies={}, auth=None, timeout=None, proxies=None, verify=True,                     debug=0 </msg>
<arg>alias=token</arg>
<arg>url=${BASE_URL}</arg>
<arg>headers=${headers}</arg>
<arg>verify=true</arg>
<doc>Create Session: create a HTTP session to a server</doc>
<status status="PASS" start="2025-04-17T18:12:18.497264" elapsed="0.001123"/>
</kw>
<status status="PASS" start="2025-04-17T18:12:18.495684" elapsed="0.002960"/>
</kw>
<kw name="POST On Session" owner="RequestsLibrary">
<msg time="2025-04-17T18:12:18.690459" level="INFO">POST Request : url=https://qualitys-hunters.qacoders.dev.br/api/login 
 path_url=/api/login 
 headers={'User-Agent': 'python-requests/2.32.3', 'Accept-Encoding': 'gzip, deflate', 'accept': 'application/json', 'Connection': 'keep-alive', 'Content-Type': 'application/json', 'Content-Length': '58'} 
 body=b'{"mail": "sysadmin@qacoders.com", "password": "1234@Test"}' 
 </msg>
<msg time="2025-04-17T18:12:18.690712" level="INFO">POST Response : url=https://qualitys-hunters.qacoders.dev.br/api/login 
 status=200, reason=OK 
 headers={'Server': 'nginx/1.18.0 (Ubuntu)', 'Date': 'Thu, 17 Apr 2025 21:12:17 GMT', 'Content-Type': 'application/json; charset=utf-8', 'Transfer-Encoding': 'chunked', 'Connection': 'keep-alive', 'X-Powered-By': 'Express', 'Access-Control-Allow-Origin': '*', 'ETag': 'W/"536-zgA+3teBjijW7+Nzv/NwKHKxvDM"', 'Content-Encoding': 'gzip'} 
 body={"msg":"Olá Qa-Coders-SYSADMIN, autenticação autorizada com sucesso!","user":{"_id":"6748f6b142781ec0ce45f5e8","fullName":"Qa-Coders-SYSADMIN","mail":"sysadmin@qacoders.com","password":"$2b$10$5XujP6/9Y/DBgpWDDd4HC.mIubIbTQF.CmboFwoeSq6P.w9i.hl16","accessProfile":"SYSADMIN","cpf":"11111111111","status":true,"audit":[{"registeredBy":{"userId":"111111111111111111","userLogin":"sysadmin@qacoders.com"},"registrationDate":"quinta-feira, 28/11/2024, 20:03:13 BRT","registrationNumber":"01","companyId":"Qa.Coders","_id":"6748f6b142781ec0ce45f5e9"}],"__v":0},"token":"eyJhbGciOiJIUzI1NiIsInR5cCI6IkpXVCJ9.eyJfaWQiOiI2NzQ4ZjZiMTQyNzgxZWMwY2U0NWY1ZTgiLCJmdWxsTmFtZSI6IlFhLUNvZGVycy1TWVNBRE1JTiIsIm1haWwiOiJzeXNhZG1pbkBxYWNvZGVycy5jb20iLCJwYXNzd29yZCI6IiQyYiQxMCQ1WHVqUDYvOVkvREJncFdERGQ0SEMubUl1YkliVFFGLkNtYm9Gd29lU3E2UC53OWkuaGwxNiIsImFjY2Vzc1Byb2ZpbGUiOiJTWVNBRE1JTiIsImNwZiI6IjExMTExMTExMTExIiwic3RhdHVzIjp0cnVlLCJhdWRpdCI6W3sicmVnaXN0ZXJlZEJ5Ijp7InVzZXJJZCI6IjExMTExMTExMTExMTExMTExMSIsInVzZXJMb2dpbiI6InN5c2FkbWluQHFhY29kZXJzLmNvbSJ9LCJyZWdpc3RyYXRpb25EYXRlIjoicXVpbnRhLWZlaXJhLCAyOC8xMS8yMDI0LCAyMDowMzoxMyBCUlQiLCJyZWdpc3RyYXRpb25OdW1iZXIiOiIwMSIsImNvbXBhbnlJZCI6IlFhLkNvZGVycyIsIl9pZCI6IjY3NDhmNmIxNDI3ODFlYzBjZTQ1ZjVlOSJ9XSwiX192IjowLCJpYXQiOjE3NDQ5MjQzMzcsImV4cCI6MTc0NTAxMDczN30.Wjjtl-8gbTvNjjGXn2goGyMq59usEJTgMQqWEeouags"} 
 </msg>
<msg time="2025-04-17T18:12:18.691056" level="INFO">${RESPOSTA} = &lt;Response [200]&gt;</msg>
<var>${RESPOSTA}</var>
<arg>alias=token</arg>
<arg>url=/login</arg>
<arg>json=${BODY}</arg>
<doc>Sends a POST request on a previously created HTTP Session.</doc>
<status status="PASS" start="2025-04-17T18:12:18.499064" elapsed="0.192067"/>
</kw>
<kw name="Log" owner="BuiltIn">
<msg time="2025-04-17T18:12:18.692133" level="INFO">&lt;Response [200]&gt;</msg>
<arg>${RESPOSTA}</arg>
<doc>Logs the given message with the given level.</doc>
<status status="PASS" start="2025-04-17T18:12:18.691585" elapsed="0.000769"/>
</kw>
<return>
<value>${RESPOSTA.json()["token"]}</value>
<status status="PASS" start="2025-04-17T18:12:18.692534" elapsed="0.000117"/>
</return>
<msg time="2025-04-17T18:12:18.694159" level="INFO">${banana} = eyJhbGciOiJIUzI1NiIsInR5cCI6IkpXVCJ9.eyJfaWQiOiI2NzQ4ZjZiMTQyNzgxZWMwY2U0NWY1ZTgiLCJmdWxsTmFtZSI6IlFhLUNvZGVycy1TWVNBRE1JTiIsIm1haWwiOiJzeXNhZG1pbkBxYWNvZGVycy5jb20iLCJwYXNzd29yZCI6IiQyYiQxMCQ1WHVqUDY...</msg>
<var>${banana}</var>
<status status="PASS" start="2025-04-17T18:12:18.494086" elapsed="0.200209"/>
</kw>
<kw name="POST On Session" owner="RequestsLibrary">
<msg time="2025-04-17T18:12:18.738219" level="INFO">POST Request : url=https://qualitys-hunters.qacoders.dev.br/api/board/?token=eyJhbGciOiJIUzI1NiIsInR5cCI6IkpXVCJ9.eyJfaWQiOiI2NzQ4ZjZiMTQyNzgxZWMwY2U0NWY1ZTgiLCJmdWxsTmFtZSI6IlFhLUNvZGVycy1TWVNBRE1JTiIsIm1haWwiOiJzeXNhZG1pbkBxYWNvZGVycy5jb20iLCJwYXNzd29yZCI6IiQyYiQxMCQ1WHVqUDYvOVkvREJncFdERGQ0SEMubUl1YkliVFFGLkNtYm9Gd29lU3E2UC53OWkuaGwxNiIsImFjY2Vzc1Byb2ZpbGUiOiJTWVNBRE1JTiIsImNwZiI6IjExMTExMTExMTExIiwic3RhdHVzIjp0cnVlLCJhdWRpdCI6W3sicmVnaXN0ZXJlZEJ5Ijp7InVzZXJJZCI6IjExMTExMTExMTExMTExMTExMSIsInVzZXJMb2dpbiI6InN5c2FkbWluQHFhY29kZXJzLmNvbSJ9LCJyZWdpc3RyYXRpb25EYXRlIjoicXVpbnRhLWZlaXJhLCAyOC8xMS8yMDI0LCAyMDowMzoxMyBCUlQiLCJyZWdpc3RyYXRpb25OdW1iZXIiOiIwMSIsImNvbXBhbnlJZCI6IlFhLkNvZGVycyIsIl9pZCI6IjY3NDhmNmIxNDI3ODFlYzBjZTQ1ZjVlOSJ9XSwiX192IjowLCJpYXQiOjE3NDQ5MjQzMzcsImV4cCI6MTc0NTAxMDczN30.Wjjtl-8gbTvNjjGXn2goGyMq59usEJTgMQqWEeouags 
 path_url=/api/board/?token=eyJhbGciOiJIUzI1NiIsInR5cCI6IkpXVCJ9.eyJfaWQiOiI2NzQ4ZjZiMTQyNzgxZWMwY2U0NWY1ZTgiLCJmdWxsTmFtZSI6IlFhLUNvZGVycy1TWVNBRE1JTiIsIm1haWwiOiJzeXNhZG1pbkBxYWNvZGVycy5jb20iLCJwYXNzd29yZCI6IiQyYiQxMCQ1WHVqUDYvOVkvREJncFdERGQ0SEMubUl1YkliVFFGLkNtYm9Gd29lU3E2UC53OWkuaGwxNiIsImFjY2Vzc1Byb2ZpbGUiOiJTWVNBRE1JTiIsImNwZiI6IjExMTExMTExMTExIiwic3RhdHVzIjp0cnVlLCJhdWRpdCI6W3sicmVnaXN0ZXJlZEJ5Ijp7InVzZXJJZCI6IjExMTExMTExMTExMTExMTExMSIsInVzZXJMb2dpbiI6InN5c2FkbWluQHFhY29kZXJzLmNvbSJ9LCJyZWdpc3RyYXRpb25EYXRlIjoicXVpbnRhLWZlaXJhLCAyOC8xMS8yMDI0LCAyMDowMzoxMyBCUlQiLCJyZWdpc3RyYXRpb25OdW1iZXIiOiIwMSIsImNvbXBhbnlJZCI6IlFhLkNvZGVycyIsIl9pZCI6IjY3NDhmNmIxNDI3ODFlYzBjZTQ1ZjVlOSJ9XSwiX192IjowLCJpYXQiOjE3NDQ5MjQzMzcsImV4cCI6MTc0NTAxMDczN30.Wjjtl-8gbTvNjjGXn2goGyMq59usEJTgMQqWEeouags 
 headers={'User-Agent': 'python-requests/2.32.3', 'Accept-Encoding': 'gzip, deflate', 'accept': 'application/json', 'Connection': 'keep-alive', 'Content-Type': 'application/json', 'Content-Length': '33'} 
 body=b'{"boardName": "SALA DE ESTAR BO"}' 
 </msg>
<msg time="2025-04-17T18:12:18.738484" level="INFO">POST Response : url=https://qualitys-hunters.qacoders.dev.br/api/board/?token=eyJhbGciOiJIUzI1NiIsInR5cCI6IkpXVCJ9.eyJfaWQiOiI2NzQ4ZjZiMTQyNzgxZWMwY2U0NWY1ZTgiLCJmdWxsTmFtZSI6IlFhLUNvZGVycy1TWVNBRE1JTiIsIm1haWwiOiJzeXNhZG1pbkBxYWNvZGVycy5jb20iLCJwYXNzd29yZCI6IiQyYiQxMCQ1WHVqUDYvOVkvREJncFdERGQ0SEMubUl1YkliVFFGLkNtYm9Gd29lU3E2UC53OWkuaGwxNiIsImFjY2Vzc1Byb2ZpbGUiOiJTWVNBRE1JTiIsImNwZiI6IjExMTExMTExMTExIiwic3RhdHVzIjp0cnVlLCJhdWRpdCI6W3sicmVnaXN0ZXJlZEJ5Ijp7InVzZXJJZCI6IjExMTExMTExMTExMTExMTExMSIsInVzZXJMb2dpbiI6InN5c2FkbWluQHFhY29kZXJzLmNvbSJ9LCJyZWdpc3RyYXRpb25EYXRlIjoicXVpbnRhLWZlaXJhLCAyOC8xMS8yMDI0LCAyMDowMzoxMyBCUlQiLCJyZWdpc3RyYXRpb25OdW1iZXIiOiIwMSIsImNvbXBhbnlJZCI6IlFhLkNvZGVycyIsIl9pZCI6IjY3NDhmNmIxNDI3ODFlYzBjZTQ1ZjVlOSJ9XSwiX192IjowLCJpYXQiOjE3NDQ5MjQzMzcsImV4cCI6MTc0NTAxMDczN30.Wjjtl-8gbTvNjjGXn2goGyMq59usEJTgMQqWEeouags 
 status=201, reason=Created 
 headers={'Server': 'nginx/1.18.0 (Ubuntu)', 'Date': 'Thu, 17 Apr 2025 21:12:18 GMT', 'Content-Type': 'application/json; charset=utf-8', 'Content-Length': '352', 'Connection': 'keep-alive', 'X-Powered-By': 'Express', 'Access-Control-Allow-Origin': '*', 'ETag': 'W/"160-Sc1TFgXYsDA0sSmSc6Y9cVhdkL4"'} 
 body={"msg":"Cadastro realizado com sucesso!","newBoard":{"boardName":"SALA DE ESTAR BO","boardCode":"157","status":true,"audit":[{"registrationDate":"quinta-feira, 17/04/2025, 18:12:18 BRT","registeredBy":{"userId":"6748f6b142781ec0ce45f5e8","userLogin":"sysadmin@qacoders.com"},"_id":"68016eb237601927a7d813cd"}],"_id":"68016eb237601927a7d813cc","__v":0}} 
 </msg>
<msg time="2025-04-17T18:12:18.738912" level="INFO">${CRIAR_DIRETORIA_MAIUSCULA} = &lt;Response [201]&gt;</msg>
<var>${CRIAR_DIRETORIA_MAIUSCULA}</var>
<arg>alias=token</arg>
<arg>url=/board/?token=${banana}</arg>
<arg>json=${body}</arg>
<arg>expected_status=any</arg>
<doc>Sends a POST request on a previously created HTTP Session.</doc>
<status status="PASS" start="2025-04-17T18:12:18.694727" elapsed="0.044479"/>
</kw>
<kw name="Log" owner="BuiltIn">
<msg time="2025-04-17T18:12:18.741814" level="INFO">{'msg': 'Cadastro realizado com sucesso!', 'newBoard': {'boardName': 'SALA DE ESTAR BO', 'boardCode': '157', 'status': True, 'audit': [{'registrationDate': 'quinta-feira, 17/04/2025, 18:12:18 BRT', 'registeredBy': {'userId': '6748f6b142781ec0ce45f5e8', 'userLogin': 'sysadmin@qacoders.com'}, '_id': '68016eb237601927a7d813cd'}], '_id': '68016eb237601927a7d813cc', '__v': 0}}</msg>
<arg>${CRIAR_DIRETORIA_MAIUSCULA.json()}</arg>
<doc>Logs the given message with the given level.</doc>
<status status="PASS" start="2025-04-17T18:12:18.739762" elapsed="0.002307"/>
</kw>
<status status="PASS" start="2025-04-17T18:12:18.487520" elapsed="0.254859"/>
</kw>
<status status="PASS" start="2025-04-17T18:12:18.481096" elapsed="0.261795"/>
</test>
<test id="s1-t5" name="Cenário 05: Campo diretoria letras minúsculas." line="21">
<kw name="Criar um novo usuário método Generate Random String minusculas" owner="kwsCenario00_MassaDados">
<kw name="Generate Random String" owner="String">
<msg time="2025-04-17T18:12:18.746960" level="INFO">${palavra_aleatoria} = DI</msg>
<var>${palavra_aleatoria}</var>
<arg>length=2</arg>
<arg>chars=[LETTERS]</arg>
<doc>Generates a string with a desired ``length`` from the given ``chars``.</doc>
<status status="PASS" start="2025-04-17T18:12:18.746206" elapsed="0.000855"/>
</kw>
<kw name="Convert To Lower Case" owner="String">
<msg time="2025-04-17T18:12:18.748077" level="INFO">${palavra_aleatoria} = di</msg>
<var>${palavra_aleatoria}</var>
<arg>${palavra_aleatoria}</arg>
<doc>Converts string to lower case.</doc>
<status status="PASS" start="2025-04-17T18:12:18.747561" elapsed="0.000636"/>
</kw>
<kw name="Set Test Variable" owner="BuiltIn">
<msg time="2025-04-17T18:12:18.750939" level="INFO">${EMAIL_TESTE} = di</msg>
<arg>${EMAIL_TESTE}</arg>
<arg>${palavra_aleatoria}</arg>
<doc>Makes a variable available everywhere within the scope of the current test.</doc>
<status status="PASS" start="2025-04-17T18:12:18.748658" elapsed="0.002465"/>
</kw>
<kw name="Set Global Variable" owner="BuiltIn">
<msg time="2025-04-17T18:12:18.752030" level="INFO">${palavra_aleatoria} = di</msg>
<arg>${palavra_aleatoria}</arg>
<doc>Makes a variable available globally in all tests and suites.</doc>
<status status="PASS" start="2025-04-17T18:12:18.751550" elapsed="0.000578"/>
</kw>
<status status="PASS" start="2025-04-17T18:12:18.745270" elapsed="0.007034"/>
</kw>
<kw name="Campo diretoria letras minusculas" owner="kwsCenario05_DiretoriaMinusculas">
<kw name="Create Dictionary" owner="BuiltIn">
<msg time="2025-04-17T18:12:18.754162" level="INFO">${BODY} = {'boardName': 'sala de tv di'}</msg>
<var>${BODY}</var>
<arg>boardName=sala de tv ${palavra_aleatoria}</arg>
<doc>Creates and returns a dictionary based on the given ``items``.</doc>
<status status="PASS" start="2025-04-17T18:12:18.753605" elapsed="0.000660"/>
</kw>
<kw name="Criar Sessao" owner="kwsCenario01_PostDiretoria">
<kw name="Create Dictionary" owner="BuiltIn">
<msg time="2025-04-17T18:12:18.755864" level="INFO">${headers} = {'accept': 'application/json', 'Content-Type': 'application/json'}</msg>
<var>${headers}</var>
<arg>accept=application/json</arg>
<arg>Content-Type=application/json</arg>
<doc>Creates and returns a dictionary based on the given ``items``.</doc>
<status status="PASS" start="2025-04-17T18:12:18.755383" elapsed="0.000567"/>
</kw>
<kw name="Create Session" owner="RequestsLibrary">
<msg time="2025-04-17T18:12:18.757203" level="INFO">Creating Session using : alias=token, url=https://qualitys-hunters.qacoders.dev.br/api, headers={'accept': 'application/json', 'Content-Type': 'application/json'},                     cookies={}, auth=None, timeout=None, proxies=None, verify=True,                     debug=0 </msg>
<arg>alias=token</arg>
<arg>url=${BASE_URL}</arg>
<arg>headers=${headers}</arg>
<arg>verify=true</arg>
<doc>Create Session: create a HTTP session to a server</doc>
<status status="PASS" start="2025-04-17T18:12:18.756398" elapsed="0.001163"/>
</kw>
<status status="PASS" start="2025-04-17T18:12:18.754635" elapsed="0.003119"/>
</kw>
<kw name="Pegar token" owner="kwsCenario01_PostDiretoria">
<kw name="Create Dictionary" owner="BuiltIn">
<msg time="2025-04-17T18:12:18.759952" level="INFO">${BODY} = {'mail': 'sysadmin@qacoders.com', 'password': '1234@Test'}</msg>
<var>${BODY}</var>
<arg>mail=sysadmin@qacoders.com</arg>
<arg>password=1234@Test</arg>
<doc>Creates and returns a dictionary based on the given ``items``.</doc>
<status status="PASS" start="2025-04-17T18:12:18.759359" elapsed="0.000675"/>
</kw>
<kw name="Criar Sessao" owner="kwsCenario01_PostDiretoria">
<kw name="Create Dictionary" owner="BuiltIn">
<msg time="2025-04-17T18:12:18.762068" level="INFO">${headers} = {'accept': 'application/json', 'Content-Type': 'application/json'}</msg>
<var>${headers}</var>
<arg>accept=application/json</arg>
<arg>Content-Type=application/json</arg>
<doc>Creates and returns a dictionary based on the given ``items``.</doc>
<status status="PASS" start="2025-04-17T18:12:18.761356" elapsed="0.000857"/>
</kw>
<kw name="Create Session" owner="RequestsLibrary">
<msg time="2025-04-17T18:12:18.763550" level="INFO">Creating Session using : alias=token, url=https://qualitys-hunters.qacoders.dev.br/api, headers={'accept': 'application/json', 'Content-Type': 'application/json'},                     cookies={}, auth=None, timeout=None, proxies=None, verify=True,                     debug=0 </msg>
<arg>alias=token</arg>
<arg>url=${BASE_URL}</arg>
<arg>headers=${headers}</arg>
<arg>verify=true</arg>
<doc>Create Session: create a HTTP session to a server</doc>
<status status="PASS" start="2025-04-17T18:12:18.762760" elapsed="0.001165"/>
</kw>
<status status="PASS" start="2025-04-17T18:12:18.760517" elapsed="0.003506"/>
</kw>
<kw name="POST On Session" owner="RequestsLibrary">
<msg time="2025-04-17T18:12:18.988788" level="INFO">POST Request : url=https://qualitys-hunters.qacoders.dev.br/api/login 
 path_url=/api/login 
 headers={'User-Agent': 'python-requests/2.32.3', 'Accept-Encoding': 'gzip, deflate', 'accept': 'application/json', 'Connection': 'keep-alive', 'Content-Type': 'application/json', 'Content-Length': '58'} 
 body=b'{"mail": "sysadmin@qacoders.com", "password": "1234@Test"}' 
 </msg>
<msg time="2025-04-17T18:12:18.988965" level="INFO">POST Response : url=https://qualitys-hunters.qacoders.dev.br/api/login 
 status=200, reason=OK 
 headers={'Server': 'nginx/1.18.0 (Ubuntu)', 'Date': 'Thu, 17 Apr 2025 21:12:18 GMT', 'Content-Type': 'application/json; charset=utf-8', 'Transfer-Encoding': 'chunked', 'Connection': 'keep-alive', 'X-Powered-By': 'Express', 'Access-Control-Allow-Origin': '*', 'ETag': 'W/"536-qZAc9TKmHBORSHeppcfGbdLTRBE"', 'Content-Encoding': 'gzip'} 
 body={"msg":"Olá Qa-Coders-SYSADMIN, autenticação autorizada com sucesso!","user":{"_id":"6748f6b142781ec0ce45f5e8","fullName":"Qa-Coders-SYSADMIN","mail":"sysadmin@qacoders.com","password":"$2b$10$5XujP6/9Y/DBgpWDDd4HC.mIubIbTQF.CmboFwoeSq6P.w9i.hl16","accessProfile":"SYSADMIN","cpf":"11111111111","status":true,"audit":[{"registeredBy":{"userId":"111111111111111111","userLogin":"sysadmin@qacoders.com"},"registrationDate":"quinta-feira, 28/11/2024, 20:03:13 BRT","registrationNumber":"01","companyId":"Qa.Coders","_id":"6748f6b142781ec0ce45f5e9"}],"__v":0},"token":"eyJhbGciOiJIUzI1NiIsInR5cCI6IkpXVCJ9.eyJfaWQiOiI2NzQ4ZjZiMTQyNzgxZWMwY2U0NWY1ZTgiLCJmdWxsTmFtZSI6IlFhLUNvZGVycy1TWVNBRE1JTiIsIm1haWwiOiJzeXNhZG1pbkBxYWNvZGVycy5jb20iLCJwYXNzd29yZCI6IiQyYiQxMCQ1WHVqUDYvOVkvREJncFdERGQ0SEMubUl1YkliVFFGLkNtYm9Gd29lU3E2UC53OWkuaGwxNiIsImFjY2Vzc1Byb2ZpbGUiOiJTWVNBRE1JTiIsImNwZiI6IjExMTExMTExMTExIiwic3RhdHVzIjp0cnVlLCJhdWRpdCI6W3sicmVnaXN0ZXJlZEJ5Ijp7InVzZXJJZCI6IjExMTExMTExMTExMTExMTExMSIsInVzZXJMb2dpbiI6InN5c2FkbWluQHFhY29kZXJzLmNvbSJ9LCJyZWdpc3RyYXRpb25EYXRlIjoicXVpbnRhLWZlaXJhLCAyOC8xMS8yMDI0LCAyMDowMzoxMyBCUlQiLCJyZWdpc3RyYXRpb25OdW1iZXIiOiIwMSIsImNvbXBhbnlJZCI6IlFhLkNvZGVycyIsIl9pZCI6IjY3NDhmNmIxNDI3ODFlYzBjZTQ1ZjVlOSJ9XSwiX192IjowLCJpYXQiOjE3NDQ5MjQzMzgsImV4cCI6MTc0NTAxMDczOH0.1fR6srfGOr97LdrcDn6jzSi1--4EOZj00rAVIWmxBTI"} 
 </msg>
<msg time="2025-04-17T18:12:18.989376" level="INFO">${RESPOSTA} = &lt;Response [200]&gt;</msg>
<var>${RESPOSTA}</var>
<arg>alias=token</arg>
<arg>url=/login</arg>
<arg>json=${BODY}</arg>
<doc>Sends a POST request on a previously created HTTP Session.</doc>
<status status="PASS" start="2025-04-17T18:12:18.764329" elapsed="0.225120"/>
</kw>
<kw name="Log" owner="BuiltIn">
<msg time="2025-04-17T18:12:18.990237" level="INFO">&lt;Response [200]&gt;</msg>
<arg>${RESPOSTA}</arg>
<doc>Logs the given message with the given level.</doc>
<status status="PASS" start="2025-04-17T18:12:18.989848" elapsed="0.000563"/>
</kw>
<return>
<value>${RESPOSTA.json()["token"]}</value>
<status status="PASS" start="2025-04-17T18:12:18.990626" elapsed="0.000134"/>
</return>
<msg time="2025-04-17T18:12:18.992385" level="INFO">${banana} = eyJhbGciOiJIUzI1NiIsInR5cCI6IkpXVCJ9.eyJfaWQiOiI2NzQ4ZjZiMTQyNzgxZWMwY2U0NWY1ZTgiLCJmdWxsTmFtZSI6IlFhLUNvZGVycy1TWVNBRE1JTiIsIm1haWwiOiJzeXNhZG1pbkBxYWNvZGVycy5jb20iLCJwYXNzd29yZCI6IiQyYiQxMCQ1WHVqUDY...</msg>
<var>${banana}</var>
<status status="PASS" start="2025-04-17T18:12:18.758355" elapsed="0.234159"/>
</kw>
<kw name="POST On Session" owner="RequestsLibrary">
<msg time="2025-04-17T18:12:19.035256" level="INFO">POST Request : url=https://qualitys-hunters.qacoders.dev.br/api/board/?token=eyJhbGciOiJIUzI1NiIsInR5cCI6IkpXVCJ9.eyJfaWQiOiI2NzQ4ZjZiMTQyNzgxZWMwY2U0NWY1ZTgiLCJmdWxsTmFtZSI6IlFhLUNvZGVycy1TWVNBRE1JTiIsIm1haWwiOiJzeXNhZG1pbkBxYWNvZGVycy5jb20iLCJwYXNzd29yZCI6IiQyYiQxMCQ1WHVqUDYvOVkvREJncFdERGQ0SEMubUl1YkliVFFGLkNtYm9Gd29lU3E2UC53OWkuaGwxNiIsImFjY2Vzc1Byb2ZpbGUiOiJTWVNBRE1JTiIsImNwZiI6IjExMTExMTExMTExIiwic3RhdHVzIjp0cnVlLCJhdWRpdCI6W3sicmVnaXN0ZXJlZEJ5Ijp7InVzZXJJZCI6IjExMTExMTExMTExMTExMTExMSIsInVzZXJMb2dpbiI6InN5c2FkbWluQHFhY29kZXJzLmNvbSJ9LCJyZWdpc3RyYXRpb25EYXRlIjoicXVpbnRhLWZlaXJhLCAyOC8xMS8yMDI0LCAyMDowMzoxMyBCUlQiLCJyZWdpc3RyYXRpb25OdW1iZXIiOiIwMSIsImNvbXBhbnlJZCI6IlFhLkNvZGVycyIsIl9pZCI6IjY3NDhmNmIxNDI3ODFlYzBjZTQ1ZjVlOSJ9XSwiX192IjowLCJpYXQiOjE3NDQ5MjQzMzgsImV4cCI6MTc0NTAxMDczOH0.1fR6srfGOr97LdrcDn6jzSi1--4EOZj00rAVIWmxBTI 
 path_url=/api/board/?token=eyJhbGciOiJIUzI1NiIsInR5cCI6IkpXVCJ9.eyJfaWQiOiI2NzQ4ZjZiMTQyNzgxZWMwY2U0NWY1ZTgiLCJmdWxsTmFtZSI6IlFhLUNvZGVycy1TWVNBRE1JTiIsIm1haWwiOiJzeXNhZG1pbkBxYWNvZGVycy5jb20iLCJwYXNzd29yZCI6IiQyYiQxMCQ1WHVqUDYvOVkvREJncFdERGQ0SEMubUl1YkliVFFGLkNtYm9Gd29lU3E2UC53OWkuaGwxNiIsImFjY2Vzc1Byb2ZpbGUiOiJTWVNBRE1JTiIsImNwZiI6IjExMTExMTExMTExIiwic3RhdHVzIjp0cnVlLCJhdWRpdCI6W3sicmVnaXN0ZXJlZEJ5Ijp7InVzZXJJZCI6IjExMTExMTExMTExMTExMTExMSIsInVzZXJMb2dpbiI6InN5c2FkbWluQHFhY29kZXJzLmNvbSJ9LCJyZWdpc3RyYXRpb25EYXRlIjoicXVpbnRhLWZlaXJhLCAyOC8xMS8yMDI0LCAyMDowMzoxMyBCUlQiLCJyZWdpc3RyYXRpb25OdW1iZXIiOiIwMSIsImNvbXBhbnlJZCI6IlFhLkNvZGVycyIsIl9pZCI6IjY3NDhmNmIxNDI3ODFlYzBjZTQ1ZjVlOSJ9XSwiX192IjowLCJpYXQiOjE3NDQ5MjQzMzgsImV4cCI6MTc0NTAxMDczOH0.1fR6srfGOr97LdrcDn6jzSi1--4EOZj00rAVIWmxBTI 
 headers={'User-Agent': 'python-requests/2.32.3', 'Accept-Encoding': 'gzip, deflate', 'accept': 'application/json', 'Connection': 'keep-alive', 'Content-Type': 'application/json', 'Content-Length': '30'} 
 body=b'{"boardName": "sala de tv di"}' 
 </msg>
<msg time="2025-04-17T18:12:19.035447" level="INFO">POST Response : url=https://qualitys-hunters.qacoders.dev.br/api/board/?token=eyJhbGciOiJIUzI1NiIsInR5cCI6IkpXVCJ9.eyJfaWQiOiI2NzQ4ZjZiMTQyNzgxZWMwY2U0NWY1ZTgiLCJmdWxsTmFtZSI6IlFhLUNvZGVycy1TWVNBRE1JTiIsIm1haWwiOiJzeXNhZG1pbkBxYWNvZGVycy5jb20iLCJwYXNzd29yZCI6IiQyYiQxMCQ1WHVqUDYvOVkvREJncFdERGQ0SEMubUl1YkliVFFGLkNtYm9Gd29lU3E2UC53OWkuaGwxNiIsImFjY2Vzc1Byb2ZpbGUiOiJTWVNBRE1JTiIsImNwZiI6IjExMTExMTExMTExIiwic3RhdHVzIjp0cnVlLCJhdWRpdCI6W3sicmVnaXN0ZXJlZEJ5Ijp7InVzZXJJZCI6IjExMTExMTExMTExMTExMTExMSIsInVzZXJMb2dpbiI6InN5c2FkbWluQHFhY29kZXJzLmNvbSJ9LCJyZWdpc3RyYXRpb25EYXRlIjoicXVpbnRhLWZlaXJhLCAyOC8xMS8yMDI0LCAyMDowMzoxMyBCUlQiLCJyZWdpc3RyYXRpb25OdW1iZXIiOiIwMSIsImNvbXBhbnlJZCI6IlFhLkNvZGVycyIsIl9pZCI6IjY3NDhmNmIxNDI3ODFlYzBjZTQ1ZjVlOSJ9XSwiX192IjowLCJpYXQiOjE3NDQ5MjQzMzgsImV4cCI6MTc0NTAxMDczOH0.1fR6srfGOr97LdrcDn6jzSi1--4EOZj00rAVIWmxBTI 
 status=201, reason=Created 
 headers={'Server': 'nginx/1.18.0 (Ubuntu)', 'Date': 'Thu, 17 Apr 2025 21:12:18 GMT', 'Content-Type': 'application/json; charset=utf-8', 'Content-Length': '349', 'Connection': 'keep-alive', 'X-Powered-By': 'Express', 'Access-Control-Allow-Origin': '*', 'ETag': 'W/"15d-QzASG2cuVRv+yAM+oPEeB0qEfMk"'} 
 body={"msg":"Cadastro realizado com sucesso!","newBoard":{"boardName":"sala de tv di","boardCode":"158","status":true,"audit":[{"registrationDate":"quinta-feira, 17/04/2025, 18:12:18 BRT","registeredBy":{"userId":"6748f6b142781ec0ce45f5e8","userLogin":"sysadmin@qacoders.com"},"_id":"68016eb237601927a7d813d4"}],"_id":"68016eb237601927a7d813d3","__v":0}} 
 </msg>
<msg time="2025-04-17T18:12:19.035763" level="INFO">${CRIAR_DIRETORIA_MINUSCULA} = &lt;Response [201]&gt;</msg>
<var>${CRIAR_DIRETORIA_MINUSCULA}</var>
<arg>alias=token</arg>
<arg>url=/board/?token=${banana}</arg>
<arg>json=${body}</arg>
<arg>expected_status=any</arg>
<doc>Sends a POST request on a previously created HTTP Session.</doc>
<status status="PASS" start="2025-04-17T18:12:18.992992" elapsed="0.042846"/>
</kw>
<kw name="Log" owner="BuiltIn">
<msg time="2025-04-17T18:12:19.037702" level="INFO">{'msg': 'Cadastro realizado com sucesso!', 'newBoard': {'boardName': 'sala de tv di', 'boardCode': '158', 'status': True, 'audit': [{'registrationDate': 'quinta-feira, 17/04/2025, 18:12:18 BRT', 'registeredBy': {'userId': '6748f6b142781ec0ce45f5e8', 'userLogin': 'sysadmin@qacoders.com'}, '_id': '68016eb237601927a7d813d4'}], '_id': '68016eb237601927a7d813d3', '__v': 0}}</msg>
<arg>${CRIAR_DIRETORIA_MINUSCULA.json()}</arg>
<doc>Logs the given message with the given level.</doc>
<status status="PASS" start="2025-04-17T18:12:19.036370" elapsed="0.001478"/>
</kw>
<status status="PASS" start="2025-04-17T18:12:18.752832" elapsed="0.285186"/>
</kw>
<status status="PASS" start="2025-04-17T18:12:18.743733" elapsed="0.294626"/>
</test>
<test id="s1-t6" name="Cenário 06: Campo diretoria com caracteres especiais apenas" line="25">
<kw name="Criar diretoria com caracteres especiais apenas" owner="kwsCenario06_DiretoriaCaracteresEspeciais">
<kw name="Create Dictionary" owner="BuiltIn">
<msg time="2025-04-17T18:12:19.042775" level="INFO">${BODY} = {'boardName': '%¨&amp;%$#$%'}</msg>
<var>${BODY}</var>
<arg>boardName=%¨&amp;%$#$%</arg>
<doc>Creates and returns a dictionary based on the given ``items``.</doc>
<status status="PASS" start="2025-04-17T18:12:19.041955" elapsed="0.000956"/>
</kw>
<kw name="Criar Sessao" owner="kwsCenario01_PostDiretoria">
<kw name="Create Dictionary" owner="BuiltIn">
<msg time="2025-04-17T18:12:19.045557" level="INFO">${headers} = {'accept': 'application/json', 'Content-Type': 'application/json'}</msg>
<var>${headers}</var>
<arg>accept=application/json</arg>
<arg>Content-Type=application/json</arg>
<doc>Creates and returns a dictionary based on the given ``items``.</doc>
<status status="PASS" start="2025-04-17T18:12:19.044785" elapsed="0.000883"/>
</kw>
<kw name="Create Session" owner="RequestsLibrary">
<msg time="2025-04-17T18:12:19.047127" level="INFO">Creating Session using : alias=token, url=https://qualitys-hunters.qacoders.dev.br/api, headers={'accept': 'application/json', 'Content-Type': 'application/json'},                     cookies={}, auth=None, timeout=None, proxies=None, verify=True,                     debug=0 </msg>
<arg>alias=token</arg>
<arg>url=${BASE_URL}</arg>
<arg>headers=${headers}</arg>
<arg>verify=true</arg>
<doc>Create Session: create a HTTP session to a server</doc>
<status status="PASS" start="2025-04-17T18:12:19.046247" elapsed="0.001416"/>
</kw>
<status status="PASS" start="2025-04-17T18:12:19.043730" elapsed="0.004141"/>
</kw>
<kw name="Pegar token" owner="kwsCenario01_PostDiretoria">
<kw name="Create Dictionary" owner="BuiltIn">
<msg time="2025-04-17T18:12:19.049775" level="INFO">${BODY} = {'mail': 'sysadmin@qacoders.com', 'password': '1234@Test'}</msg>
<var>${BODY}</var>
<arg>mail=sysadmin@qacoders.com</arg>
<arg>password=1234@Test</arg>
<doc>Creates and returns a dictionary based on the given ``items``.</doc>
<status status="PASS" start="2025-04-17T18:12:19.049243" elapsed="0.000613"/>
</kw>
<kw name="Criar Sessao" owner="kwsCenario01_PostDiretoria">
<kw name="Create Dictionary" owner="BuiltIn">
<msg time="2025-04-17T18:12:19.051524" level="INFO">${headers} = {'accept': 'application/json', 'Content-Type': 'application/json'}</msg>
<var>${headers}</var>
<arg>accept=application/json</arg>
<arg>Content-Type=application/json</arg>
<doc>Creates and returns a dictionary based on the given ``items``.</doc>
<status status="PASS" start="2025-04-17T18:12:19.051044" elapsed="0.000555"/>
</kw>
<kw name="Create Session" owner="RequestsLibrary">
<msg time="2025-04-17T18:12:19.052548" level="INFO">Creating Session using : alias=token, url=https://qualitys-hunters.qacoders.dev.br/api, headers={'accept': 'application/json', 'Content-Type': 'application/json'},                     cookies={}, auth=None, timeout=None, proxies=None, verify=True,                     debug=0 </msg>
<arg>alias=token</arg>
<arg>url=${BASE_URL}</arg>
<arg>headers=${headers}</arg>
<arg>verify=true</arg>
<doc>Create Session: create a HTTP session to a server</doc>
<status status="PASS" start="2025-04-17T18:12:19.051917" elapsed="0.000990"/>
</kw>
<status status="PASS" start="2025-04-17T18:12:19.050369" elapsed="0.002719"/>
</kw>
<kw name="POST On Session" owner="RequestsLibrary">
<msg time="2025-04-17T18:12:19.236302" level="INFO">POST Request : url=https://qualitys-hunters.qacoders.dev.br/api/login 
 path_url=/api/login 
 headers={'User-Agent': 'python-requests/2.32.3', 'Accept-Encoding': 'gzip, deflate', 'accept': 'application/json', 'Connection': 'keep-alive', 'Content-Type': 'application/json', 'Content-Length': '58'} 
 body=b'{"mail": "sysadmin@qacoders.com", "password": "1234@Test"}' 
 </msg>
<msg time="2025-04-17T18:12:19.236496" level="INFO">POST Response : url=https://qualitys-hunters.qacoders.dev.br/api/login 
 status=200, reason=OK 
 headers={'Server': 'nginx/1.18.0 (Ubuntu)', 'Date': 'Thu, 17 Apr 2025 21:12:18 GMT', 'Content-Type': 'application/json; charset=utf-8', 'Transfer-Encoding': 'chunked', 'Connection': 'keep-alive', 'X-Powered-By': 'Express', 'Access-Control-Allow-Origin': '*', 'ETag': 'W/"536-qZAc9TKmHBORSHeppcfGbdLTRBE"', 'Content-Encoding': 'gzip'} 
 body={"msg":"Olá Qa-Coders-SYSADMIN, autenticação autorizada com sucesso!","user":{"_id":"6748f6b142781ec0ce45f5e8","fullName":"Qa-Coders-SYSADMIN","mail":"sysadmin@qacoders.com","password":"$2b$10$5XujP6/9Y/DBgpWDDd4HC.mIubIbTQF.CmboFwoeSq6P.w9i.hl16","accessProfile":"SYSADMIN","cpf":"11111111111","status":true,"audit":[{"registeredBy":{"userId":"111111111111111111","userLogin":"sysadmin@qacoders.com"},"registrationDate":"quinta-feira, 28/11/2024, 20:03:13 BRT","registrationNumber":"01","companyId":"Qa.Coders","_id":"6748f6b142781ec0ce45f5e9"}],"__v":0},"token":"eyJhbGciOiJIUzI1NiIsInR5cCI6IkpXVCJ9.eyJfaWQiOiI2NzQ4ZjZiMTQyNzgxZWMwY2U0NWY1ZTgiLCJmdWxsTmFtZSI6IlFhLUNvZGVycy1TWVNBRE1JTiIsIm1haWwiOiJzeXNhZG1pbkBxYWNvZGVycy5jb20iLCJwYXNzd29yZCI6IiQyYiQxMCQ1WHVqUDYvOVkvREJncFdERGQ0SEMubUl1YkliVFFGLkNtYm9Gd29lU3E2UC53OWkuaGwxNiIsImFjY2Vzc1Byb2ZpbGUiOiJTWVNBRE1JTiIsImNwZiI6IjExMTExMTExMTExIiwic3RhdHVzIjp0cnVlLCJhdWRpdCI6W3sicmVnaXN0ZXJlZEJ5Ijp7InVzZXJJZCI6IjExMTExMTExMTExMTExMTExMSIsInVzZXJMb2dpbiI6InN5c2FkbWluQHFhY29kZXJzLmNvbSJ9LCJyZWdpc3RyYXRpb25EYXRlIjoicXVpbnRhLWZlaXJhLCAyOC8xMS8yMDI0LCAyMDowMzoxMyBCUlQiLCJyZWdpc3RyYXRpb25OdW1iZXIiOiIwMSIsImNvbXBhbnlJZCI6IlFhLkNvZGVycyIsIl9pZCI6IjY3NDhmNmIxNDI3ODFlYzBjZTQ1ZjVlOSJ9XSwiX192IjowLCJpYXQiOjE3NDQ5MjQzMzgsImV4cCI6MTc0NTAxMDczOH0.1fR6srfGOr97LdrcDn6jzSi1--4EOZj00rAVIWmxBTI"} 
 </msg>
<msg time="2025-04-17T18:12:19.236862" level="INFO">${RESPOSTA} = &lt;Response [200]&gt;</msg>
<var>${RESPOSTA}</var>
<arg>alias=token</arg>
<arg>url=/login</arg>
<arg>json=${BODY}</arg>
<doc>Sends a POST request on a previously created HTTP Session.</doc>
<status status="PASS" start="2025-04-17T18:12:19.053424" elapsed="0.183520"/>
</kw>
<kw name="Log" owner="BuiltIn">
<msg time="2025-04-17T18:12:19.237796" level="INFO">&lt;Response [200]&gt;</msg>
<arg>${RESPOSTA}</arg>
<doc>Logs the given message with the given level.</doc>
<status status="PASS" start="2025-04-17T18:12:19.237398" elapsed="0.000558"/>
</kw>
<return>
<value>${RESPOSTA.json()["token"]}</value>
<status status="PASS" start="2025-04-17T18:12:19.238070" elapsed="0.000091"/>
</return>
<msg time="2025-04-17T18:12:19.239247" level="INFO">${banana} = eyJhbGciOiJIUzI1NiIsInR5cCI6IkpXVCJ9.eyJfaWQiOiI2NzQ4ZjZiMTQyNzgxZWMwY2U0NWY1ZTgiLCJmdWxsTmFtZSI6IlFhLUNvZGVycy1TWVNBRE1JTiIsIm1haWwiOiJzeXNhZG1pbkBxYWNvZGVycy5jb20iLCJwYXNzd29yZCI6IiQyYiQxMCQ1WHVqUDY...</msg>
<var>${banana}</var>
<status status="PASS" start="2025-04-17T18:12:19.048418" elapsed="0.190901"/>
</kw>
<kw name="POST On Session" owner="RequestsLibrary">
<msg time="2025-04-17T18:12:19.273292" level="INFO">POST Request : url=https://qualitys-hunters.qacoders.dev.br/api/board/?token=eyJhbGciOiJIUzI1NiIsInR5cCI6IkpXVCJ9.eyJfaWQiOiI2NzQ4ZjZiMTQyNzgxZWMwY2U0NWY1ZTgiLCJmdWxsTmFtZSI6IlFhLUNvZGVycy1TWVNBRE1JTiIsIm1haWwiOiJzeXNhZG1pbkBxYWNvZGVycy5jb20iLCJwYXNzd29yZCI6IiQyYiQxMCQ1WHVqUDYvOVkvREJncFdERGQ0SEMubUl1YkliVFFGLkNtYm9Gd29lU3E2UC53OWkuaGwxNiIsImFjY2Vzc1Byb2ZpbGUiOiJTWVNBRE1JTiIsImNwZiI6IjExMTExMTExMTExIiwic3RhdHVzIjp0cnVlLCJhdWRpdCI6W3sicmVnaXN0ZXJlZEJ5Ijp7InVzZXJJZCI6IjExMTExMTExMTExMTExMTExMSIsInVzZXJMb2dpbiI6InN5c2FkbWluQHFhY29kZXJzLmNvbSJ9LCJyZWdpc3RyYXRpb25EYXRlIjoicXVpbnRhLWZlaXJhLCAyOC8xMS8yMDI0LCAyMDowMzoxMyBCUlQiLCJyZWdpc3RyYXRpb25OdW1iZXIiOiIwMSIsImNvbXBhbnlJZCI6IlFhLkNvZGVycyIsIl9pZCI6IjY3NDhmNmIxNDI3ODFlYzBjZTQ1ZjVlOSJ9XSwiX192IjowLCJpYXQiOjE3NDQ5MjQzMzgsImV4cCI6MTc0NTAxMDczOH0.1fR6srfGOr97LdrcDn6jzSi1--4EOZj00rAVIWmxBTI 
 path_url=/api/board/?token=eyJhbGciOiJIUzI1NiIsInR5cCI6IkpXVCJ9.eyJfaWQiOiI2NzQ4ZjZiMTQyNzgxZWMwY2U0NWY1ZTgiLCJmdWxsTmFtZSI6IlFhLUNvZGVycy1TWVNBRE1JTiIsIm1haWwiOiJzeXNhZG1pbkBxYWNvZGVycy5jb20iLCJwYXNzd29yZCI6IiQyYiQxMCQ1WHVqUDYvOVkvREJncFdERGQ0SEMubUl1YkliVFFGLkNtYm9Gd29lU3E2UC53OWkuaGwxNiIsImFjY2Vzc1Byb2ZpbGUiOiJTWVNBRE1JTiIsImNwZiI6IjExMTExMTExMTExIiwic3RhdHVzIjp0cnVlLCJhdWRpdCI6W3sicmVnaXN0ZXJlZEJ5Ijp7InVzZXJJZCI6IjExMTExMTExMTExMTExMTExMSIsInVzZXJMb2dpbiI6InN5c2FkbWluQHFhY29kZXJzLmNvbSJ9LCJyZWdpc3RyYXRpb25EYXRlIjoicXVpbnRhLWZlaXJhLCAyOC8xMS8yMDI0LCAyMDowMzoxMyBCUlQiLCJyZWdpc3RyYXRpb25OdW1iZXIiOiIwMSIsImNvbXBhbnlJZCI6IlFhLkNvZGVycyIsIl9pZCI6IjY3NDhmNmIxNDI3ODFlYzBjZTQ1ZjVlOSJ9XSwiX192IjowLCJpYXQiOjE3NDQ5MjQzMzgsImV4cCI6MTc0NTAxMDczOH0.1fR6srfGOr97LdrcDn6jzSi1--4EOZj00rAVIWmxBTI 
 headers={'User-Agent': 'python-requests/2.32.3', 'Accept-Encoding': 'gzip, deflate', 'accept': 'application/json', 'Connection': 'keep-alive', 'Content-Type': 'application/json', 'Content-Length': '30'} 
 body=b'{"boardName": "%\\u00a8&amp;%$#$%"}' 
 </msg>
<msg time="2025-04-17T18:12:19.273708" level="INFO">POST Response : url=https://qualitys-hunters.qacoders.dev.br/api/board/?token=eyJhbGciOiJIUzI1NiIsInR5cCI6IkpXVCJ9.eyJfaWQiOiI2NzQ4ZjZiMTQyNzgxZWMwY2U0NWY1ZTgiLCJmdWxsTmFtZSI6IlFhLUNvZGVycy1TWVNBRE1JTiIsIm1haWwiOiJzeXNhZG1pbkBxYWNvZGVycy5jb20iLCJwYXNzd29yZCI6IiQyYiQxMCQ1WHVqUDYvOVkvREJncFdERGQ0SEMubUl1YkliVFFGLkNtYm9Gd29lU3E2UC53OWkuaGwxNiIsImFjY2Vzc1Byb2ZpbGUiOiJTWVNBRE1JTiIsImNwZiI6IjExMTExMTExMTExIiwic3RhdHVzIjp0cnVlLCJhdWRpdCI6W3sicmVnaXN0ZXJlZEJ5Ijp7InVzZXJJZCI6IjExMTExMTExMTExMTExMTExMSIsInVzZXJMb2dpbiI6InN5c2FkbWluQHFhY29kZXJzLmNvbSJ9LCJyZWdpc3RyYXRpb25EYXRlIjoicXVpbnRhLWZlaXJhLCAyOC8xMS8yMDI0LCAyMDowMzoxMyBCUlQiLCJyZWdpc3RyYXRpb25OdW1iZXIiOiIwMSIsImNvbXBhbnlJZCI6IlFhLkNvZGVycyIsIl9pZCI6IjY3NDhmNmIxNDI3ODFlYzBjZTQ1ZjVlOSJ9XSwiX192IjowLCJpYXQiOjE3NDQ5MjQzMzgsImV4cCI6MTc0NTAxMDczOH0.1fR6srfGOr97LdrcDn6jzSi1--4EOZj00rAVIWmxBTI 
 status=400, reason=Bad Request 
 headers={'Server': 'nginx/1.18.0 (Ubuntu)', 'Date': 'Thu, 17 Apr 2025 21:12:18 GMT', 'Content-Type': 'application/json; charset=utf-8', 'Content-Length': '84', 'Connection': 'keep-alive', 'X-Powered-By': 'Express', 'Access-Control-Allow-Origin': '*', 'ETag': 'W/"54-kPAkPq3704yBNDfw0n6YFGiWzyM"'} 
 body={"error":["O campo 'diretoria' só pode conter letras e o caractere especial '&amp;'."]} 
 </msg>
<msg time="2025-04-17T18:12:19.274136" level="INFO">${CRIAR_DIRETORIA_CARAC_ESPEC} = &lt;Response [400]&gt;</msg>
<var>${CRIAR_DIRETORIA_CARAC_ESPEC}</var>
<arg>alias=token</arg>
<arg>url=/board/?token=${banana}</arg>
<arg>json=${body}</arg>
<arg>expected_status=any</arg>
<doc>Sends a POST request on a previously created HTTP Session.</doc>
<status status="PASS" start="2025-04-17T18:12:19.239658" elapsed="0.034608"/>
</kw>
<kw name="Log" owner="BuiltIn">
<msg time="2025-04-17T18:12:19.277031" level="INFO">{'error': ["O campo 'diretoria' só pode conter letras e o caractere especial '&amp;'."]}</msg>
<arg>${CRIAR_DIRETORIA_CARAC_ESPEC.json()}</arg>
<doc>Logs the given message with the given level.</doc>
<status status="PASS" start="2025-04-17T18:12:19.274894" elapsed="0.002378"/>
</kw>
<status status="PASS" start="2025-04-17T18:12:19.040003" elapsed="0.237523"/>
</kw>
<status status="PASS" start="2025-04-17T18:12:19.038855" elapsed="0.239145"/>
</test>
<test id="s1-t7" name="Cenário 07: Campo diretoria com letras maiusculas, minusculas e &amp;" line="28">
<kw name="Criar um novo usuário método Generate Random String" owner="kwsCenario00_MassaDados">
<kw name="Generate Random String" owner="String">
<msg time="2025-04-17T18:12:19.281692" level="INFO">${palavra_aleatoria} = hN</msg>
<var>${palavra_aleatoria}</var>
<arg>length=2</arg>
<arg>chars=[LETTERS]</arg>
<doc>Generates a string with a desired ``length`` from the given ``chars``.</doc>
<status status="PASS" start="2025-04-17T18:12:19.281086" elapsed="0.000686"/>
</kw>
<kw name="Convert To Upper Case" owner="String">
<msg time="2025-04-17T18:12:19.282536" level="INFO">${palavra_aleatoria} = HN</msg>
<var>${palavra_aleatoria}</var>
<arg>${palavra_aleatoria}</arg>
<doc>Converts string to upper case.</doc>
<status status="PASS" start="2025-04-17T18:12:19.282102" elapsed="0.000504"/>
</kw>
<kw name="Set Test Variable" owner="BuiltIn">
<msg time="2025-04-17T18:12:19.284835" level="INFO">${EMAIL_TESTE} = HN</msg>
<arg>${EMAIL_TESTE}</arg>
<arg>${palavra_aleatoria}</arg>
<doc>Makes a variable available everywhere within the scope of the current test.</doc>
<status status="PASS" start="2025-04-17T18:12:19.282923" elapsed="0.002086"/>
</kw>
<kw name="Set Global Variable" owner="BuiltIn">
<msg time="2025-04-17T18:12:19.285990" level="INFO">${palavra_aleatoria} = HN</msg>
<arg>${palavra_aleatoria}</arg>
<doc>Makes a variable available globally in all tests and suites.</doc>
<status status="PASS" start="2025-04-17T18:12:19.285456" elapsed="0.000683"/>
</kw>
<status status="PASS" start="2025-04-17T18:12:19.280429" elapsed="0.005920"/>
</kw>
<kw name="Criar diretoria com letras maiusculas, minusculas e &amp;" owner="kwsCenario07_DiretoriaMaiusculaMinuscula&amp;">
<kw name="Create Dictionary" owner="BuiltIn">
<msg time="2025-04-17T18:12:19.288305" level="INFO">${BODY} = {'boardName': 'Quarto &amp; Sala HN'}</msg>
<var>${BODY}</var>
<arg>boardName=Quarto &amp; Sala ${palavra_aleatoria}</arg>
<doc>Creates and returns a dictionary based on the given ``items``.</doc>
<status status="PASS" start="2025-04-17T18:12:19.287557" elapsed="0.000821"/>
</kw>
<kw name="Criar Sessao" owner="kwsCenario01_PostDiretoria">
<kw name="Create Dictionary" owner="BuiltIn">
<msg time="2025-04-17T18:12:19.289876" level="INFO">${headers} = {'accept': 'application/json', 'Content-Type': 'application/json'}</msg>
<var>${headers}</var>
<arg>accept=application/json</arg>
<arg>Content-Type=application/json</arg>
<doc>Creates and returns a dictionary based on the given ``items``.</doc>
<status status="PASS" start="2025-04-17T18:12:19.289440" elapsed="0.000505"/>
</kw>
<kw name="Create Session" owner="RequestsLibrary">
<msg time="2025-04-17T18:12:19.291103" level="INFO">Creating Session using : alias=token, url=https://qualitys-hunters.qacoders.dev.br/api, headers={'accept': 'application/json', 'Content-Type': 'application/json'},                     cookies={}, auth=None, timeout=None, proxies=None, verify=True,                     debug=0 </msg>
<arg>alias=token</arg>
<arg>url=${BASE_URL}</arg>
<arg>headers=${headers}</arg>
<arg>verify=true</arg>
<doc>Create Session: create a HTTP session to a server</doc>
<status status="PASS" start="2025-04-17T18:12:19.290434" elapsed="0.001152"/>
</kw>
<status status="PASS" start="2025-04-17T18:12:19.288757" elapsed="0.003099"/>
</kw>
<kw name="Pegar token" owner="kwsCenario01_PostDiretoria">
<kw name="Create Dictionary" owner="BuiltIn">
<msg time="2025-04-17T18:12:19.295009" level="INFO">${BODY} = {'mail': 'sysadmin@qacoders.com', 'password': '1234@Test'}</msg>
<var>${BODY}</var>
<arg>mail=sysadmin@qacoders.com</arg>
<arg>password=1234@Test</arg>
<doc>Creates and returns a dictionary based on the given ``items``.</doc>
<status status="PASS" start="2025-04-17T18:12:19.294466" elapsed="0.000620"/>
</kw>
<kw name="Criar Sessao" owner="kwsCenario01_PostDiretoria">
<kw name="Create Dictionary" owner="BuiltIn">
<msg time="2025-04-17T18:12:19.296553" level="INFO">${headers} = {'accept': 'application/json', 'Content-Type': 'application/json'}</msg>
<var>${headers}</var>
<arg>accept=application/json</arg>
<arg>Content-Type=application/json</arg>
<doc>Creates and returns a dictionary based on the given ``items``.</doc>
<status status="PASS" start="2025-04-17T18:12:19.296114" elapsed="0.000623"/>
</kw>
<kw name="Create Session" owner="RequestsLibrary">
<msg time="2025-04-17T18:12:19.297696" level="INFO">Creating Session using : alias=token, url=https://qualitys-hunters.qacoders.dev.br/api, headers={'accept': 'application/json', 'Content-Type': 'application/json'},                     cookies={}, auth=None, timeout=None, proxies=None, verify=True,                     debug=0 </msg>
<arg>alias=token</arg>
<arg>url=${BASE_URL}</arg>
<arg>headers=${headers}</arg>
<arg>verify=true</arg>
<doc>Create Session: create a HTTP session to a server</doc>
<status status="PASS" start="2025-04-17T18:12:19.297046" elapsed="0.001057"/>
</kw>
<status status="PASS" start="2025-04-17T18:12:19.295521" elapsed="0.002848"/>
</kw>
<kw name="POST On Session" owner="RequestsLibrary">
<msg time="2025-04-17T18:12:19.478842" level="INFO">POST Request : url=https://qualitys-hunters.qacoders.dev.br/api/login 
 path_url=/api/login 
 headers={'User-Agent': 'python-requests/2.32.3', 'Accept-Encoding': 'gzip, deflate', 'accept': 'application/json', 'Connection': 'keep-alive', 'Content-Type': 'application/json', 'Content-Length': '58'} 
 body=b'{"mail": "sysadmin@qacoders.com", "password": "1234@Test"}' 
 </msg>
<msg time="2025-04-17T18:12:19.479018" level="INFO">POST Response : url=https://qualitys-hunters.qacoders.dev.br/api/login 
 status=200, reason=OK 
 headers={'Server': 'nginx/1.18.0 (Ubuntu)', 'Date': 'Thu, 17 Apr 2025 21:12:18 GMT', 'Content-Type': 'application/json; charset=utf-8', 'Transfer-Encoding': 'chunked', 'Connection': 'keep-alive', 'X-Powered-By': 'Express', 'Access-Control-Allow-Origin': '*', 'ETag': 'W/"536-qZAc9TKmHBORSHeppcfGbdLTRBE"', 'Content-Encoding': 'gzip'} 
[...]
 </msg>
<msg time="2025-04-17T18:12:21.400680" level="INFO">${RESPOSTA} = &lt;Response [200]&gt;</msg>
<var>${RESPOSTA}</var>
<arg>alias=token</arg>
<arg>url=/login</arg>
<arg>json=${BODY}</arg>
<doc>Sends a POST request on a previously created HTTP Session.</doc>
<status status="PASS" start="2025-04-17T18:12:21.220817" elapsed="0.179938"/>
</kw>
<kw name="Log" owner="BuiltIn">
<msg time="2025-04-17T18:12:21.401642" level="INFO">&lt;Response [200]&gt;</msg>
<arg>${RESPOSTA}</arg>
<doc>Logs the given message with the given level.</doc>
<status status="PASS" start="2025-04-17T18:12:21.401243" elapsed="0.000532"/>
</kw>
<return>
<value>${RESPOSTA.json()["token"]}</value>
<status status="PASS" start="2025-04-17T18:12:21.401910" elapsed="0.000094"/>
</return>
<msg time="2025-04-17T18:12:21.403277" level="INFO">${banana} = eyJhbGciOiJIUzI1NiIsInR5cCI6IkpXVCJ9.eyJfaWQiOiI2NzQ4ZjZiMTQyNzgxZWMwY2U0NWY1ZTgiLCJmdWxsTmFtZSI6IlFhLUNvZGVycy1TWVNBRE1JTiIsIm1haWwiOiJzeXNhZG1pbkBxYWNvZGVycy5jb20iLCJwYXNzd29yZCI6IiQyYiQxMCQ1WHVqUDY...</msg>
<var>${banana}</var>
<status status="PASS" start="2025-04-17T18:12:21.215991" elapsed="0.187502"/>
</kw>
<kw name="POST On Session" owner="RequestsLibrary">
<msg time="2025-04-17T18:12:21.442811" level="INFO">POST Request : url=https://qualitys-hunters.qacoders.dev.br/api/board/?token=eyJhbGciOiJIUzI1NiIsInR5cCI6IkpXVCJ9.eyJfaWQiOiI2NzQ4ZjZiMTQyNzgxZWMwY2U0NWY1ZTgiLCJmdWxsTmFtZSI6IlFhLUNvZGVycy1TWVNBRE1JTiIsIm1haWwiOiJzeXNhZG1pbkBxYWNvZGVycy5jb20iLCJwYXNzd29yZCI6IiQyYiQxMCQ1WHVqUDYvOVkvREJncFdERGQ0SEMubUl1YkliVFFGLkNtYm9Gd29lU3E2UC53OWkuaGwxNiIsImFjY2Vzc1Byb2ZpbGUiOiJTWVNBRE1JTiIsImNwZiI6IjExMTExMTExMTExIiwic3RhdHVzIjp0cnVlLCJhdWRpdCI6W3sicmVnaXN0ZXJlZEJ5Ijp7InVzZXJJZCI6IjExMTExMTExMTExMTExMTExMSIsInVzZXJMb2dpbiI6InN5c2FkbWluQHFhY29kZXJzLmNvbSJ9LCJyZWdpc3RyYXRpb25EYXRlIjoicXVpbnRhLWZlaXJhLCAyOC8xMS8yMDI0LCAyMDowMzoxMyBCUlQiLCJyZWdpc3RyYXRpb25OdW1iZXIiOiIwMSIsImNvbXBhbnlJZCI6IlFhLkNvZGVycyIsIl9pZCI6IjY3NDhmNmIxNDI3ODFlYzBjZTQ1ZjVlOSJ9XSwiX192IjowLCJpYXQiOjE3NDQ5MjQzNDAsImV4cCI6MTc0NTAxMDc0MH0.uwawakvK9bP-9yy0tOcZZDXoCMTnlzACprlnB83zCWw 
 path_url=/api/board/?token=eyJhbGciOiJIUzI1NiIsInR5cCI6IkpXVCJ9.eyJfaWQiOiI2NzQ4ZjZiMTQyNzgxZWMwY2U0NWY1ZTgiLCJmdWxsTmFtZSI6IlFhLUNvZGVycy1TWVNBRE1JTiIsIm1haWwiOiJzeXNhZG1pbkBxYWNvZGVycy5jb20iLCJwYXNzd29yZCI6IiQyYiQxMCQ1WHVqUDYvOVkvREJncFdERGQ0SEMubUl1YkliVFFGLkNtYm9Gd29lU3E2UC53OWkuaGwxNiIsImFjY2Vzc1Byb2ZpbGUiOiJTWVNBRE1JTiIsImNwZiI6IjExMTExMTExMTExIiwic3RhdHVzIjp0cnVlLCJhdWRpdCI6W3sicmVnaXN0ZXJlZEJ5Ijp7InVzZXJJZCI6IjExMTExMTExMTExMTExMTExMSIsInVzZXJMb2dpbiI6InN5c2FkbWluQHFhY29kZXJzLmNvbSJ9LCJyZWdpc3RyYXRpb25EYXRlIjoicXVpbnRhLWZlaXJhLCAyOC8xMS8yMDI0LCAyMDowMzoxMyBCUlQiLCJyZWdpc3RyYXRpb25OdW1iZXIiOiIwMSIsImNvbXBhbnlJZCI6IlFhLkNvZGVycyIsIl9pZCI6IjY3NDhmNmIxNDI3ODFlYzBjZTQ1ZjVlOSJ9XSwiX192IjowLCJpYXQiOjE3NDQ5MjQzNDAsImV4cCI6MTc0NTAxMDc0MH0.uwawakvK9bP-9yy0tOcZZDXoCMTnlzACprlnB83zCWw 
 headers={'User-Agent': 'python-requests/2.32.3', 'Accept-Encoding': 'gzip, deflate', 'accept': 'application/json', 'Connection': 'keep-alive', 'Content-Type': 'application/json', 'Content-Length': '36'} 
 body=b'{"boardName": "QUARTO DE ROUPAS VB"}' 
 </msg>
<msg time="2025-04-17T18:12:21.443054" level="INFO">POST Response : url=https://qualitys-hunters.qacoders.dev.br/api/board/?token=eyJhbGciOiJIUzI1NiIsInR5cCI6IkpXVCJ9.eyJfaWQiOiI2NzQ4ZjZiMTQyNzgxZWMwY2U0NWY1ZTgiLCJmdWxsTmFtZSI6IlFhLUNvZGVycy1TWVNBRE1JTiIsIm1haWwiOiJzeXNhZG1pbkBxYWNvZGVycy5jb20iLCJwYXNzd29yZCI6IiQyYiQxMCQ1WHVqUDYvOVkvREJncFdERGQ0SEMubUl1YkliVFFGLkNtYm9Gd29lU3E2UC53OWkuaGwxNiIsImFjY2Vzc1Byb2ZpbGUiOiJTWVNBRE1JTiIsImNwZiI6IjExMTExMTExMTExIiwic3RhdHVzIjp0cnVlLCJhdWRpdCI6W3sicmVnaXN0ZXJlZEJ5Ijp7InVzZXJJZCI6IjExMTExMTExMTExMTExMTExMSIsInVzZXJMb2dpbiI6InN5c2FkbWluQHFhY29kZXJzLmNvbSJ9LCJyZWdpc3RyYXRpb25EYXRlIjoicXVpbnRhLWZlaXJhLCAyOC8xMS8yMDI0LCAyMDowMzoxMyBCUlQiLCJyZWdpc3RyYXRpb25OdW1iZXIiOiIwMSIsImNvbXBhbnlJZCI6IlFhLkNvZGVycyIsIl9pZCI6IjY3NDhmNmIxNDI3ODFlYzBjZTQ1ZjVlOSJ9XSwiX192IjowLCJpYXQiOjE3NDQ5MjQzNDAsImV4cCI6MTc0NTAxMDc0MH0.uwawakvK9bP-9yy0tOcZZDXoCMTnlzACprlnB83zCWw 
 status=201, reason=Created 
 headers={'Server': 'nginx/1.18.0 (Ubuntu)', 'Date': 'Thu, 17 Apr 2025 21:12:20 GMT', 'Content-Type': 'application/json; charset=utf-8', 'Content-Length': '355', 'Connection': 'keep-alive', 'X-Powered-By': 'Express', 'Access-Control-Allow-Origin': '*', 'ETag': 'W/"163-9cyDl9jD+nOnj4YiX9q+0UoNEW4"'} 
 body={"msg":"Cadastro realizado com sucesso!","newBoard":{"boardName":"QUARTO DE ROUPAS VB","boardCode":"161","status":true,"audit":[{"registrationDate":"quinta-feira, 17/04/2025, 18:12:20 BRT","registeredBy":{"userId":"6748f6b142781ec0ce45f5e8","userLogin":"sysadmin@qacoders.com"},"_id":"68016eb437601927a7d814a9"}],"_id":"68016eb437601927a7d814a8","__v":0}} 
 </msg>
<msg time="2025-04-17T18:12:21.443469" level="INFO">${CRIAR_DIRETORIA_EDITAR} = &lt;Response [201]&gt;</msg>
<var>${CRIAR_DIRETORIA_EDITAR}</var>
<arg>alias=token</arg>
<arg>url=/board/?token=${banana}</arg>
<arg>json=${body}</arg>
<arg>expected_status=any</arg>
<doc>Sends a POST request on a previously created HTTP Session.</doc>
<status status="PASS" start="2025-04-17T18:12:21.403870" elapsed="0.039709"/>
</kw>
<kw name="Log" owner="BuiltIn">
<msg time="2025-04-17T18:12:21.445819" level="INFO">68016eb437601927a7d814a8</msg>
<arg>${CRIAR_DIRETORIA_EDITAR.json()["newBoard"]["_id"]}</arg>
<doc>Logs the given message with the given level.</doc>
<status status="PASS" start="2025-04-17T18:12:21.444129" elapsed="0.001853"/>
</kw>
<kw name="Set Variable" owner="BuiltIn">
<msg time="2025-04-17T18:12:21.447952" level="INFO">${userId} = 68016eb437601927a7d814a8</msg>
<var>${userId}</var>
<arg>${CRIAR_DIRETORIA_EDITAR.json()["newBoard"]["_id"]}</arg>
<doc>Returns the given values which can then be assigned to a variables.</doc>
<status status="PASS" start="2025-04-17T18:12:21.446470" elapsed="0.001572"/>
</kw>
<kw name="Set Global Variable" owner="BuiltIn">
<msg time="2025-04-17T18:12:21.449043" level="INFO">${userId} = 68016eb437601927a7d814a8</msg>
<arg>${userId}</arg>
<doc>Makes a variable available globally in all tests and suites.</doc>
<status status="PASS" start="2025-04-17T18:12:21.448503" elapsed="0.000706"/>
</kw>
<status status="PASS" start="2025-04-17T18:12:21.209647" elapsed="0.239746"/>
</kw>
<kw name="Editar diretoria" owner="kwsCenario12_EditarDiretoria">
<kw name="Create Dictionary" owner="BuiltIn">
<msg time="2025-04-17T18:12:21.451447" level="INFO">${BODY} = {'boardName': 'OPERAÇÕES ESPECIAIS VB'}</msg>
<var>${BODY}</var>
<arg>boardName=OPERAÇÕES ESPECIAIS ${palavra_aleatoria}</arg>
<doc>Creates and returns a dictionary based on the given ``items``.</doc>
<status status="PASS" start="2025-04-17T18:12:21.450795" elapsed="0.000729"/>
</kw>
<kw name="Criar Sessao" owner="kwsCenario01_PostDiretoria">
<kw name="Create Dictionary" owner="BuiltIn">
<msg time="2025-04-17T18:12:21.453088" level="INFO">${headers} = {'accept': 'application/json', 'Content-Type': 'application/json'}</msg>
<var>${headers}</var>
<arg>accept=application/json</arg>
<arg>Content-Type=application/json</arg>
<doc>Creates and returns a dictionary based on the given ``items``.</doc>
<status status="PASS" start="2025-04-17T18:12:21.452638" elapsed="0.000522"/>
</kw>
<kw name="Create Session" owner="RequestsLibrary">
<msg time="2025-04-17T18:12:21.454297" level="INFO">Creating Session using : alias=token, url=https://qualitys-hunters.qacoders.dev.br/api, headers={'accept': 'application/json', 'Content-Type': 'application/json'},                     cookies={}, auth=None, timeout=None, proxies=None, verify=True,                     debug=0 </msg>
<arg>alias=token</arg>
<arg>url=${BASE_URL}</arg>
<arg>headers=${headers}</arg>
<arg>verify=true</arg>
<doc>Create Session: create a HTTP session to a server</doc>
<status status="PASS" start="2025-04-17T18:12:21.453534" elapsed="0.001851"/>
</kw>
<status status="PASS" start="2025-04-17T18:12:21.451934" elapsed="0.003659"/>
</kw>
<kw name="Pegar token" owner="kwsCenario01_PostDiretoria">
<kw name="Create Dictionary" owner="BuiltIn">
<msg time="2025-04-17T18:12:21.457991" level="INFO">${BODY} = {'mail': 'sysadmin@qacoders.com', 'password': '1234@Test'}</msg>
<var>${BODY}</var>
<arg>mail=sysadmin@qacoders.com</arg>
<arg>password=1234@Test</arg>
<doc>Creates and returns a dictionary based on the given ``items``.</doc>
<status status="PASS" start="2025-04-17T18:12:21.457167" elapsed="0.000938"/>
</kw>
<kw name="Criar Sessao" owner="kwsCenario01_PostDiretoria">
<kw name="Create Dictionary" owner="BuiltIn">
<msg time="2025-04-17T18:12:21.460696" level="INFO">${headers} = {'accept': 'application/json', 'Content-Type': 'application/json'}</msg>
<var>${headers}</var>
<arg>accept=application/json</arg>
<arg>Content-Type=application/json</arg>
<doc>Creates and returns a dictionary based on the given ``items``.</doc>
<status status="PASS" start="2025-04-17T18:12:21.460016" elapsed="0.000782"/>
</kw>
<kw name="Create Session" owner="RequestsLibrary">
<msg time="2025-04-17T18:12:21.462001" level="INFO">Creating Session using : alias=token, url=https://qualitys-hunters.qacoders.dev.br/api, headers={'accept': 'application/json', 'Content-Type': 'application/json'},                     cookies={}, auth=None, timeout=None, proxies=None, verify=True,                     debug=0 </msg>
<arg>alias=token</arg>
<arg>url=${BASE_URL}</arg>
<arg>headers=${headers}</arg>
<arg>verify=true</arg>
<doc>Create Session: create a HTTP session to a server</doc>
<status status="PASS" start="2025-04-17T18:12:21.461319" elapsed="0.001168"/>
</kw>
<status status="PASS" start="2025-04-17T18:12:21.458890" elapsed="0.003768"/>
</kw>
<kw name="POST On Session" owner="RequestsLibrary">
<msg time="2025-04-17T18:12:21.641508" level="INFO">POST Request : url=https://qualitys-hunters.qacoders.dev.br/api/login 
 path_url=/api/login 
 headers={'User-Agent': 'python-requests/2.32.3', 'Accept-Encoding': 'gzip, deflate', 'accept': 'application/json', 'Connection': 'keep-alive', 'Content-Type': 'application/json', 'Content-Length': '58'} 
 body=b'{"mail": "sysadmin@qacoders.com", "password": "1234@Test"}' 
 </msg>
<msg time="2025-04-17T18:12:21.641763" level="INFO">POST Response : url=https://qualitys-hunters.qacoders.dev.br/api/login 
 status=200, reason=OK 
 headers={'Server': 'nginx/1.18.0 (Ubuntu)', 'Date': 'Thu, 17 Apr 2025 21:12:20 GMT', 'Content-Type': 'application/json; charset=utf-8', 'Transfer-Encoding': 'chunked', 'Connection': 'keep-alive', 'X-Powered-By': 'Express', 'Access-Control-Allow-Origin': '*', 'ETag': 'W/"536-1wsdFDPuL6nm9pL5i601EN9P/fk"', 'Content-Encoding': 'gzip'} 
 body={"msg":"Olá Qa-Coders-SYSADMIN, autenticação autorizada com sucesso!","user":{"_id":"6748f6b142781ec0ce45f5e8","fullName":"Qa-Coders-SYSADMIN","mail":"sysadmin@qacoders.com","password":"$2b$10$5XujP6/9Y/DBgpWDDd4HC.mIubIbTQF.CmboFwoeSq6P.w9i.hl16","accessProfile":"SYSADMIN","cpf":"11111111111","status":true,"audit":[{"registeredBy":{"userId":"111111111111111111","userLogin":"sysadmin@qacoders.com"},"registrationDate":"quinta-feira, 28/11/2024, 20:03:13 BRT","registrationNumber":"01","companyId":"Qa.Coders","_id":"6748f6b142781ec0ce45f5e9"}],"__v":0},"token":"eyJhbGciOiJIUzI1NiIsInR5cCI6IkpXVCJ9.eyJfaWQiOiI2NzQ4ZjZiMTQyNzgxZWMwY2U0NWY1ZTgiLCJmdWxsTmFtZSI6IlFhLUNvZGVycy1TWVNBRE1JTiIsIm1haWwiOiJzeXNhZG1pbkBxYWNvZGVycy5jb20iLCJwYXNzd29yZCI6IiQyYiQxMCQ1WHVqUDYvOVkvREJncFdERGQ0SEMubUl1YkliVFFGLkNtYm9Gd29lU3E2UC53OWkuaGwxNiIsImFjY2Vzc1Byb2ZpbGUiOiJTWVNBRE1JTiIsImNwZiI6IjExMTExMTExMTExIiwic3RhdHVzIjp0cnVlLCJhdWRpdCI6W3sicmVnaXN0ZXJlZEJ5Ijp7InVzZXJJZCI6IjExMTExMTExMTExMTExMTExMSIsInVzZXJMb2dpbiI6InN5c2FkbWluQHFhY29kZXJzLmNvbSJ9LCJyZWdpc3RyYXRpb25EYXRlIjoicXVpbnRhLWZlaXJhLCAyOC8xMS8yMDI0LCAyMDowMzoxMyBCUlQiLCJyZWdpc3RyYXRpb25OdW1iZXIiOiIwMSIsImNvbXBhbnlJZCI6IlFhLkNvZGVycyIsIl9pZCI6IjY3NDhmNmIxNDI3ODFlYzBjZTQ1ZjVlOSJ9XSwiX192IjowLCJpYXQiOjE3NDQ5MjQzNDAsImV4cCI6MTc0NTAxMDc0MH0.uwawakvK9bP-9yy0tOcZZDXoCMTnlzACprlnB83zCWw"} 
 </msg>
<msg time="2025-04-17T18:12:21.642282" level="INFO">${RESPOSTA} = &lt;Response [200]&gt;</msg>
<var>${RESPOSTA}</var>
<arg>alias=token</arg>
<arg>url=/login</arg>
<arg>json=${BODY}</arg>
<doc>Sends a POST request on a previously created HTTP Session.</doc>
<status status="PASS" start="2025-04-17T18:12:21.462959" elapsed="0.179430"/>
</kw>
<kw name="Log" owner="BuiltIn">
<msg time="2025-04-17T18:12:21.643468" level="INFO">&lt;Response [200]&gt;</msg>
<arg>${RESPOSTA}</arg>
<doc>Logs the given message with the given level.</doc>
<status status="PASS" start="2025-04-17T18:12:21.642953" elapsed="0.000680"/>
</kw>
<return>
<value>${RESPOSTA.json()["token"]}</value>
<status status="PASS" start="2025-04-17T18:12:21.643797" elapsed="0.000125"/>
</return>
<msg time="2025-04-17T18:12:21.645329" level="INFO">${banana} = eyJhbGciOiJIUzI1NiIsInR5cCI6IkpXVCJ9.eyJfaWQiOiI2NzQ4ZjZiMTQyNzgxZWMwY2U0NWY1ZTgiLCJmdWxsTmFtZSI6IlFhLUNvZGVycy1TWVNBRE1JTiIsIm1haWwiOiJzeXNhZG1pbkBxYWNvZGVycy5jb20iLCJwYXNzd29yZCI6IiQyYiQxMCQ1WHVqUDY...</msg>
<var>${banana}</var>
<status status="PASS" start="2025-04-17T18:12:21.456212" elapsed="0.189203"/>
</kw>
<kw name="PUT On Session" owner="RequestsLibrary">
<msg time="2025-04-17T18:12:21.712680" level="INFO">PUT Request : url=https://qualitys-hunters.qacoders.dev.br/api/board/68016eb437601927a7d814a8?token=eyJhbGciOiJIUzI1NiIsInR5cCI6IkpXVCJ9.eyJfaWQiOiI2NzQ4ZjZiMTQyNzgxZWMwY2U0NWY1ZTgiLCJmdWxsTmFtZSI6IlFhLUNvZGVycy1TWVNBRE1JTiIsIm1haWwiOiJzeXNhZG1pbkBxYWNvZGVycy5jb20iLCJwYXNzd29yZCI6IiQyYiQxMCQ1WHVqUDYvOVkvREJncFdERGQ0SEMubUl1YkliVFFGLkNtYm9Gd29lU3E2UC53OWkuaGwxNiIsImFjY2Vzc1Byb2ZpbGUiOiJTWVNBRE1JTiIsImNwZiI6IjExMTExMTExMTExIiwic3RhdHVzIjp0cnVlLCJhdWRpdCI6W3sicmVnaXN0ZXJlZEJ5Ijp7InVzZXJJZCI6IjExMTExMTExMTExMTExMTExMSIsInVzZXJMb2dpbiI6InN5c2FkbWluQHFhY29kZXJzLmNvbSJ9LCJyZWdpc3RyYXRpb25EYXRlIjoicXVpbnRhLWZlaXJhLCAyOC8xMS8yMDI0LCAyMDowMzoxMyBCUlQiLCJyZWdpc3RyYXRpb25OdW1iZXIiOiIwMSIsImNvbXBhbnlJZCI6IlFhLkNvZGVycyIsIl9pZCI6IjY3NDhmNmIxNDI3ODFlYzBjZTQ1ZjVlOSJ9XSwiX192IjowLCJpYXQiOjE3NDQ5MjQzNDAsImV4cCI6MTc0NTAxMDc0MH0.uwawakvK9bP-9yy0tOcZZDXoCMTnlzACprlnB83zCWw 
 path_url=/api/board/68016eb437601927a7d814a8?token=eyJhbGciOiJIUzI1NiIsInR5cCI6IkpXVCJ9.eyJfaWQiOiI2NzQ4ZjZiMTQyNzgxZWMwY2U0NWY1ZTgiLCJmdWxsTmFtZSI6IlFhLUNvZGVycy1TWVNBRE1JTiIsIm1haWwiOiJzeXNhZG1pbkBxYWNvZGVycy5jb20iLCJwYXNzd29yZCI6IiQyYiQxMCQ1WHVqUDYvOVkvREJncFdERGQ0SEMubUl1YkliVFFGLkNtYm9Gd29lU3E2UC53OWkuaGwxNiIsImFjY2Vzc1Byb2ZpbGUiOiJTWVNBRE1JTiIsImNwZiI6IjExMTExMTExMTExIiwic3RhdHVzIjp0cnVlLCJhdWRpdCI6W3sicmVnaXN0ZXJlZEJ5Ijp7InVzZXJJZCI6IjExMTExMTExMTExMTExMTExMSIsInVzZXJMb2dpbiI6InN5c2FkbWluQHFhY29kZXJzLmNvbSJ9LCJyZWdpc3RyYXRpb25EYXRlIjoicXVpbnRhLWZlaXJhLCAyOC8xMS8yMDI0LCAyMDowMzoxMyBCUlQiLCJyZWdpc3RyYXRpb25OdW1iZXIiOiIwMSIsImNvbXBhbnlJZCI6IlFhLkNvZGVycyIsIl9pZCI6IjY3NDhmNmIxNDI3ODFlYzBjZTQ1ZjVlOSJ9XSwiX192IjowLCJpYXQiOjE3NDQ5MjQzNDAsImV4cCI6MTc0NTAxMDc0MH0.uwawakvK9bP-9yy0tOcZZDXoCMTnlzACprlnB83zCWw 
 headers={'User-Agent': 'python-requests/2.32.3', 'Accept-Encoding': 'gzip, deflate', 'accept': 'application/json', 'Connection': 'keep-alive', 'Content-Type': 'application/json', 'Content-Length': '49'} 
 body=b'{"boardName": "OPERA\\u00c7\\u00d5ES ESPECIAIS VB"}' 
 </msg>
<msg time="2025-04-17T18:12:21.712869" level="INFO">PUT Response : url=https://qualitys-hunters.qacoders.dev.br/api/board/68016eb437601927a7d814a8?token=eyJhbGciOiJIUzI1NiIsInR5cCI6IkpXVCJ9.eyJfaWQiOiI2NzQ4ZjZiMTQyNzgxZWMwY2U0NWY1ZTgiLCJmdWxsTmFtZSI6IlFhLUNvZGVycy1TWVNBRE1JTiIsIm1haWwiOiJzeXNhZG1pbkBxYWNvZGVycy5jb20iLCJwYXNzd29yZCI6IiQyYiQxMCQ1WHVqUDYvOVkvREJncFdERGQ0SEMubUl1YkliVFFGLkNtYm9Gd29lU3E2UC53OWkuaGwxNiIsImFjY2Vzc1Byb2ZpbGUiOiJTWVNBRE1JTiIsImNwZiI6IjExMTExMTExMTExIiwic3RhdHVzIjp0cnVlLCJhdWRpdCI6W3sicmVnaXN0ZXJlZEJ5Ijp7InVzZXJJZCI6IjExMTExMTExMTExMTExMTExMSIsInVzZXJMb2dpbiI6InN5c2FkbWluQHFhY29kZXJzLmNvbSJ9LCJyZWdpc3RyYXRpb25EYXRlIjoicXVpbnRhLWZlaXJhLCAyOC8xMS8yMDI0LCAyMDowMzoxMyBCUlQiLCJyZWdpc3RyYXRpb25OdW1iZXIiOiIwMSIsImNvbXBhbnlJZCI6IlFhLkNvZGVycyIsIl9pZCI6IjY3NDhmNmIxNDI3ODFlYzBjZTQ1ZjVlOSJ9XSwiX192IjowLCJpYXQiOjE3NDQ5MjQzNDAsImV4cCI6MTc0NTAxMDc0MH0.uwawakvK9bP-9yy0tOcZZDXoCMTnlzACprlnB83zCWw 
 status=200, reason=OK 
 headers={'Server': 'nginx/1.18.0 (Ubuntu)', 'Date': 'Thu, 17 Apr 2025 21:12:21 GMT', 'Content-Type': 'application/json; charset=utf-8', 'Transfer-Encoding': 'chunked', 'Connection': 'keep-alive', 'X-Powered-By': 'Express', 'Access-Control-Allow-Origin': '*', 'ETag': 'W/"21c-ZHmRKVLXoS3XD4Tcj5WsGVJZIhg"', 'Content-Encoding': 'gzip'} 
 body={"msg":"Cadastro atualizado com sucesso.","updatedBoard":{"_id":"68016eb437601927a7d814a8","boardName":"OPERAÇÕES ESPECIAIS VB","boardCode":"161","status":true,"audit":[{"registeredBy":{"userId":"6748f6b142781ec0ce45f5e8","userLogin":"sysadmin@qacoders.com"},"registrationDate":"quinta-feira, 17/04/2025, 18:12:20 BRT","_id":"68016eb437601927a7d814a9"},{"updatedBy":{"userId":"6748f6b142781ec0ce45f5e8","userLogin":"sysadmin@qacoders.com"},"updateDate":"quinta-feira, 17/04/2025, 18:12:20 BRT","_id":"68016eb437601927a7d814b1"}],"__v":0}} 
 </msg>
<msg time="2025-04-17T18:12:21.713193" level="INFO">${EDITAR_DIRETORIA} = &lt;Response [200]&gt;</msg>
<var>${EDITAR_DIRETORIA}</var>
<arg>alias=token</arg>
<arg>url=/board/${userId}?token=${banana}</arg>
<arg>json=${body}</arg>
<arg>expected_status=any</arg>
<doc>Sends a PUT request on a previously created HTTP Session.</doc>
<status status="PASS" start="2025-04-17T18:12:21.645881" elapsed="0.067392"/>
</kw>
<kw name="Log" owner="BuiltIn">
<msg time="2025-04-17T18:12:21.715049" level="INFO">{'msg': 'Cadastro atualizado com sucesso.', 'updatedBoard': {'_id': '68016eb437601927a7d814a8', 'boardName': 'OPERAÇÕES ESPECIAIS VB', 'boardCode': '161', 'status': True, 'audit': [{'registeredBy': {'userId': '6748f6b142781ec0ce45f5e8', 'userLogin': 'sysadmin@qacoders.com'}, 'registrationDate': 'quinta-feira, 17/04/2025, 18:12:20 BRT', '_id': '68016eb437601927a7d814a9'}, {'updatedBy': {'userId': '6748f6b142781ec0ce45f5e8', 'userLogin': 'sysadmin@qacoders.com'}, 'updateDate': 'quinta-feira, 17/04/2025, 18:12:20 BRT', '_id': '68016eb437601927a7d814b1'}], '__v': 0}}</msg>
<arg>${EDITAR_DIRETORIA.json()}</arg>
<doc>Logs the given message with the given level.</doc>
<status status="PASS" start="2025-04-17T18:12:21.713809" elapsed="0.001407"/>
</kw>
<status status="PASS" start="2025-04-17T18:12:21.450041" elapsed="0.265349"/>
</kw>
<status status="PASS" start="2025-04-17T18:12:21.200149" elapsed="0.515609"/>
</test>
<status status="PASS" start="2025-04-17T18:12:17.236144" elapsed="4.480761"/>
</suite>
<statistics>
<total>
<stat pass="12" fail="0" skip="0">All Tests</stat>
</total>
<tag>
</tag>
<suite>
<stat name="Cenarios Diretoria" id="s1" pass="12" fail="0" skip="0">Cenarios Diretoria</stat>
</suite>
</statistics>
<errors>
</errors>
</robot>
